<?xml version="1.0" encoding="UTF-8"?>
<coverage generated="1731368787777" clover="3.2.0">
  <project timestamp="1731368787777" name="All files">
    <metrics statements="1020" coveredstatements="978" conditionals="574" coveredconditionals="550" methods="158" coveredmethods="139" elements="1752" coveredelements="1667" complexity="0" loc="1020" ncloc="1020" packages="15" files="52" classes="52"/>
    <package name="src">
      <metrics statements="23" coveredstatements="23" conditionals="7" coveredconditionals="6" methods="4" coveredmethods="3"/>
      <file name="server.ts" path="/home/manvinderjit/repos/2023-TOP-Project-Inventory-Application/src/server.ts">
        <metrics statements="23" coveredstatements="23" conditionals="7" coveredconditionals="6" methods="4" coveredmethods="3"/>
        <line num="16" count="5" type="cond" truecount="1" falsecount="1"/>
        <line num="17" count="5" type="stmt"/>
        <line num="19" count="5" type="stmt"/>
        <line num="20" count="5" type="stmt"/>
        <line num="22" count="5" type="stmt"/>
        <line num="23" count="5" type="stmt"/>
        <line num="25" count="5" type="stmt"/>
        <line num="27" count="5" type="stmt"/>
        <line num="42" count="5" type="stmt"/>
        <line num="43" count="5" type="stmt"/>
        <line num="44" count="5" type="stmt"/>
        <line num="47" count="5" type="stmt"/>
        <line num="48" count="4" type="stmt"/>
        <line num="49" count="4" type="cond" truecount="3" falsecount="0"/>
        <line num="50" count="1" type="stmt"/>
        <line num="52" count="4" type="stmt"/>
        <line num="55" count="5" type="stmt"/>
        <line num="57" count="5" type="stmt"/>
        <line num="59" count="5" type="stmt"/>
        <line num="61" count="5" type="stmt"/>
        <line num="63" count="5" type="stmt"/>
        <line num="64" count="3" type="stmt"/>
        <line num="67" count="5" type="cond" truecount="2" falsecount="0"/>
      </file>
    </package>
    <package name="src.api.api.middleware">
      <metrics statements="22" coveredstatements="22" conditionals="8" coveredconditionals="8" methods="2" coveredmethods="2"/>
      <file name="auth.api.middleware.ts" path="/home/manvinderjit/repos/2023-TOP-Project-Inventory-Application/src/api/api.middleware/auth.api.middleware.ts">
        <metrics statements="22" coveredstatements="22" conditionals="8" coveredconditionals="8" methods="2" coveredmethods="2"/>
        <line num="17" count="6" type="stmt"/>
        <line num="18" count="4" type="stmt"/>
        <line num="19" count="4" type="stmt"/>
        <line num="20" count="4" type="stmt"/>
        <line num="21" count="1" type="stmt"/>
        <line num="23" count="3" type="stmt"/>
        <line num="24" count="3" type="stmt"/>
        <line num="28" count="6" type="stmt"/>
        <line num="29" count="8" type="stmt"/>
        <line num="31" count="8" type="cond" truecount="2" falsecount="0"/>
        <line num="35" count="5" type="stmt"/>
        <line num="38" count="5" type="cond" truecount="2" falsecount="0"/>
        <line num="39" count="1" type="stmt"/>
        <line num="45" count="4" type="stmt"/>
        <line num="46" count="4" type="cond" truecount="2" falsecount="0"/>
        <line num="48" count="1" type="stmt"/>
        <line num="49" count="1" type="stmt"/>
        <line num="52" count="3" type="stmt"/>
        <line num="56" count="1" type="stmt"/>
        <line num="59" count="3" type="stmt"/>
        <line num="64" count="1" type="stmt"/>
        <line num="65" count="1" type="stmt"/>
      </file>
    </package>
    <package name="src.api.controllers">
      <metrics statements="131" coveredstatements="126" conditionals="105" coveredconditionals="105" methods="12" coveredmethods="12"/>
      <file name="image.api.controllers.ts" path="/home/manvinderjit/repos/2023-TOP-Project-Inventory-Application/src/api/controllers/image.api.controllers.ts">
        <metrics statements="12" coveredstatements="12" conditionals="6" coveredconditionals="6" methods="1" coveredmethods="1"/>
        <line num="5" count="6" type="stmt"/>
        <line num="7" count="6" type="stmt"/>
        <line num="12" count="5" type="stmt"/>
        <line num="13" count="5" type="cond" truecount="2" falsecount="0"/>
        <line num="17" count="2" type="stmt"/>
        <line num="19" count="3" type="stmt"/>
        <line num="21" count="3" type="stmt"/>
        <line num="22" count="2" type="stmt"/>
        <line num="23" count="2" type="cond" truecount="2" falsecount="0"/>
        <line num="24" count="2" type="stmt"/>
        <line num="27" count="1" type="stmt"/>
        <line num="28" count="1" type="stmt"/>
      </file>
      <file name="login.api.controllers.ts" path="/home/manvinderjit/repos/2023-TOP-Project-Inventory-Application/src/api/controllers/login.api.controllers.ts">
        <metrics statements="16" coveredstatements="14" conditionals="10" coveredconditionals="10" methods="2" coveredmethods="2"/>
        <line num="9" count="6" type="stmt"/>
        <line num="11" count="6" type="stmt"/>
        <line num="12" count="1" type="stmt"/>
        <line num="17" count="6" type="stmt"/>
        <line num="18" count="8" type="stmt"/>
        <line num="20" count="8" type="stmt"/>
        <line num="23" count="8" type="cond" truecount="4" falsecount="0"/>
        <line num="24" count="3" type="stmt"/>
        <line num="27" count="5" type="cond" truecount="2" falsecount="0"/>
        <line num="28" count="2" type="stmt"/>
        <line num="34" count="3" type="stmt"/>
        <line num="36" count="3" type="cond" truecount="4" falsecount="0"/>
        <line num="37" count="1" type="stmt"/>
        <line num="41" count="2" type="stmt"/>
        <line num="47" count="0" type="stmt"/>
        <line num="48" count="0" type="stmt"/>
      </file>
      <file name="orders.api.controllers.ts" path="/home/manvinderjit/repos/2023-TOP-Project-Inventory-Application/src/api/controllers/orders.api.controllers.ts">
        <metrics statements="47" coveredstatements="47" conditionals="43" coveredconditionals="43" methods="4" coveredmethods="4"/>
        <line num="7" count="6" type="stmt"/>
        <line num="8" count="6" type="stmt"/>
        <line num="9" count="6" type="stmt"/>
        <line num="10" count="6" type="stmt"/>
        <line num="12" count="6" type="cond" truecount="6" falsecount="0"/>
        <line num="19" count="6" type="cond" truecount="4" falsecount="0"/>
        <line num="20" count="3" type="stmt"/>
        <line num="22" count="3" type="cond" truecount="4" falsecount="0"/>
        <line num="23" count="1" type="stmt"/>
        <line num="27" count="2" type="stmt"/>
        <line num="28" count="2" type="stmt"/>
        <line num="34" count="3" type="stmt"/>
        <line num="39" count="1" type="stmt"/>
        <line num="40" count="1" type="stmt"/>
        <line num="44" count="6" type="stmt"/>
        <line num="45" count="11" type="stmt"/>
        <line num="46" count="11" type="stmt"/>
        <line num="47" count="11" type="stmt"/>
        <line num="49" count="11" type="cond" truecount="5" falsecount="0"/>
        <line num="50" count="3" type="stmt"/>
        <line num="55" count="8" type="cond" truecount="5" falsecount="0"/>
        <line num="56" count="4" type="stmt"/>
        <line num="60" count="4" type="stmt"/>
        <line num="61" count="4" type="cond" truecount="4" falsecount="0"/>
        <line num="62" count="1" type="stmt"/>
        <line num="67" count="3" type="stmt"/>
        <line num="73" count="1" type="stmt"/>
        <line num="74" count="1" type="stmt"/>
        <line num="78" count="6" type="stmt"/>
        <line num="79" count="18" type="stmt"/>
        <line num="80" count="18" type="stmt"/>
        <line num="81" count="18" type="stmt"/>
        <line num="84" count="18" type="cond" truecount="5" falsecount="0"/>
        <line num="85" count="4" type="stmt"/>
        <line num="90" count="14" type="cond" truecount="6" falsecount="0"/>
        <line num="91" count="4" type="stmt"/>
        <line num="96" count="10" type="stmt"/>
        <line num="99" count="24" type="stmt"/>
        <line num="109" count="10" type="stmt"/>
        <line num="111" count="10" type="cond" truecount="2" falsecount="0"/>
        <line num="113" count="4" type="stmt"/>
        <line num="114" count="3" type="cond" truecount="2" falsecount="0"/>
        <line num="115" count="1" type="stmt"/>
        <line num="120" count="2" type="stmt"/>
        <line num="127" count="6" type="stmt"/>
        <line num="134" count="1" type="stmt"/>
        <line num="135" count="1" type="stmt"/>
      </file>
      <file name="products.api.controllers.ts" path="/home/manvinderjit/repos/2023-TOP-Project-Inventory-Application/src/api/controllers/products.api.controllers.ts">
        <metrics statements="32" coveredstatements="31" conditionals="28" coveredconditionals="28" methods="3" coveredmethods="3"/>
        <line num="9" count="6" type="stmt"/>
        <line num="10" count="6" type="stmt"/>
        <line num="11" count="5" type="cond" truecount="1" falsecount="0"/>
        <line num="12" count="5" type="cond" truecount="4" falsecount="0"/>
        <line num="15" count="1" type="stmt"/>
        <line num="18" count="5" type="stmt"/>
        <line num="21" count="6" type="stmt"/>
        <line num="22" count="5" type="stmt"/>
        <line num="24" count="5" type="cond" truecount="1" falsecount="0"/>
        <line num="30" count="1" type="stmt"/>
        <line num="32" count="5" type="cond" truecount="3" falsecount="0"/>
        <line num="33" count="1" type="stmt"/>
        <line num="35" count="5" type="stmt"/>
        <line num="38" count="6" type="stmt"/>
        <line num="39" count="6" type="stmt"/>
        <line num="40" count="6" type="stmt"/>
        <line num="41" count="6" type="stmt"/>
        <line num="43" count="6" type="stmt"/>
        <line num="44" count="6" type="cond" truecount="2" falsecount="0"/>
        <line num="46" count="5" type="cond" truecount="3" falsecount="0"/>
        <line num="47" count="1" type="stmt"/>
        <line num="50" count="5" type="cond" truecount="1" falsecount="0"/>
        <line num="55" count="1" type="stmt"/>
        <line num="58" count="5" type="stmt"/>
        <line num="63" count="5" type="stmt"/>
        <line num="70" count="5" type="cond" truecount="4" falsecount="0"/>
        <line num="71" count="1" type="stmt"/>
        <line num="75" count="4" type="cond" truecount="3" falsecount="0"/>
        <line num="76" count="4" type="stmt"/>
        <line num="81" count="4" type="stmt"/>
        <line num="87" count="1" type="stmt"/>
        <line num="91" count="0" type="stmt"/>
      </file>
      <file name="promos.api.controllers.ts" path="/home/manvinderjit/repos/2023-TOP-Project-Inventory-Application/src/api/controllers/promos.api.controllers.ts">
        <metrics statements="8" coveredstatements="8" conditionals="4" coveredconditionals="4" methods="1" coveredmethods="1"/>
        <line num="4" count="5" type="stmt"/>
        <line num="5" count="3" type="stmt"/>
        <line num="6" count="3" type="stmt"/>
        <line num="8" count="2" type="cond" truecount="4" falsecount="0"/>
        <line num="9" count="1" type="stmt"/>
        <line num="13" count="1" type="stmt"/>
        <line num="18" count="1" type="stmt"/>
        <line num="21" count="1" type="stmt"/>
      </file>
      <file name="register.api.controllers.ts" path="/home/manvinderjit/repos/2023-TOP-Project-Inventory-Application/src/api/controllers/register.api.controllers.ts">
        <metrics statements="16" coveredstatements="14" conditionals="14" coveredconditionals="14" methods="1" coveredmethods="1"/>
        <line num="5" count="6" type="stmt"/>
        <line num="6" count="11" type="stmt"/>
        <line num="8" count="11" type="stmt"/>
        <line num="11" count="11" type="cond" truecount="4" falsecount="0"/>
        <line num="12" count="3" type="stmt"/>
        <line num="15" count="8" type="cond" truecount="4" falsecount="0"/>
        <line num="16" count="5" type="stmt"/>
        <line num="22" count="3" type="stmt"/>
        <line num="23" count="3" type="cond" truecount="2" falsecount="0"/>
        <line num="24" count="1" type="stmt"/>
        <line num="28" count="2" type="stmt"/>
        <line num="29" count="2" type="cond" truecount="4" falsecount="0"/>
        <line num="30" count="1" type="stmt"/>
        <line num="34" count="1" type="stmt"/>
        <line num="41" count="0" type="stmt"/>
        <line num="42" count="0" type="stmt"/>
      </file>
    </package>
    <package name="src.api.helpers">
      <metrics statements="43" coveredstatements="43" conditionals="14" coveredconditionals="14" methods="12" coveredmethods="12"/>
      <file name="orders.api.helpers.ts" path="/home/manvinderjit/repos/2023-TOP-Project-Inventory-Application/src/api/helpers/orders.api.helpers.ts">
        <metrics statements="43" coveredstatements="43" conditionals="14" coveredconditionals="14" methods="12" coveredmethods="12"/>
        <line num="14" count="6" type="stmt"/>
        <line num="15" count="10" type="stmt"/>
        <line num="22" count="10" type="stmt"/>
        <line num="23" count="24" type="cond" truecount="1" falsecount="0"/>
        <line num="28" count="3" type="stmt"/>
        <line num="32" count="10" type="stmt"/>
        <line num="36" count="6" type="stmt"/>
        <line num="40" count="10" type="stmt"/>
        <line num="41" count="44" type="stmt"/>
        <line num="45" count="6" type="stmt"/>
        <line num="49" count="10" type="stmt"/>
        <line num="50" count="10" type="stmt"/>
        <line num="51" count="23" type="stmt"/>
        <line num="52" count="44" type="cond" truecount="1" falsecount="0"/>
        <line num="56" count="1" type="stmt"/>
        <line num="58" count="44" type="stmt"/>
        <line num="64" count="10" type="stmt"/>
        <line num="68" count="6" type="stmt"/>
        <line num="69" count="5" type="stmt"/>
        <line num="70" count="5" type="stmt"/>
        <line num="74" count="15" type="stmt"/>
        <line num="77" count="5" type="stmt"/>
        <line num="81" count="6" type="stmt"/>
        <line num="85" count="10" type="stmt"/>
        <line num="88" count="10" type="stmt"/>
        <line num="89" count="10" type="stmt"/>
        <line num="90" count="10" type="stmt"/>
        <line num="91" count="24" type="stmt"/>
        <line num="92" count="24" type="stmt"/>
        <line num="96" count="10" type="stmt"/>
        <line num="99" count="10" type="stmt"/>
        <line num="105" count="10" type="stmt"/>
        <line num="108" count="10" type="cond" truecount="5" falsecount="0"/>
        <line num="110" count="1" type="stmt"/>
        <line num="111" count="1" type="stmt"/>
        <line num="114" count="3" type="stmt"/>
        <line num="115" count="3" type="stmt"/>
        <line num="118" count="1" type="stmt"/>
        <line num="119" count="1" type="stmt"/>
        <line num="122" count="1" type="stmt"/>
        <line num="123" count="1" type="stmt"/>
        <line num="126" count="4" type="stmt"/>
        <line num="129" count="10" type="stmt"/>
      </file>
    </package>
    <package name="src.api.routers">
      <metrics statements="20" coveredstatements="20" conditionals="0" coveredconditionals="0" methods="0" coveredmethods="0"/>
      <file name="index.api.router.ts" path="/home/manvinderjit/repos/2023-TOP-Project-Inventory-Application/src/api/routers/index.api.router.ts">
        <metrics statements="6" coveredstatements="6" conditionals="0" coveredconditionals="0" methods="0" coveredmethods="0"/>
        <line num="9" count="5" type="stmt"/>
        <line num="11" count="5" type="stmt"/>
        <line num="13" count="5" type="stmt"/>
        <line num="15" count="5" type="stmt"/>
        <line num="17" count="5" type="stmt"/>
        <line num="19" count="5" type="stmt"/>
      </file>
      <file name="login.api.router.ts" path="/home/manvinderjit/repos/2023-TOP-Project-Inventory-Application/src/api/routers/login.api.router.ts">
        <metrics statements="2" coveredstatements="2" conditionals="0" coveredconditionals="0" methods="0" coveredmethods="0"/>
        <line num="4" count="5" type="stmt"/>
        <line num="6" count="5" type="stmt"/>
      </file>
      <file name="orders.api.router.ts" path="/home/manvinderjit/repos/2023-TOP-Project-Inventory-Application/src/api/routers/orders.api.router.ts">
        <metrics statements="4" coveredstatements="4" conditionals="0" coveredconditionals="0" methods="0" coveredmethods="0"/>
        <line num="5" count="5" type="stmt"/>
        <line num="7" count="5" type="stmt"/>
        <line num="9" count="5" type="stmt"/>
        <line num="11" count="5" type="stmt"/>
      </file>
      <file name="products.api.router.ts" path="/home/manvinderjit/repos/2023-TOP-Project-Inventory-Application/src/api/routers/products.api.router.ts">
        <metrics statements="3" coveredstatements="3" conditionals="0" coveredconditionals="0" methods="0" coveredmethods="0"/>
        <line num="5" count="5" type="stmt"/>
        <line num="7" count="5" type="stmt"/>
        <line num="9" count="5" type="stmt"/>
      </file>
      <file name="promos.api.router.ts" path="/home/manvinderjit/repos/2023-TOP-Project-Inventory-Application/src/api/routers/promos.api.router.ts">
        <metrics statements="3" coveredstatements="3" conditionals="0" coveredconditionals="0" methods="0" coveredmethods="0"/>
        <line num="5" count="5" type="stmt"/>
        <line num="7" count="5" type="stmt"/>
        <line num="9" count="5" type="stmt"/>
      </file>
      <file name="register.api.router.ts" path="/home/manvinderjit/repos/2023-TOP-Project-Inventory-Application/src/api/routers/register.api.router.ts">
        <metrics statements="2" coveredstatements="2" conditionals="0" coveredconditionals="0" methods="0" coveredmethods="0"/>
        <line num="4" count="5" type="stmt"/>
        <line num="6" count="5" type="stmt"/>
      </file>
    </package>
    <package name="src.api.services">
      <metrics statements="46" coveredstatements="44" conditionals="7" coveredconditionals="0" methods="11" coveredmethods="11"/>
      <file name="auth.api.services.ts" path="/home/manvinderjit/repos/2023-TOP-Project-Inventory-Application/src/api/services/auth.api.services.ts">
        <metrics statements="7" coveredstatements="7" conditionals="0" coveredconditionals="0" methods="2" coveredmethods="2"/>
        <line num="4" count="7" type="stmt"/>
        <line num="5" count="6" type="stmt"/>
        <line num="6" count="6" type="stmt"/>
        <line num="9" count="7" type="stmt"/>
        <line num="11" count="2" type="stmt"/>
        <line num="13" count="2" type="stmt"/>
        <line num="14" count="2" type="stmt"/>
      </file>
      <file name="orders.api.services.ts" path="/home/manvinderjit/repos/2023-TOP-Project-Inventory-Application/src/api/services/orders.api.services.ts">
        <metrics statements="30" coveredstatements="28" conditionals="4" coveredconditionals="0" methods="6" coveredmethods="6"/>
        <line num="6" count="6" type="cond" truecount="0" falsecount="1"/>
        <line num="7" count="2" type="stmt"/>
        <line num="8" count="2" type="stmt"/>
        <line num="14" count="6" type="cond" truecount="0" falsecount="2"/>
        <line num="16" count="3" type="stmt"/>
        <line num="26" count="3" type="stmt"/>
        <line num="30" count="6" type="stmt"/>
        <line num="31" count="4" type="stmt"/>
        <line num="33" count="4" type="stmt"/>
        <line num="38" count="4" type="stmt"/>
        <line num="42" count="6" type="stmt"/>
        <line num="43" count="10" type="stmt"/>
        <line num="51" count="10" type="stmt"/>
        <line num="55" count="6" type="stmt"/>
        <line num="64" count="4" type="stmt"/>
        <line num="65" count="12" type="stmt"/>
        <line num="73" count="4" type="stmt"/>
        <line num="74" count="3" type="stmt"/>
        <line num="75" count="3" type="stmt"/>
        <line num="76" count="3" type="stmt"/>
        <line num="91" count="1" type="stmt"/>
        <line num="92" count="1" type="cond" truecount="0" falsecount="1"/>
        <line num="93" count="0" type="stmt"/>
        <line num="94" count="0" type="stmt"/>
        <line num="97" count="1" type="stmt"/>
        <line num="98" count="1" type="stmt"/>
        <line num="100" count="2" type="stmt"/>
        <line num="101" count="2" type="stmt"/>
        <line num="102" count="2" type="stmt"/>
        <line num="104" count="3" type="stmt"/>
      </file>
      <file name="products.api.services.ts" path="/home/manvinderjit/repos/2023-TOP-Project-Inventory-Application/src/api/services/products.api.services.ts">
        <metrics statements="6" coveredstatements="6" conditionals="3" coveredconditionals="0" methods="2" coveredmethods="2"/>
        <line num="4" count="6" type="cond" truecount="0" falsecount="1"/>
        <line num="5" count="4" type="stmt"/>
        <line num="6" count="4" type="stmt"/>
        <line num="11" count="6" type="stmt"/>
        <line num="16" count="5" type="stmt"/>
        <line num="30" count="5" type="stmt"/>
      </file>
      <file name="promos.api.services.ts" path="/home/manvinderjit/repos/2023-TOP-Project-Inventory-Application/src/api/services/promos.api.services.ts">
        <metrics statements="3" coveredstatements="3" conditionals="0" coveredconditionals="0" methods="1" coveredmethods="1"/>
        <line num="3" count="5" type="stmt"/>
        <line num="4" count="3" type="stmt"/>
        <line num="12" count="2" type="stmt"/>
      </file>
    </package>
    <package name="src.app.controllers">
      <metrics statements="439" coveredstatements="429" conditionals="357" coveredconditionals="343" methods="50" coveredmethods="50"/>
      <file name="auth.app.controllers.ts" path="/home/manvinderjit/repos/2023-TOP-Project-Inventory-Application/src/app/controllers/auth.app.controllers.ts">
        <metrics statements="35" coveredstatements="34" conditionals="26" coveredconditionals="26" methods="5" coveredmethods="5"/>
        <line num="6" count="5" type="stmt"/>
        <line num="7" count="1" type="stmt"/>
        <line num="14" count="5" type="stmt"/>
        <line num="15" count="3" type="stmt"/>
        <line num="17" count="3" type="stmt"/>
        <line num="19" count="3" type="cond" truecount="4" falsecount="0"/>
        <line num="20" count="2" type="stmt"/>
        <line num="21" count="2" type="stmt"/>
        <line num="23" count="2" type="stmt"/>
        <line num="26" count="1" type="cond" truecount="1" falsecount="0"/>
        <line num="27" count="1" type="stmt"/>
        <line num="35" count="5" type="stmt"/>
        <line num="36" count="1" type="stmt"/>
        <line num="43" count="5" type="stmt"/>
        <line num="44" count="12" type="stmt"/>
        <line num="45" count="12" type="cond" truecount="5" falsecount="0"/>
        <line num="46" count="4" type="stmt"/>
        <line num="48" count="8" type="cond" truecount="2" falsecount="0"/>
        <line num="53" count="3" type="stmt"/>
        <line num="55" count="5" type="cond" truecount="1" falsecount="0"/>
        <line num="56" count="1" type="stmt"/>
        <line num="58" count="12" type="stmt"/>
        <line num="61" count="5" type="stmt"/>
        <line num="65" count="12" type="stmt"/>
        <line num="66" count="12" type="stmt"/>
        <line num="69" count="12" type="stmt"/>
        <line num="72" count="12" type="cond" truecount="2" falsecount="0"/>
        <line num="73" count="8" type="stmt"/>
        <line num="80" count="4" type="cond" truecount="1" falsecount="0"/>
        <line num="83" count="4" type="stmt"/>
        <line num="85" count="4" type="cond" truecount="4" falsecount="0"/>
        <line num="86" count="3" type="stmt"/>
        <line num="91" count="1" type="cond" truecount="3" falsecount="0"/>
        <line num="92" count="1" type="stmt"/>
        <line num="101" count="0" type="stmt"/>
      </file>
      <file name="category.app.controllers.ts" path="/home/manvinderjit/repos/2023-TOP-Project-Inventory-Application/src/app/controllers/category.app.controllers.ts">
        <metrics statements="87" coveredstatements="86" conditionals="88" coveredconditionals="83" methods="8" coveredmethods="8"/>
        <line num="14" count="5" type="stmt"/>
        <line num="15" count="3" type="stmt"/>
        <line num="16" count="3" type="stmt"/>
        <line num="17" count="2" type="stmt"/>
        <line num="23" count="1" type="stmt"/>
        <line num="31" count="5" type="stmt"/>
        <line num="32" count="5" type="stmt"/>
        <line num="33" count="5" type="stmt"/>
        <line num="36" count="5" type="cond" truecount="4" falsecount="0"/>
        <line num="37" count="2" type="stmt"/>
        <line num="41" count="3" type="stmt"/>
        <line num="43" count="2" type="cond" truecount="4" falsecount="0"/>
        <line num="44" count="1" type="stmt"/>
        <line num="47" count="1" type="cond" truecount="3" falsecount="0"/>
        <line num="48" count="1" type="stmt"/>
        <line num="58" count="4" type="cond" truecount="1" falsecount="0"/>
        <line num="59" count="3" type="stmt"/>
        <line num="67" count="1" type="stmt"/>
        <line num="68" count="1" type="stmt"/>
        <line num="76" count="5" type="stmt"/>
        <line num="77" count="2" type="stmt"/>
        <line num="78" count="2" type="stmt"/>
        <line num="85" count="1" type="stmt"/>
        <line num="86" count="1" type="stmt"/>
        <line num="96" count="5" type="stmt"/>
        <line num="97" count="6" type="stmt"/>
        <line num="98" count="6" type="stmt"/>
        <line num="100" count="6" type="cond" truecount="3" falsecount="0"/>
        <line num="102" count="2" type="stmt"/>
        <line num="105" count="4" type="stmt"/>
        <line num="106" count="4" type="stmt"/>
        <line num="110" count="4" type="cond" truecount="3" falsecount="0"/>
        <line num="112" count="2" type="stmt"/>
        <line num="115" count="2" type="cond" truecount="4" falsecount="1"/>
        <line num="116" count="2" type="stmt"/>
        <line num="117" count="2" type="cond" truecount="2" falsecount="0"/>
        <line num="118" count="1" type="stmt"/>
        <line num="126" count="1" type="stmt"/>
        <line num="129" count="0" type="stmt"/>
        <line num="133" count="5" type="stmt"/>
        <line num="134" count="5" type="stmt"/>
        <line num="145" count="5" type="stmt"/>
        <line num="146" count="5" type="stmt"/>
        <line num="148" count="5" type="cond" truecount="6" falsecount="0"/>
        <line num="149" count="3" type="stmt"/>
        <line num="151" count="2" type="stmt"/>
        <line num="152" count="2" type="cond" truecount="2" falsecount="0"/>
        <line num="157" count="1" type="stmt"/>
        <line num="165" count="1" type="stmt"/>
        <line num="169" count="4" type="stmt"/>
        <line num="170" count="4" type="stmt"/>
        <line num="181" count="5" type="stmt"/>
        <line num="182" count="10" type="stmt"/>
        <line num="184" count="10" type="cond" truecount="6" falsecount="0"/>
        <line num="185" count="2" type="stmt"/>
        <line num="188" count="8" type="cond" truecount="4" falsecount="0"/>
        <line num="189" count="2" type="stmt"/>
        <line num="193" count="6" type="stmt"/>
        <line num="194" count="6" type="stmt"/>
        <line num="198" count="6" type="cond" truecount="4" falsecount="0"/>
        <line num="199" count="2" type="stmt"/>
        <line num="204" count="2" type="stmt"/>
        <line num="205" count="2" type="cond" truecount="4" falsecount="0"/>
        <line num="206" count="1" type="stmt"/>
        <line num="208" count="1" type="stmt"/>
        <line num="211" count="4" type="stmt"/>
        <line num="215" count="9" type="stmt"/>
        <line num="216" count="9" type="stmt"/>
        <line num="227" count="5" type="stmt"/>
        <line num="228" count="4" type="stmt"/>
        <line num="230" count="4" type="cond" truecount="6" falsecount="0"/>
        <line num="231" count="2" type="stmt"/>
        <line num="234" count="2" type="stmt"/>
        <line num="236" count="2" type="cond" truecount="2" falsecount="0"/>
        <line num="241" count="1" type="stmt"/>
        <line num="252" count="1" type="stmt"/>
        <line num="256" count="3" type="stmt"/>
        <line num="258" count="3" type="stmt"/>
        <line num="270" count="5" type="stmt"/>
        <line num="271" count="5" type="stmt"/>
        <line num="273" count="5" type="cond" truecount="6" falsecount="0"/>
        <line num="274" count="2" type="stmt"/>
        <line num="277" count="3" type="stmt"/>
        <line num="279" count="3" type="cond" truecount="4" falsecount="0"/>
        <line num="281" count="2" type="cond" truecount="3" falsecount="2"/>
        <line num="284" count="4" type="stmt"/>
        <line num="286" count="4" type="stmt"/>
      </file>
      <file name="guide.app.controllers.ts" path="/home/manvinderjit/repos/2023-TOP-Project-Inventory-Application/src/app/controllers/guide.app.controllers.ts">
        <metrics statements="3" coveredstatements="3" conditionals="4" coveredconditionals="4" methods="1" coveredmethods="1"/>
        <line num="2" count="6" type="stmt"/>
        <line num="4" count="2" type="cond" truecount="4" falsecount="0"/>
        <line num="16" count="2" type="stmt"/>
      </file>
      <file name="index.app.controllers.ts" path="/home/manvinderjit/repos/2023-TOP-Project-Inventory-Application/src/app/controllers/index.app.controllers.ts">
        <metrics statements="2" coveredstatements="2" conditionals="0" coveredconditionals="0" methods="1" coveredmethods="1"/>
        <line num="3" count="6" type="stmt"/>
        <line num="4" count="1" type="stmt"/>
      </file>
      <file name="orders.app.controller.ts" path="/home/manvinderjit/repos/2023-TOP-Project-Inventory-Application/src/app/controllers/orders.app.controller.ts">
        <metrics statements="44" coveredstatements="44" conditionals="43" coveredconditionals="43" methods="5" coveredmethods="5"/>
        <line num="5" count="6" type="stmt"/>
        <line num="15" count="6" type="stmt"/>
        <line num="16" count="6" type="stmt"/>
        <line num="18" count="6" type="stmt"/>
        <line num="20" count="6" type="cond" truecount="2" falsecount="0"/>
        <line num="29" count="2" type="stmt"/>
        <line num="30" count="4" type="cond" truecount="1" falsecount="0"/>
        <line num="37" count="1" type="stmt"/>
        <line num="38" count="7" type="stmt"/>
        <line num="43" count="4" type="stmt"/>
        <line num="46" count="4" type="cond" truecount="4" falsecount="0"/>
        <line num="47" count="2" type="stmt"/>
        <line num="56" count="2" type="stmt"/>
        <line num="59" count="4" type="stmt"/>
        <line num="60" count="4" type="stmt"/>
        <line num="70" count="6" type="stmt"/>
        <line num="71" count="5" type="stmt"/>
        <line num="73" count="5" type="cond" truecount="4" falsecount="0"/>
        <line num="74" count="2" type="stmt"/>
        <line num="76" count="3" type="stmt"/>
        <line num="79" count="3" type="stmt"/>
        <line num="81" count="3" type="cond" truecount="4" falsecount="0"/>
        <line num="82" count="1" type="stmt"/>
        <line num="90" count="2" type="stmt"/>
        <line num="93" count="4" type="stmt"/>
        <line num="94" count="4" type="stmt"/>
        <line num="103" count="6" type="stmt"/>
        <line num="104" count="9" type="stmt"/>
        <line num="106" count="9" type="cond" truecount="4" falsecount="0"/>
        <line num="107" count="2" type="stmt"/>
        <line num="109" count="7" type="cond" truecount="2" falsecount="0"/>
        <line num="115" count="28" type="stmt"/>
        <line num="118" count="4" type="stmt"/>
        <line num="119" count="4" type="stmt"/>
        <line num="121" count="4" type="stmt"/>
        <line num="123" count="4" type="cond" truecount="3" falsecount="0"/>
        <line num="125" count="4" type="stmt"/>
        <line num="134" count="3" type="stmt"/>
        <line num="135" count="3" type="stmt"/>
        <line num="139" count="3" type="cond" truecount="4" falsecount="0"/>
        <line num="140" count="1" type="stmt"/>
        <line num="141" count="2" type="stmt"/>
        <line num="144" count="4" type="stmt"/>
        <line num="145" count="4" type="stmt"/>
      </file>
      <file name="products.app.controllers.ts" path="/home/manvinderjit/repos/2023-TOP-Project-Inventory-Application/src/app/controllers/products.app.controllers.ts">
        <metrics statements="130" coveredstatements="126" conditionals="86" coveredconditionals="82" methods="14" coveredmethods="14"/>
        <line num="11" count="6" type="stmt"/>
        <line num="17" count="6" type="stmt"/>
        <line num="18" count="5" type="stmt"/>
        <line num="20" count="5" type="stmt"/>
        <line num="23" count="5" type="cond" truecount="3" falsecount="0"/>
        <line num="26" count="4" type="stmt"/>
        <line num="28" count="4" type="cond" truecount="4" falsecount="0"/>
        <line num="29" count="2" type="stmt"/>
        <line num="37" count="2" type="stmt"/>
        <line num="40" count="3" type="stmt"/>
        <line num="41" count="3" type="stmt"/>
        <line num="50" count="6" type="stmt"/>
        <line num="51" count="4" type="stmt"/>
        <line num="53" count="4" type="cond" truecount="4" falsecount="0"/>
        <line num="54" count="2" type="stmt"/>
        <line num="57" count="2" type="stmt"/>
        <line num="59" count="2" type="cond" truecount="4" falsecount="0"/>
        <line num="60" count="1" type="stmt"/>
        <line num="67" count="1" type="stmt"/>
        <line num="71" count="3" type="stmt"/>
        <line num="79" count="6" type="stmt"/>
        <line num="81" count="2" type="stmt"/>
        <line num="83" count="2" type="stmt"/>
        <line num="84" count="2" type="stmt"/>
        <line num="95" count="1" type="stmt"/>
        <line num="96" count="1" type="stmt"/>
        <line num="110" count="6" type="stmt"/>
        <line num="112" count="6" type="stmt"/>
        <line num="114" count="6" type="stmt"/>
        <line num="121" count="6" type="stmt"/>
        <line num="123" count="6" type="stmt"/>
        <line num="156" count="6" type="stmt"/>
        <line num="158" count="6" type="cond" truecount="3" falsecount="0"/>
        <line num="159" count="1" type="stmt"/>
        <line num="162" count="5" type="stmt"/>
        <line num="168" count="5" type="cond" truecount="2" falsecount="0"/>
        <line num="169" count="2" type="stmt"/>
        <line num="170" count="3" type="cond" truecount="1" falsecount="0"/>
        <line num="173" count="3" type="stmt"/>
        <line num="176" count="3" type="stmt"/>
        <line num="182" count="3" type="stmt"/>
        <line num="183" count="3" type="stmt"/>
        <line num="185" count="3" type="stmt"/>
        <line num="187" count="2" type="cond" truecount="1" falsecount="1"/>
        <line num="189" count="2" type="stmt"/>
        <line num="190" count="2" type="cond" truecount="4" falsecount="0"/>
        <line num="192" count="1" type="stmt"/>
        <line num="206" count="1" type="stmt"/>
        <line num="209" count="1" type="cond" truecount="1" falsecount="1"/>
        <line num="210" count="1" type="stmt"/>
        <line num="212" count="0" type="stmt"/>
        <line num="218" count="1" type="stmt"/>
        <line num="221" count="0" type="stmt"/>
        <line num="227" count="2" type="cond" truecount="1" falsecount="0"/>
        <line num="229" count="5" type="stmt"/>
        <line num="243" count="6" type="stmt"/>
        <line num="245" count="4" type="stmt"/>
        <line num="247" count="4" type="stmt"/>
        <line num="249" count="4" type="cond" truecount="4" falsecount="0"/>
        <line num="251" count="2" type="stmt"/>
        <line num="254" count="2" type="stmt"/>
        <line num="256" count="2" type="cond" truecount="4" falsecount="0"/>
        <line num="257" count="1" type="stmt"/>
        <line num="272" count="1" type="stmt"/>
        <line num="277" count="3" type="stmt"/>
        <line num="278" count="3" type="stmt"/>
        <line num="288" count="6" type="stmt"/>
        <line num="290" count="7" type="stmt"/>
        <line num="292" count="7" type="stmt"/>
        <line num="294" count="7" type="cond" truecount="4" falsecount="0"/>
        <line num="296" count="2" type="stmt"/>
        <line num="298" count="5" type="stmt"/>
        <line num="332" count="5" type="stmt"/>
        <line num="338" count="5" type="cond" truecount="2" falsecount="0"/>
        <line num="339" count="1" type="stmt"/>
        <line num="341" count="4" type="cond" truecount="1" falsecount="0"/>
        <line num="342" count="4" type="stmt"/>
        <line num="351" count="4" type="stmt"/>
        <line num="353" count="4" type="cond" truecount="4" falsecount="0"/>
        <line num="355" count="3" type="stmt"/>
        <line num="361" count="6" type="stmt"/>
        <line num="362" count="6" type="stmt"/>
        <line num="372" count="6" type="stmt"/>
        <line num="373" count="5" type="stmt"/>
        <line num="374" count="5" type="cond" truecount="4" falsecount="0"/>
        <line num="376" count="2" type="stmt"/>
        <line num="379" count="3" type="stmt"/>
        <line num="383" count="3" type="cond" truecount="4" falsecount="0"/>
        <line num="384" count="1" type="stmt"/>
        <line num="395" count="2" type="stmt"/>
        <line num="398" count="4" type="stmt"/>
        <line num="406" count="6" type="stmt"/>
        <line num="407" count="7" type="stmt"/>
        <line num="408" count="7" type="cond" truecount="4" falsecount="0"/>
        <line num="410" count="3" type="stmt"/>
        <line num="413" count="4" type="cond" truecount="4" falsecount="0"/>
        <line num="414" count="1" type="stmt"/>
        <line num="420" count="3" type="stmt"/>
        <line num="421" count="3" type="stmt"/>
        <line num="423" count="3" type="stmt"/>
        <line num="425" count="3" type="cond" truecount="1" falsecount="0"/>
        <line num="427" count="2" type="stmt"/>
        <line num="433" count="1" type="cond" truecount="1" falsecount="1"/>
        <line num="434" count="1" type="stmt"/>
        <line num="436" count="0" type="stmt"/>
        <line num="442" count="6" type="stmt"/>
        <line num="455" count="6" type="stmt"/>
        <line num="456" count="5" type="stmt"/>
        <line num="458" count="5" type="cond" truecount="4" falsecount="0"/>
        <line num="460" count="2" type="stmt"/>
        <line num="463" count="3" type="stmt"/>
        <line num="467" count="3" type="cond" truecount="2" falsecount="0"/>
        <line num="471" count="1" type="stmt"/>
        <line num="476" count="2" type="stmt"/>
        <line num="479" count="4" type="stmt"/>
        <line num="480" count="4" type="stmt"/>
        <line num="489" count="6" type="stmt"/>
        <line num="490" count="5" type="stmt"/>
        <line num="492" count="5" type="cond" truecount="4" falsecount="0"/>
        <line num="494" count="2" type="stmt"/>
        <line num="496" count="3" type="stmt"/>
        <line num="497" count="3" type="cond" truecount="4" falsecount="0"/>
        <line num="499" count="1" type="stmt"/>
        <line num="502" count="1" type="cond" truecount="1" falsecount="1"/>
        <line num="503" count="1" type="stmt"/>
        <line num="505" count="0" type="stmt"/>
        <line num="511" count="1" type="stmt"/>
        <line num="513" count="2" type="stmt"/>
        <line num="516" count="4" type="stmt"/>
        <line num="517" count="4" type="stmt"/>
      </file>
      <file name="promos.app.controllers.ts" path="/home/manvinderjit/repos/2023-TOP-Project-Inventory-Application/src/app/controllers/promos.app.controllers.ts">
        <metrics statements="138" coveredstatements="134" conditionals="110" coveredconditionals="105" methods="16" coveredmethods="16"/>
        <line num="12" count="6" type="stmt"/>
        <line num="13" count="7" type="stmt"/>
        <line num="15" count="6" type="stmt"/>
        <line num="16" count="7" type="stmt"/>
        <line num="18" count="6" type="stmt"/>
        <line num="28" count="6" type="stmt"/>
        <line num="29" count="4" type="stmt"/>
        <line num="31" count="4" type="stmt"/>
        <line num="33" count="4" type="cond" truecount="4" falsecount="0"/>
        <line num="35" count="2" type="stmt"/>
        <line num="43" count="2" type="stmt"/>
        <line num="46" count="2" type="stmt"/>
        <line num="47" count="2" type="stmt"/>
        <line num="56" count="6" type="stmt"/>
        <line num="57" count="4" type="stmt"/>
        <line num="59" count="4" type="cond" truecount="4" falsecount="0"/>
        <line num="61" count="2" type="stmt"/>
        <line num="64" count="2" type="stmt"/>
        <line num="66" count="2" type="cond" truecount="5" falsecount="0"/>
        <line num="67" count="1" type="stmt"/>
        <line num="73" count="1" type="stmt"/>
        <line num="76" count="3" type="stmt"/>
        <line num="77" count="3" type="stmt"/>
        <line num="85" count="6" type="stmt"/>
        <line num="86" count="2" type="stmt"/>
        <line num="87" count="2" type="stmt"/>
        <line num="97" count="1" type="stmt"/>
        <line num="98" count="1" type="stmt"/>
        <line num="108" count="6" type="stmt"/>
        <line num="112" count="6" type="stmt"/>
        <line num="117" count="6" type="stmt"/>
        <line num="119" count="6" type="stmt"/>
        <line num="129" count="6" type="stmt"/>
        <line num="131" count="6" type="cond" truecount="3" falsecount="0"/>
        <line num="133" count="5" type="stmt"/>
        <line num="138" count="5" type="cond" truecount="1" falsecount="0"/>
        <line num="140" count="4" type="stmt"/>
        <line num="143" count="4" type="cond" truecount="2" falsecount="0"/>
        <line num="145" count="3" type="cond" truecount="3" falsecount="0"/>
        <line num="148" count="3" type="stmt"/>
        <line num="151" count="3" type="stmt"/>
        <line num="157" count="3" type="stmt"/>
        <line num="158" count="3" type="stmt"/>
        <line num="161" count="3" type="stmt"/>
        <line num="163" count="2" type="cond" truecount="1" falsecount="1"/>
        <line num="165" count="2" type="stmt"/>
        <line num="166" count="2" type="cond" truecount="4" falsecount="0"/>
        <line num="168" count="1" type="stmt"/>
        <line num="183" count="1" type="stmt"/>
        <line num="186" count="1" type="cond" truecount="1" falsecount="1"/>
        <line num="187" count="0" type="stmt"/>
        <line num="189" count="1" type="stmt"/>
        <line num="195" count="1" type="stmt"/>
        <line num="198" count="0" type="stmt"/>
        <line num="203" count="2" type="cond" truecount="1" falsecount="0"/>
        <line num="206" count="5" type="stmt"/>
        <line num="207" count="5" type="stmt"/>
        <line num="224" count="6" type="stmt"/>
        <line num="225" count="4" type="stmt"/>
        <line num="227" count="4" type="cond" truecount="4" falsecount="0"/>
        <line num="229" count="2" type="stmt"/>
        <line num="232" count="2" type="stmt"/>
        <line num="233" count="2" type="cond" truecount="2" falsecount="0"/>
        <line num="238" count="1" type="stmt"/>
        <line num="245" count="1" type="stmt"/>
        <line num="249" count="3" type="stmt"/>
        <line num="250" count="3" type="stmt"/>
        <line num="258" count="6" type="stmt"/>
        <line num="259" count="6" type="stmt"/>
        <line num="261" count="6" type="stmt"/>
        <line num="272" count="6" type="cond" truecount="6" falsecount="0"/>
        <line num="274" count="2" type="stmt"/>
        <line num="277" count="4" type="stmt"/>
        <line num="282" count="4" type="cond" truecount="1" falsecount="0"/>
        <line num="285" count="3" type="stmt"/>
        <line num="288" count="3" type="cond" truecount="2" falsecount="0"/>
        <line num="291" count="2" type="cond" truecount="3" falsecount="0"/>
        <line num="292" count="2" type="stmt"/>
        <line num="293" count="2" type="stmt"/>
        <line num="294" count="2" type="cond" truecount="4" falsecount="0"/>
        <line num="295" count="1" type="stmt"/>
        <line num="296" count="1" type="stmt"/>
        <line num="298" count="1" type="stmt"/>
        <line num="303" count="5" type="stmt"/>
        <line num="304" count="5" type="cond" truecount="6" falsecount="0"/>
        <line num="306" count="3" type="stmt"/>
        <line num="320" count="3" type="stmt"/>
        <line num="329" count="2" type="stmt"/>
        <line num="338" count="6" type="stmt"/>
        <line num="339" count="4" type="stmt"/>
        <line num="341" count="4" type="cond" truecount="4" falsecount="0"/>
        <line num="343" count="2" type="stmt"/>
        <line num="346" count="2" type="stmt"/>
        <line num="348" count="2" type="cond" truecount="5" falsecount="0"/>
        <line num="349" count="1" type="stmt"/>
        <line num="355" count="1" type="stmt"/>
        <line num="358" count="3" type="stmt"/>
        <line num="360" count="3" type="stmt"/>
        <line num="368" count="6" type="stmt"/>
        <line num="369" count="3" type="stmt"/>
        <line num="371" count="3" type="cond" truecount="4" falsecount="0"/>
        <line num="373" count="1" type="stmt"/>
        <line num="376" count="2" type="stmt"/>
        <line num="377" count="2" type="cond" truecount="4" falsecount="0"/>
        <line num="379" count="1" type="stmt"/>
        <line num="382" count="1" type="cond" truecount="1" falsecount="1"/>
        <line num="383" count="1" type="stmt"/>
        <line num="384" count="1" type="stmt"/>
        <line num="386" count="0" type="stmt"/>
        <line num="392" count="1" type="stmt"/>
        <line num="395" count="2" type="stmt"/>
        <line num="397" count="2" type="stmt"/>
        <line num="405" count="6" type="stmt"/>
        <line num="406" count="4" type="stmt"/>
        <line num="408" count="4" type="cond" truecount="4" falsecount="0"/>
        <line num="410" count="2" type="stmt"/>
        <line num="413" count="2" type="stmt"/>
        <line num="415" count="2" type="cond" truecount="2" falsecount="0"/>
        <line num="420" count="1" type="stmt"/>
        <line num="431" count="1" type="stmt"/>
        <line num="434" count="3" type="stmt"/>
        <line num="442" count="6" type="stmt"/>
        <line num="443" count="6" type="stmt"/>
        <line num="445" count="6" type="cond" truecount="4" falsecount="0"/>
        <line num="447" count="2" type="stmt"/>
        <line num="450" count="4" type="cond" truecount="4" falsecount="0"/>
        <line num="452" count="1" type="stmt"/>
        <line num="454" count="1" type="cond" truecount="1" falsecount="0"/>
        <line num="459" count="1" type="stmt"/>
        <line num="481" count="3" type="stmt"/>
        <line num="482" count="3" type="stmt"/>
        <line num="484" count="3" type="stmt"/>
        <line num="486" count="3" type="cond" truecount="1" falsecount="0"/>
        <line num="489" count="1" type="stmt"/>
        <line num="494" count="1" type="cond" truecount="1" falsecount="1"/>
        <line num="495" count="1" type="stmt"/>
        <line num="497" count="0" type="stmt"/>
        <line num="509" count="4" type="stmt"/>
      </file>
    </package>
    <package name="src.app.middleware">
      <metrics statements="8" coveredstatements="8" conditionals="8" coveredconditionals="8" methods="2" coveredmethods="2"/>
      <file name="auth.mw.ts" path="/home/manvinderjit/repos/2023-TOP-Project-Inventory-Application/src/app/middleware/auth.mw.ts">
        <metrics statements="8" coveredstatements="8" conditionals="8" coveredconditionals="8" methods="2" coveredmethods="2"/>
        <line num="2" count="6" type="stmt"/>
        <line num="3" count="10" type="cond" truecount="4" falsecount="0"/>
        <line num="4" count="7" type="stmt"/>
        <line num="6" count="3" type="stmt"/>
        <line num="10" count="6" type="stmt"/>
        <line num="11" count="8" type="cond" truecount="4" falsecount="0"/>
        <line num="12" count="1" type="stmt"/>
        <line num="14" count="7" type="stmt"/>
      </file>
    </package>
    <package name="src.app.routers">
      <metrics statements="54" coveredstatements="54" conditionals="0" coveredconditionals="0" methods="0" coveredmethods="0"/>
      <file name="category.app.router.ts" path="/home/manvinderjit/repos/2023-TOP-Project-Inventory-Application/src/app/routers/category.app.router.ts">
        <metrics statements="9" coveredstatements="9" conditionals="0" coveredconditionals="0" methods="0" coveredmethods="0"/>
        <line num="5" count="5" type="stmt"/>
        <line num="8" count="5" type="stmt"/>
        <line num="10" count="5" type="stmt"/>
        <line num="12" count="5" type="stmt"/>
        <line num="14" count="5" type="stmt"/>
        <line num="16" count="5" type="stmt"/>
        <line num="18" count="5" type="stmt"/>
        <line num="20" count="5" type="stmt"/>
        <line num="22" count="5" type="stmt"/>
      </file>
      <file name="guide.app.router.ts" path="/home/manvinderjit/repos/2023-TOP-Project-Inventory-Application/src/app/routers/guide.app.router.ts">
        <metrics statements="2" coveredstatements="2" conditionals="0" coveredconditionals="0" methods="0" coveredmethods="0"/>
        <line num="4" count="5" type="stmt"/>
        <line num="6" count="5" type="stmt"/>
      </file>
      <file name="index.app.router.ts" path="/home/manvinderjit/repos/2023-TOP-Project-Inventory-Application/src/app/routers/index.app.router.ts">
        <metrics statements="11" coveredstatements="11" conditionals="0" coveredconditionals="0" methods="0" coveredmethods="0"/>
        <line num="13" count="5" type="stmt"/>
        <line num="15" count="5" type="stmt"/>
        <line num="17" count="5" type="stmt"/>
        <line num="19" count="5" type="stmt"/>
        <line num="21" count="5" type="stmt"/>
        <line num="23" count="5" type="stmt"/>
        <line num="25" count="5" type="stmt"/>
        <line num="27" count="5" type="stmt"/>
        <line num="29" count="5" type="stmt"/>
        <line num="31" count="5" type="stmt"/>
        <line num="33" count="5" type="stmt"/>
      </file>
      <file name="orders.app.routers.ts" path="/home/manvinderjit/repos/2023-TOP-Project-Inventory-Application/src/app/routers/orders.app.routers.ts">
        <metrics statements="5" coveredstatements="5" conditionals="0" coveredconditionals="0" methods="0" coveredmethods="0"/>
        <line num="4" count="5" type="stmt"/>
        <line num="7" count="5" type="stmt"/>
        <line num="10" count="5" type="stmt"/>
        <line num="13" count="5" type="stmt"/>
        <line num="16" count="5" type="stmt"/>
      </file>
      <file name="products.app.router.ts" path="/home/manvinderjit/repos/2023-TOP-Project-Inventory-Application/src/app/routers/products.app.router.ts">
        <metrics statements="12" coveredstatements="12" conditionals="0" coveredconditionals="0" methods="0" coveredmethods="0"/>
        <line num="6" count="5" type="stmt"/>
        <line num="9" count="5" type="stmt"/>
        <line num="12" count="5" type="stmt"/>
        <line num="15" count="5" type="stmt"/>
        <line num="18" count="5" type="stmt"/>
        <line num="21" count="5" type="stmt"/>
        <line num="24" count="5" type="stmt"/>
        <line num="27" count="5" type="stmt"/>
        <line num="30" count="5" type="stmt"/>
        <line num="33" count="5" type="stmt"/>
        <line num="36" count="5" type="stmt"/>
        <line num="39" count="5" type="stmt"/>
      </file>
      <file name="promos.app.router.ts" path="/home/manvinderjit/repos/2023-TOP-Project-Inventory-Application/src/app/routers/promos.app.router.ts">
        <metrics statements="12" coveredstatements="12" conditionals="0" coveredconditionals="0" methods="0" coveredmethods="0"/>
        <line num="6" count="5" type="stmt"/>
        <line num="9" count="5" type="stmt"/>
        <line num="12" count="5" type="stmt"/>
        <line num="15" count="5" type="stmt"/>
        <line num="18" count="5" type="stmt"/>
        <line num="21" count="5" type="stmt"/>
        <line num="24" count="5" type="stmt"/>
        <line num="27" count="5" type="stmt"/>
        <line num="30" count="5" type="stmt"/>
        <line num="33" count="5" type="stmt"/>
        <line num="35" count="5" type="stmt"/>
        <line num="37" count="5" type="stmt"/>
      </file>
      <file name="register.app.router.ts" path="/home/manvinderjit/repos/2023-TOP-Project-Inventory-Application/src/app/routers/register.app.router.ts">
        <metrics statements="3" coveredstatements="3" conditionals="0" coveredconditionals="0" methods="0" coveredmethods="0"/>
        <line num="5" count="5" type="stmt"/>
        <line num="8" count="5" type="stmt"/>
        <line num="11" count="5" type="stmt"/>
      </file>
    </package>
    <package name="src.app.services">
      <metrics statements="107" coveredstatements="103" conditionals="35" coveredconditionals="35" methods="23" coveredmethods="22"/>
      <file name="auth.app.services.ts" path="/home/manvinderjit/repos/2023-TOP-Project-Inventory-Application/src/app/services/auth.app.services.ts">
        <metrics statements="29" coveredstatements="27" conditionals="16" coveredconditionals="16" methods="4" coveredmethods="4"/>
        <line num="7" count="5" type="stmt"/>
        <line num="8" count="9" type="stmt"/>
        <line num="10" count="9" type="cond" truecount="4" falsecount="0"/>
        <line num="12" count="6" type="stmt"/>
        <line num="14" count="6" type="cond" truecount="2" falsecount="0"/>
        <line num="18" count="3" type="stmt"/>
        <line num="20" count="3" type="stmt"/>
        <line num="29" count="3" type="stmt"/>
        <line num="36" count="0" type="stmt"/>
        <line num="37" count="0" type="stmt"/>
        <line num="45" count="5" type="stmt"/>
        <line num="46" count="2" type="stmt"/>
        <line num="47" count="2" type="cond" truecount="2" falsecount="0"/>
        <line num="48" count="1" type="stmt"/>
        <line num="55" count="1" type="stmt"/>
        <line num="56" count="1" type="stmt"/>
        <line num="61" count="5" type="stmt"/>
        <line num="62" count="4" type="stmt"/>
        <line num="63" count="4" type="stmt"/>
        <line num="66" count="4" type="stmt"/>
        <line num="67" count="4" type="cond" truecount="2" falsecount="0"/>
        <line num="70" count="3" type="stmt"/>
        <line num="72" count="3" type="stmt"/>
        <line num="75" count="3" type="stmt"/>
        <line num="80" count="2" type="cond" truecount="4" falsecount="0"/>
        <line num="81" count="1" type="stmt"/>
        <line num="84" count="1" type="stmt"/>
        <line num="85" count="1" type="stmt"/>
        <line num="88" count="4" type="stmt"/>
      </file>
      <file name="category.app.services.ts" path="/home/manvinderjit/repos/2023-TOP-Project-Inventory-Application/src/app/services/category.app.services.ts">
        <metrics statements="23" coveredstatements="23" conditionals="9" coveredconditionals="9" methods="5" coveredmethods="5"/>
        <line num="6" count="6" type="stmt"/>
        <line num="7" count="27" type="stmt"/>
        <line num="11" count="26" type="stmt"/>
        <line num="14" count="6" type="stmt"/>
        <line num="18" count="7" type="stmt"/>
        <line num="21" count="6" type="stmt"/>
        <line num="24" count="6" type="stmt"/>
        <line num="29" count="2" type="stmt"/>
        <line num="33" count="2" type="stmt"/>
        <line num="36" count="6" type="stmt"/>
        <line num="41" count="2" type="stmt"/>
        <line num="42" count="2" type="stmt"/>
        <line num="45" count="6" type="stmt"/>
        <line num="51" count="3" type="stmt"/>
        <line num="52" count="3" type="stmt"/>
        <line num="54" count="3" type="stmt"/>
        <line num="61" count="3" type="cond" truecount="4" falsecount="0"/>
        <line num="62" count="2" type="stmt"/>
        <line num="64" count="2" type="cond" truecount="5" falsecount="0"/>
        <line num="65" count="1" type="stmt"/>
        <line num="67" count="1" type="stmt"/>
        <line num="70" count="1" type="stmt"/>
        <line num="72" count="3" type="stmt"/>
      </file>
      <file name="orders.app.services.ts" path="/home/manvinderjit/repos/2023-TOP-Project-Inventory-Application/src/app/services/orders.app.services.ts">
        <metrics statements="13" coveredstatements="13" conditionals="4" coveredconditionals="4" methods="3" coveredmethods="3"/>
        <line num="4" count="6" type="stmt"/>
        <line num="14" count="6" type="stmt"/>
        <line num="17" count="4" type="stmt"/>
        <line num="19" count="4" type="cond" truecount="1" falsecount="0"/>
        <line num="24" count="1" type="stmt"/>
        <line num="26" count="4" type="stmt"/>
        <line num="34" count="4" type="stmt"/>
        <line num="37" count="6" type="stmt"/>
        <line num="39" count="7" type="stmt"/>
        <line num="46" count="7" type="stmt"/>
        <line num="49" count="6" type="stmt"/>
        <line num="50" count="3" type="stmt"/>
        <line num="53" count="3" type="stmt"/>
      </file>
      <file name="products.app.services.ts" path="/home/manvinderjit/repos/2023-TOP-Project-Inventory-Application/src/app/services/products.app.services.ts">
        <metrics statements="20" coveredstatements="20" conditionals="3" coveredconditionals="3" methods="5" coveredmethods="5"/>
        <line num="7" count="6" type="stmt"/>
        <line num="8" count="4" type="stmt"/>
        <line num="10" count="4" type="cond" truecount="3" falsecount="0"/>
        <line num="11" count="2" type="stmt"/>
        <line num="13" count="4" type="stmt"/>
        <line num="18" count="4" type="stmt"/>
        <line num="21" count="6" type="stmt"/>
        <line num="22" count="13" type="stmt"/>
        <line num="25" count="13" type="stmt"/>
        <line num="28" count="6" type="stmt"/>
        <line num="36" count="2" type="stmt"/>
        <line num="47" count="2" type="stmt"/>
        <line num="48" count="2" type="stmt"/>
        <line num="51" count="6" type="stmt"/>
        <line num="53" count="4" type="stmt"/>
        <line num="61" count="4" type="stmt"/>
        <line num="65" count="4" type="stmt"/>
        <line num="68" count="6" type="stmt"/>
        <line num="69" count="3" type="stmt"/>
        <line num="70" count="3" type="stmt"/>
      </file>
      <file name="promos.app.services.ts" path="/home/manvinderjit/repos/2023-TOP-Project-Inventory-Application/src/app/services/promos.app.services.ts">
        <metrics statements="22" coveredstatements="20" conditionals="3" coveredconditionals="3" methods="6" coveredmethods="5"/>
        <line num="6" count="6" type="stmt"/>
        <line num="18" count="6" type="stmt"/>
        <line num="19" count="4" type="stmt"/>
        <line num="20" count="4" type="cond" truecount="3" falsecount="0"/>
        <line num="21" count="1" type="stmt"/>
        <line num="23" count="4" type="stmt"/>
        <line num="24" count="4" type="stmt"/>
        <line num="27" count="6" type="stmt"/>
        <line num="28" count="12" type="stmt"/>
        <line num="31" count="12" type="stmt"/>
        <line num="53" count="6" type="stmt"/>
        <line num="63" count="2" type="stmt"/>
        <line num="78" count="2" type="stmt"/>
        <line num="81" count="6" type="stmt"/>
        <line num="91" count="2" type="stmt"/>
        <line num="104" count="2" type="stmt"/>
        <line num="105" count="2" type="stmt"/>
        <line num="108" count="6" type="stmt"/>
        <line num="109" count="0" type="stmt"/>
        <line num="110" count="0" type="stmt"/>
        <line num="113" count="6" type="stmt"/>
        <line num="114" count="2" type="stmt"/>
      </file>
    </package>
    <package name="src.common.services">
      <metrics statements="11" coveredstatements="11" conditionals="0" coveredconditionals="0" methods="3" coveredmethods="3"/>
      <file name="s3.aws.services.ts" path="/home/manvinderjit/repos/2023-TOP-Project-Inventory-Application/src/common/services/s3.aws.services.ts">
        <metrics statements="11" coveredstatements="11" conditionals="0" coveredconditionals="0" methods="3" coveredmethods="3"/>
        <line num="4" count="8" type="stmt"/>
        <line num="12" count="8" type="stmt"/>
        <line num="14" count="8" type="stmt"/>
        <line num="15" count="9" type="stmt"/>
        <line num="23" count="6" type="stmt"/>
        <line num="26" count="8" type="stmt"/>
        <line num="27" count="4" type="stmt"/>
        <line num="33" count="3" type="stmt"/>
        <line num="36" count="8" type="stmt"/>
        <line num="37" count="4" type="stmt"/>
        <line num="40" count="4" type="stmt"/>
      </file>
    </package>
    <package name="src.config">
      <metrics statements="2" coveredstatements="2" conditionals="0" coveredconditionals="0" methods="1" coveredmethods="1"/>
      <file name="mongodb.ts" path="/home/manvinderjit/repos/2023-TOP-Project-Inventory-Application/src/config/mongodb.ts">
        <metrics statements="2" coveredstatements="2" conditionals="0" coveredconditionals="0" methods="1" coveredmethods="1"/>
        <line num="3" count="5" type="stmt"/>
        <line num="4" count="27" type="stmt"/>
      </file>
    </package>
    <package name="src.global.middleware">
      <metrics statements="4" coveredstatements="4" conditionals="2" coveredconditionals="1" methods="1" coveredmethods="1"/>
      <file name="errorHandler.mw.ts" path="/home/manvinderjit/repos/2023-TOP-Project-Inventory-Application/src/global.middleware/errorHandler.mw.ts">
        <metrics statements="4" coveredstatements="4" conditionals="2" coveredconditionals="1" methods="1" coveredmethods="1"/>
        <line num="4" count="6" type="stmt"/>
        <line num="5" count="2" type="stmt"/>
        <line num="6" count="2" type="cond" truecount="1" falsecount="1"/>
        <line num="7" count="2" type="stmt"/>
      </file>
    </package>
    <package name="src.models">
      <metrics statements="49" coveredstatements="30" conditionals="4" coveredconditionals="4" methods="19" coveredmethods="2"/>
      <file name="apiUserModel.ts" path="/home/manvinderjit/repos/2023-TOP-Project-Inventory-Application/src/models/apiUserModel.ts">
        <metrics statements="5" coveredstatements="2" conditionals="0" coveredconditionals="0" methods="2" coveredmethods="0"/>
        <line num="3" count="7" type="stmt"/>
        <line num="15" count="0" type="stmt"/>
        <line num="16" count="0" type="stmt"/>
        <line num="19" count="0" type="stmt"/>
        <line num="35" count="7" type="stmt"/>
      </file>
      <file name="categoryModel.ts" path="/home/manvinderjit/repos/2023-TOP-Project-Inventory-Application/src/models/categoryModel.ts">
        <metrics statements="5" coveredstatements="4" conditionals="0" coveredconditionals="0" methods="1" coveredmethods="0"/>
        <line num="4" count="7" type="stmt"/>
        <line num="22" count="7" type="stmt"/>
        <line num="23" count="7" type="stmt"/>
        <line num="24" count="0" type="stmt"/>
        <line num="27" count="7" type="stmt"/>
      </file>
      <file name="employees.ts" path="/home/manvinderjit/repos/2023-TOP-Project-Inventory-Application/src/models/employees.ts">
        <metrics statements="5" coveredstatements="2" conditionals="0" coveredconditionals="0" methods="2" coveredmethods="0"/>
        <line num="3" count="5" type="stmt"/>
        <line num="15" count="0" type="stmt"/>
        <line num="16" count="0" type="stmt"/>
        <line num="19" count="0" type="stmt"/>
        <line num="35" count="5" type="stmt"/>
      </file>
      <file name="ordersModel.ts" path="/home/manvinderjit/repos/2023-TOP-Project-Inventory-Application/src/models/ordersModel.ts">
        <metrics statements="11" coveredstatements="6" conditionals="0" coveredconditionals="0" methods="5" coveredmethods="0"/>
        <line num="3" count="7" type="stmt"/>
        <line num="5" count="7" type="stmt"/>
        <line num="32" count="0" type="stmt"/>
        <line num="33" count="0" type="stmt"/>
        <line num="72" count="0" type="stmt"/>
        <line num="73" count="0" type="stmt"/>
        <line num="82" count="7" type="stmt"/>
        <line num="83" count="7" type="stmt"/>
        <line num="84" count="0" type="stmt"/>
        <line num="87" count="7" type="stmt"/>
        <line num="94" count="7" type="stmt"/>
      </file>
      <file name="productModel.ts" path="/home/manvinderjit/repos/2023-TOP-Project-Inventory-Application/src/models/productModel.ts">
        <metrics statements="10" coveredstatements="6" conditionals="0" coveredconditionals="0" methods="4" coveredmethods="0"/>
        <line num="3" count="8" type="stmt"/>
        <line num="5" count="8" type="stmt"/>
        <line num="35" count="0" type="stmt"/>
        <line num="36" count="0" type="stmt"/>
        <line num="45" count="0" type="stmt"/>
        <line num="57" count="8" type="stmt"/>
        <line num="60" count="8" type="stmt"/>
        <line num="61" count="8" type="stmt"/>
        <line num="62" count="0" type="stmt"/>
        <line num="65" count="8" type="stmt"/>
      </file>
      <file name="promoModel.ts" path="/home/manvinderjit/repos/2023-TOP-Project-Inventory-Application/src/models/promoModel.ts">
        <metrics statements="13" coveredstatements="10" conditionals="4" coveredconditionals="4" methods="5" coveredmethods="2"/>
        <line num="3" count="6" type="stmt"/>
        <line num="5" count="6" type="cond" truecount="2" falsecount="0"/>
        <line num="6" count="6" type="stmt"/>
        <line num="9" count="6" type="cond" truecount="2" falsecount="0"/>
        <line num="10" count="6" type="stmt"/>
        <line num="11" count="6" type="stmt"/>
        <line num="14" count="6" type="stmt"/>
        <line num="63" count="0" type="stmt"/>
        <line num="81" count="0" type="stmt"/>
        <line num="104" count="6" type="stmt"/>
        <line num="105" count="6" type="stmt"/>
        <line num="106" count="0" type="stmt"/>
        <line num="109" count="6" type="stmt"/>
      </file>
    </package>
    <package name="src.utilities">
      <metrics statements="61" coveredstatements="59" conditionals="27" coveredconditionals="26" methods="18" coveredmethods="18"/>
      <file name="fileFormatting.ts" path="/home/manvinderjit/repos/2023-TOP-Project-Inventory-Application/src/utilities/fileFormatting.ts">
        <metrics statements="4" coveredstatements="4" conditionals="0" coveredconditionals="0" methods="1" coveredmethods="1"/>
        <line num="3" count="7" type="stmt"/>
        <line num="4" count="6" type="stmt"/>
        <line num="6" count="6" type="stmt"/>
        <line num="9" count="6" type="stmt"/>
      </file>
      <file name="number.utilities.ts" path="/home/manvinderjit/repos/2023-TOP-Project-Inventory-Application/src/utilities/number.utilities.ts">
        <metrics statements="2" coveredstatements="2" conditionals="0" coveredconditionals="0" methods="1" coveredmethods="1"/>
        <line num="2" count="6" type="stmt"/>
        <line num="3" count="5" type="stmt"/>
      </file>
      <file name="stringFormatting.ts" path="/home/manvinderjit/repos/2023-TOP-Project-Inventory-Application/src/utilities/stringFormatting.ts">
        <metrics statements="2" coveredstatements="2" conditionals="0" coveredconditionals="0" methods="1" coveredmethods="1"/>
        <line num="1" count="7" type="stmt"/>
        <line num="2" count="78" type="stmt"/>
      </file>
      <file name="validation.ts" path="/home/manvinderjit/repos/2023-TOP-Project-Inventory-Application/src/utilities/validation.ts">
        <metrics statements="53" coveredstatements="51" conditionals="27" coveredconditionals="26" methods="15" coveredmethods="15"/>
        <line num="2" count="13" type="stmt"/>
        <line num="4" count="13" type="stmt"/>
        <line num="6" count="39" type="stmt"/>
        <line num="8" count="39" type="stmt"/>
        <line num="9" count="39" type="stmt"/>
        <line num="12" count="13" type="stmt"/>
        <line num="13" count="35" type="stmt"/>
        <line num="14" count="35" type="stmt"/>
        <line num="15" count="35" type="stmt"/>
        <line num="18" count="13" type="stmt"/>
        <line num="19" count="44" type="stmt"/>
        <line num="20" count="44" type="stmt"/>
        <line num="21" count="44" type="stmt"/>
        <line num="24" count="13" type="stmt"/>
        <line num="25" count="34" type="stmt"/>
        <line num="26" count="34" type="stmt"/>
        <line num="27" count="34" type="stmt"/>
        <line num="30" count="13" type="stmt"/>
        <line num="31" count="146" type="cond" truecount="1" falsecount="0"/>
        <line num="32" count="110" type="cond" truecount="1" falsecount="0"/>
        <line num="33" count="0" type="stmt"/>
        <line num="35" count="36" type="stmt"/>
        <line num="38" count="13" type="stmt"/>
        <line num="39" count="90" type="cond" truecount="4" falsecount="0"/>
        <line num="40" count="88" type="cond" truecount="2" falsecount="0"/>
        <line num="43" count="13" type="stmt"/>
        <line num="44" count="10" type="cond" truecount="6" falsecount="0"/>
        <line num="45" count="2" type="stmt"/>
        <line num="46" count="8" type="stmt"/>
        <line num="49" count="13" type="stmt"/>
        <line num="50" count="14" type="stmt"/>
        <line num="52" count="14" type="cond" truecount="0" falsecount="1"/>
        <line num="53" count="0" type="stmt"/>
        <line num="56" count="14" type="stmt"/>
        <line num="59" count="13" type="stmt"/>
        <line num="63" count="9" type="stmt"/>
        <line num="64" count="9" type="stmt"/>
        <line num="65" count="63" type="cond" truecount="1" falsecount="0"/>
        <line num="71" count="14" type="stmt"/>
        <line num="73" count="9" type="stmt"/>
        <line num="76" count="14" type="stmt"/>
        <line num="78" count="13" type="stmt"/>
        <line num="85" count="7" type="stmt"/>
        <line num="86" count="7" type="stmt"/>
        <line num="87" count="49" type="cond" truecount="1" falsecount="0"/>
        <line num="88" count="14" type="stmt"/>
        <line num="91" count="7" type="stmt"/>
        <line num="94" count="13" type="stmt"/>
        <line num="103" count="10" type="stmt"/>
        <line num="104" count="10" type="stmt"/>
        <line num="105" count="50" type="cond" truecount="1" falsecount="0"/>
        <line num="112" count="15" type="stmt"/>
        <line num="114" count="10" type="stmt"/>
      </file>
    </package>
  </project>
</coverage>
