{"/home/manvinderjit/repos/2023-TOP-Project-Inventory-Application/src/server.ts": {"path":"/home/manvinderjit/repos/2023-TOP-Project-Inventory-Application/src/server.ts","statementMap":{"0":{"start":{"line":16,"column":30},"end":{"line":16,"column":57}},"1":{"start":{"line":17,"column":28},"end":{"line":17,"column":37}},"2":{"start":{"line":19,"column":26},"end":{"line":19,"column":78}},"3":{"start":{"line":20,"column":28},"end":{"line":20,"column":72}},"4":{"start":{"line":22,"column":0},"end":{"line":22,"column":28}},"5":{"start":{"line":23,"column":0},"end":{"line":23,"column":30}},"6":{"start":{"line":25,"column":0},"end":{"line":25,"column":45}},"7":{"start":{"line":25,"column":27},"end":{"line":25,"column":43}},"8":{"start":{"line":27,"column":0},"end":{"line":40,"column":2}},"9":{"start":{"line":42,"column":0},"end":{"line":42,"column":24}},"10":{"start":{"line":43,"column":0},"end":{"line":43,"column":60}},"11":{"start":{"line":44,"column":0},"end":{"line":44,"column":48}},"12":{"start":{"line":47,"column":0},"end":{"line":53,"column":3}},"13":{"start":{"line":48,"column":35},"end":{"line":48,"column":46}},"14":{"start":{"line":49,"column":4},"end":{"line":51,"column":5}},"15":{"start":{"line":50,"column":8},"end":{"line":50,"column":33}},"16":{"start":{"line":52,"column":4},"end":{"line":52,"column":11}},"17":{"start":{"line":55,"column":0},"end":{"line":55,"column":24}},"18":{"start":{"line":57,"column":0},"end":{"line":57,"column":16}},"19":{"start":{"line":59,"column":0},"end":{"line":59,"column":27}},"20":{"start":{"line":61,"column":0},"end":{"line":61,"column":22}},"21":{"start":{"line":63,"column":23},"end":{"line":65,"column":2}},"22":{"start":{"line":64,"column":4},"end":{"line":64,"column":56}},"23":{"start":{"line":67,"column":24},"end":{"line":67,"column":75}},"24":{"start":{"line":67,"column":43},"end":{"line":67,"column":75}}},"fnMap":{"0":{"name":"(anonymous_0)","decl":{"start":{"line":25,"column":18},"end":{"line":25,"column":19}},"loc":{"start":{"line":25,"column":27},"end":{"line":25,"column":43}}},"1":{"name":"(anonymous_1)","decl":{"start":{"line":47,"column":8},"end":{"line":47,"column":9}},"loc":{"start":{"line":47,"column":27},"end":{"line":53,"column":1}}},"2":{"name":"(anonymous_2)","decl":{"start":{"line":63,"column":40},"end":{"line":63,"column":43}},"loc":{"start":{"line":63,"column":45},"end":{"line":65,"column":1}}},"3":{"name":"(anonymous_3)","decl":{"start":{"line":67,"column":24},"end":{"line":67,"column":25}},"loc":{"start":{"line":67,"column":43},"end":{"line":67,"column":75}}}},"branchMap":{"0":{"loc":{"start":{"line":16,"column":30},"end":{"line":16,"column":57}},"type":"binary-expr","locations":[{"start":{"line":16,"column":30},"end":{"line":16,"column":49}},{"start":{"line":16,"column":53},"end":{"line":16,"column":57}}]},"1":{"loc":{"start":{"line":49,"column":4},"end":{"line":51,"column":5}},"type":"if","locations":[{"start":{"line":49,"column":4},"end":{"line":51,"column":5}}]},"2":{"loc":{"start":{"line":49,"column":8},"end":{"line":49,"column":28}},"type":"binary-expr","locations":[{"start":{"line":49,"column":8},"end":{"line":49,"column":14}},{"start":{"line":49,"column":18},"end":{"line":49,"column":28}}]},"3":{"loc":{"start":{"line":67,"column":43},"end":{"line":67,"column":75}},"type":"binary-expr","locations":[{"start":{"line":67,"column":43},"end":{"line":67,"column":49}},{"start":{"line":67,"column":53},"end":{"line":67,"column":75}}]}},"s":{"0":5,"1":5,"2":5,"3":5,"4":5,"5":5,"6":5,"7":0,"8":5,"9":5,"10":5,"11":5,"12":5,"13":4,"14":4,"15":1,"16":4,"17":5,"18":5,"19":5,"20":5,"21":5,"22":3,"23":5,"24":5},"f":{"0":0,"1":4,"2":3,"3":5},"b":{"0":[5,0],"1":[1],"2":[4,1],"3":[5,5]}}
,"/home/manvinderjit/repos/2023-TOP-Project-Inventory-Application/src/api/api.middleware/auth.api.middleware.ts": {"path":"/home/manvinderjit/repos/2023-TOP-Project-Inventory-Application/src/api/api.middleware/auth.api.middleware.ts","statementMap":{"0":{"start":{"line":17,"column":23},"end":{"line":26,"column":1}},"1":{"start":{"line":18,"column":4},"end":{"line":25,"column":5}},"2":{"start":{"line":19,"column":31},"end":{"line":19,"column":66}},"3":{"start":{"line":20,"column":29},"end":{"line":20,"column":70}},"4":{"start":{"line":21,"column":8},"end":{"line":21,"column":28}},"5":{"start":{"line":23,"column":8},"end":{"line":23,"column":29}},"6":{"start":{"line":24,"column":8},"end":{"line":24,"column":20}},"7":{"start":{"line":28,"column":30},"end":{"line":67,"column":1}},"8":{"start":{"line":29,"column":4},"end":{"line":66,"column":5}},"9":{"start":{"line":31,"column":8},"end":{"line":62,"column":9}},"10":{"start":{"line":35,"column":26},"end":{"line":35,"column":65}},"11":{"start":{"line":38,"column":12},"end":{"line":57,"column":13}},"12":{"start":{"line":39,"column":16},"end":{"line":41,"column":null}},"13":{"start":{"line":45,"column":37},"end":{"line":45,"column":58}},"14":{"start":{"line":46,"column":16},"end":{"line":55,"column":17}},"15":{"start":{"line":48,"column":20},"end":{"line":48,"column":49}},"16":{"start":{"line":49,"column":20},"end":{"line":49,"column":57}},"17":{"start":{"line":52,"column":20},"end":{"line":54,"column":23}},"18":{"start":{"line":56,"column":16},"end":{"line":56,"column":23}},"19":{"start":{"line":59,"column":12},"end":{"line":61,"column":15}},"20":{"start":{"line":64,"column":8},"end":{"line":64,"column":29}},"21":{"start":{"line":65,"column":8},"end":{"line":65,"column":20}}},"fnMap":{"0":{"name":"(anonymous_0)","decl":{"start":{"line":17,"column":23},"end":{"line":17,"column":24}},"loc":{"start":{"line":17,"column":41},"end":{"line":26,"column":1}}},"1":{"name":"(anonymous_1)","decl":{"start":{"line":28,"column":30},"end":{"line":28,"column":35}},"loc":{"start":{"line":28,"column":88},"end":{"line":67,"column":1}}}},"branchMap":{"0":{"loc":{"start":{"line":31,"column":8},"end":{"line":62,"column":9}},"type":"if","locations":[{"start":{"line":31,"column":8},"end":{"line":62,"column":9}},{"start":{"line":58,"column":15},"end":{"line":62,"column":9}}]},"1":{"loc":{"start":{"line":32,"column":12},"end":{"line":33,"column":58}},"type":"binary-expr","locations":[{"start":{"line":32,"column":12},"end":{"line":32,"column":37}},{"start":{"line":33,"column":12},"end":{"line":33,"column":58}}]},"2":{"loc":{"start":{"line":38,"column":12},"end":{"line":57,"column":13}},"type":"if","locations":[{"start":{"line":38,"column":12},"end":{"line":57,"column":13}},{"start":{"line":43,"column":17},"end":{"line":57,"column":13}}]},"3":{"loc":{"start":{"line":46,"column":16},"end":{"line":55,"column":17}},"type":"if","locations":[{"start":{"line":46,"column":16},"end":{"line":55,"column":17}},{"start":{"line":51,"column":23},"end":{"line":55,"column":17}}]}},"s":{"0":6,"1":4,"2":4,"3":4,"4":1,"5":3,"6":3,"7":6,"8":8,"9":8,"10":5,"11":5,"12":1,"13":4,"14":4,"15":1,"16":1,"17":3,"18":1,"19":3,"20":1,"21":1},"f":{"0":4,"1":8},"b":{"0":[5,3],"1":[8,6],"2":[1,4],"3":[1,3]}}
,"/home/manvinderjit/repos/2023-TOP-Project-Inventory-Application/src/api/controllers/image.api.controllers.ts": {"path":"/home/manvinderjit/repos/2023-TOP-Project-Inventory-Application/src/api/controllers/image.api.controllers.ts","statementMap":{"0":{"start":{"line":3,"column":20},"end":{"line":3,"column":75}},"1":{"start":{"line":5,"column":32},"end":{"line":5,"column":63}},"2":{"start":{"line":7,"column":20},"end":{"line":39,"column":1}},"3":{"start":{"line":12,"column":4},"end":{"line":38,"column":5}},"4":{"start":{"line":13,"column":8},"end":{"line":32,"column":9}},"5":{"start":{"line":17,"column":12},"end":{"line":17,"column":32}},"6":{"start":{"line":19,"column":28},"end":{"line":21,"column":14}},"7":{"start":{"line":23,"column":32},"end":{"line":23,"column":93}},"8":{"start":{"line":25,"column":12},"end":{"line":31,"column":15}},"9":{"start":{"line":26,"column":16},"end":{"line":30,"column":17}},"10":{"start":{"line":27,"column":20},"end":{"line":27,"column":30}},"11":{"start":{"line":29,"column":20},"end":{"line":29,"column":54}},"12":{"start":{"line":34,"column":8},"end":{"line":34,"column":29}},"13":{"start":{"line":35,"column":8},"end":{"line":37,"column":11}}},"fnMap":{"0":{"name":"(anonymous_0)","decl":{"start":{"line":7,"column":20},"end":{"line":7,"column":25}},"loc":{"start":{"line":11,"column":4},"end":{"line":39,"column":1}}},"1":{"name":"(anonymous_1)","decl":{"start":{"line":25,"column":47},"end":{"line":25,"column":57}},"loc":{"start":{"line":25,"column":60},"end":{"line":31,"column":13}}}},"branchMap":{"0":{"loc":{"start":{"line":13,"column":8},"end":{"line":32,"column":9}},"type":"if","locations":[{"start":{"line":13,"column":8},"end":{"line":32,"column":9}},{"start":{"line":18,"column":15},"end":{"line":32,"column":9}}]},"1":{"loc":{"start":{"line":14,"column":12},"end":{"line":15,"column":76}},"type":"binary-expr","locations":[{"start":{"line":14,"column":12},"end":{"line":14,"column":28}},{"start":{"line":15,"column":12},"end":{"line":15,"column":76}}]},"2":{"loc":{"start":{"line":26,"column":16},"end":{"line":30,"column":17}},"type":"if","locations":[{"start":{"line":26,"column":16},"end":{"line":30,"column":17}},{"start":{"line":28,"column":23},"end":{"line":30,"column":17}}]}},"s":{"0":6,"1":6,"2":6,"3":5,"4":5,"5":2,"6":3,"7":3,"8":3,"9":2,"10":1,"11":1,"12":0,"13":0},"f":{"0":5,"1":2},"b":{"0":[2,3],"1":[5,4],"2":[1,1]}}
,"/home/manvinderjit/repos/2023-TOP-Project-Inventory-Application/src/api/controllers/login.api.controllers.ts": {"path":"/home/manvinderjit/repos/2023-TOP-Project-Inventory-Application/src/api/controllers/login.api.controllers.ts","statementMap":{"0":{"start":{"line":9,"column":23},"end":{"line":9,"column":58}},"1":{"start":{"line":11,"column":22},"end":{"line":15,"column":1}},"2":{"start":{"line":12,"column":4},"end":{"line":14,"column":7}},"3":{"start":{"line":17,"column":29},"end":{"line":50,"column":1}},"4":{"start":{"line":18,"column":4},"end":{"line":49,"column":5}},"5":{"start":{"line":20,"column":44},"end":{"line":20,"column":52}},"6":{"start":{"line":23,"column":8},"end":{"line":45,"column":9}},"7":{"start":{"line":24,"column":12},"end":{"line":24,"column":74}},"8":{"start":{"line":27,"column":13},"end":{"line":45,"column":9}},"9":{"start":{"line":28,"column":12},"end":{"line":30,"column":15}},"10":{"start":{"line":34,"column":25},"end":{"line":34,"column":58}},"11":{"start":{"line":36,"column":12},"end":{"line":44,"column":13}},"12":{"start":{"line":37,"column":16},"end":{"line":39,"column":19}},"13":{"start":{"line":41,"column":16},"end":{"line":43,"column":19}},"14":{"start":{"line":47,"column":8},"end":{"line":47,"column":29}},"15":{"start":{"line":48,"column":8},"end":{"line":48,"column":20}}},"fnMap":{"0":{"name":"(anonymous_0)","decl":{"start":{"line":11,"column":22},"end":{"line":11,"column":23}},"loc":{"start":{"line":11,"column":63},"end":{"line":15,"column":1}}},"1":{"name":"(anonymous_1)","decl":{"start":{"line":17,"column":29},"end":{"line":17,"column":34}},"loc":{"start":{"line":17,"column":87},"end":{"line":50,"column":1}}}},"branchMap":{"0":{"loc":{"start":{"line":23,"column":8},"end":{"line":45,"column":9}},"type":"if","locations":[{"start":{"line":23,"column":8},"end":{"line":45,"column":9}},{"start":{"line":27,"column":13},"end":{"line":45,"column":9}}]},"1":{"loc":{"start":{"line":23,"column":12},"end":{"line":23,"column":39}},"type":"binary-expr","locations":[{"start":{"line":23,"column":12},"end":{"line":23,"column":22}},{"start":{"line":23,"column":26},"end":{"line":23,"column":39}}]},"2":{"loc":{"start":{"line":27,"column":13},"end":{"line":45,"column":9}},"type":"if","locations":[{"start":{"line":27,"column":13},"end":{"line":45,"column":9}},{"start":{"line":32,"column":13},"end":{"line":45,"column":9}}]},"3":{"loc":{"start":{"line":36,"column":12},"end":{"line":44,"column":13}},"type":"if","locations":[{"start":{"line":36,"column":12},"end":{"line":44,"column":13}},{"start":{"line":40,"column":19},"end":{"line":44,"column":13}}]},"4":{"loc":{"start":{"line":36,"column":16},"end":{"line":36,"column":75}},"type":"binary-expr","locations":[{"start":{"line":36,"column":16},"end":{"line":36,"column":20}},{"start":{"line":36,"column":25},"end":{"line":36,"column":74}}]}},"s":{"0":6,"1":6,"2":1,"3":6,"4":8,"5":8,"6":8,"7":3,"8":5,"9":2,"10":3,"11":3,"12":1,"13":2,"14":0,"15":0},"f":{"0":1,"1":8},"b":{"0":[3,5],"1":[8,6],"2":[2,3],"3":[1,2],"4":[3,2]}}
,"/home/manvinderjit/repos/2023-TOP-Project-Inventory-Application/src/api/controllers/orders.api.controllers.ts": {"path":"/home/manvinderjit/repos/2023-TOP-Project-Inventory-Application/src/api/controllers/orders.api.controllers.ts","statementMap":{"0":{"start":{"line":7,"column":29},"end":{"line":42,"column":1}},"1":{"start":{"line":8,"column":4},"end":{"line":41,"column":5}},"2":{"start":{"line":9,"column":37},"end":{"line":9,"column":38}},"3":{"start":{"line":10,"column":27},"end":{"line":10,"column":30}},"4":{"start":{"line":12,"column":12},"end":{"line":17,"column":19}},"5":{"start":{"line":19,"column":8},"end":{"line":37,"column":9}},"6":{"start":{"line":20,"column":54},"end":{"line":20,"column":109}},"7":{"start":{"line":22,"column":12},"end":{"line":32,"column":13}},"8":{"start":{"line":23,"column":16},"end":{"line":25,"column":19}},"9":{"start":{"line":27,"column":35},"end":{"line":27,"column":91}},"10":{"start":{"line":28,"column":16},"end":{"line":31,"column":19}},"11":{"start":{"line":34,"column":12},"end":{"line":36,"column":15}},"12":{"start":{"line":39,"column":8},"end":{"line":39,"column":29}},"13":{"start":{"line":40,"column":8},"end":{"line":40,"column":20}},"14":{"start":{"line":44,"column":33},"end":{"line":76,"column":1}},"15":{"start":{"line":45,"column":4},"end":{"line":75,"column":5}},"16":{"start":{"line":46,"column":27},"end":{"line":46,"column":30}},"17":{"start":{"line":47,"column":28},"end":{"line":47,"column":36}},"18":{"start":{"line":49,"column":8},"end":{"line":71,"column":9}},"19":{"start":{"line":50,"column":12},"end":{"line":52,"column":15}},"20":{"start":{"line":55,"column":13},"end":{"line":71,"column":9}},"21":{"start":{"line":56,"column":12},"end":{"line":58,"column":15}},"22":{"start":{"line":60,"column":42},"end":{"line":60,"column":80}},"23":{"start":{"line":61,"column":12},"end":{"line":70,"column":13}},"24":{"start":{"line":62,"column":16},"end":{"line":65,"column":19}},"25":{"start":{"line":67,"column":16},"end":{"line":69,"column":19}},"26":{"start":{"line":73,"column":8},"end":{"line":73,"column":29}},"27":{"start":{"line":74,"column":8},"end":{"line":74,"column":20}},"28":{"start":{"line":78,"column":31},"end":{"line":137,"column":1}},"29":{"start":{"line":79,"column":4},"end":{"line":136,"column":5}},"30":{"start":{"line":80,"column":27},"end":{"line":80,"column":30}},"31":{"start":{"line":81,"column":84},"end":{"line":81,"column":92}},"32":{"start":{"line":84,"column":8},"end":{"line":132,"column":9}},"33":{"start":{"line":85,"column":12},"end":{"line":87,"column":15}},"34":{"start":{"line":90,"column":13},"end":{"line":132,"column":9}},"35":{"start":{"line":91,"column":12},"end":{"line":93,"column":15}},"36":{"start":{"line":96,"column":33},"end":{"line":106,"column":14}},"37":{"start":{"line":99,"column":20},"end":{"line":103,"column":22}},"38":{"start":{"line":109,"column":42},"end":{"line":109,"column":85}},"39":{"start":{"line":111,"column":12},"end":{"line":130,"column":13}},"40":{"start":{"line":113,"column":37},"end":{"line":113,"column":72}},"41":{"start":{"line":114,"column":16},"end":{"line":123,"column":17}},"42":{"start":{"line":115,"column":20},"end":{"line":118,"column":23}},"43":{"start":{"line":120,"column":20},"end":{"line":122,"column":null}},"44":{"start":{"line":127,"column":16},"end":{"line":129,"column":19}},"45":{"start":{"line":134,"column":8},"end":{"line":134,"column":29}},"46":{"start":{"line":135,"column":8},"end":{"line":135,"column":20}}},"fnMap":{"0":{"name":"(anonymous_0)","decl":{"start":{"line":7,"column":29},"end":{"line":7,"column":34}},"loc":{"start":{"line":7,"column":86},"end":{"line":42,"column":1}}},"1":{"name":"(anonymous_1)","decl":{"start":{"line":44,"column":33},"end":{"line":44,"column":38}},"loc":{"start":{"line":44,"column":90},"end":{"line":76,"column":1}}},"2":{"name":"(anonymous_2)","decl":{"start":{"line":78,"column":31},"end":{"line":78,"column":36}},"loc":{"start":{"line":78,"column":88},"end":{"line":137,"column":1}}},"3":{"name":"(anonymous_3)","decl":{"start":{"line":98,"column":33},"end":{"line":98,"column":34}},"loc":{"start":{"line":98,"column":53},"end":{"line":104,"column":17}}}},"branchMap":{"0":{"loc":{"start":{"line":12,"column":12},"end":{"line":17,"column":19}},"type":"cond-expr","locations":[{"start":{"line":16,"column":18},"end":{"line":16,"column":44}},{"start":{"line":17,"column":18},"end":{"line":17,"column":19}}]},"1":{"loc":{"start":{"line":12,"column":12},"end":{"line":15,"column":38}},"type":"binary-expr","locations":[{"start":{"line":12,"column":12},"end":{"line":12,"column":26}},{"start":{"line":13,"column":12},"end":{"line":13,"column":42}},{"start":{"line":14,"column":12},"end":{"line":14,"column":52}},{"start":{"line":15,"column":12},"end":{"line":15,"column":38}}]},"2":{"loc":{"start":{"line":19,"column":8},"end":{"line":37,"column":9}},"type":"if","locations":[{"start":{"line":19,"column":8},"end":{"line":37,"column":9}},{"start":{"line":33,"column":15},"end":{"line":37,"column":9}}]},"3":{"loc":{"start":{"line":19,"column":11},"end":{"line":19,"column":41}},"type":"binary-expr","locations":[{"start":{"line":19,"column":11},"end":{"line":19,"column":17}},{"start":{"line":19,"column":21},"end":{"line":19,"column":41}}]},"4":{"loc":{"start":{"line":22,"column":12},"end":{"line":32,"column":13}},"type":"if","locations":[{"start":{"line":22,"column":12},"end":{"line":32,"column":13}},{"start":{"line":26,"column":19},"end":{"line":32,"column":13}}]},"5":{"loc":{"start":{"line":22,"column":16},"end":{"line":22,"column":54}},"type":"binary-expr","locations":[{"start":{"line":22,"column":16},"end":{"line":22,"column":27}},{"start":{"line":22,"column":31},"end":{"line":22,"column":54}}]},"6":{"loc":{"start":{"line":49,"column":8},"end":{"line":71,"column":9}},"type":"if","locations":[{"start":{"line":49,"column":8},"end":{"line":71,"column":9}},{"start":{"line":55,"column":13},"end":{"line":71,"column":9}}]},"7":{"loc":{"start":{"line":49,"column":11},"end":{"line":49,"column":73}},"type":"binary-expr","locations":[{"start":{"line":49,"column":11},"end":{"line":49,"column":18}},{"start":{"line":49,"column":22},"end":{"line":49,"column":37}},{"start":{"line":49,"column":41},"end":{"line":49,"column":73}}]},"8":{"loc":{"start":{"line":55,"column":13},"end":{"line":71,"column":9}},"type":"if","locations":[{"start":{"line":55,"column":13},"end":{"line":71,"column":9}},{"start":{"line":59,"column":15},"end":{"line":71,"column":9}}]},"9":{"loc":{"start":{"line":55,"column":16},"end":{"line":55,"column":81}},"type":"binary-expr","locations":[{"start":{"line":55,"column":16},"end":{"line":55,"column":24}},{"start":{"line":55,"column":28},"end":{"line":55,"column":44}},{"start":{"line":55,"column":48},"end":{"line":55,"column":81}}]},"10":{"loc":{"start":{"line":61,"column":12},"end":{"line":70,"column":13}},"type":"if","locations":[{"start":{"line":61,"column":12},"end":{"line":70,"column":13}},{"start":{"line":66,"column":19},"end":{"line":70,"column":13}}]},"11":{"loc":{"start":{"line":61,"column":15},"end":{"line":61,"column":85}},"type":"binary-expr","locations":[{"start":{"line":61,"column":15},"end":{"line":61,"column":36}},{"start":{"line":61,"column":40},"end":{"line":61,"column":85}}]},"12":{"loc":{"start":{"line":84,"column":8},"end":{"line":132,"column":9}},"type":"if","locations":[{"start":{"line":84,"column":8},"end":{"line":132,"column":9}},{"start":{"line":90,"column":13},"end":{"line":132,"column":9}}]},"13":{"loc":{"start":{"line":84,"column":11},"end":{"line":84,"column":73}},"type":"binary-expr","locations":[{"start":{"line":84,"column":11},"end":{"line":84,"column":18}},{"start":{"line":84,"column":22},"end":{"line":84,"column":37}},{"start":{"line":84,"column":41},"end":{"line":84,"column":73}}]},"14":{"loc":{"start":{"line":90,"column":13},"end":{"line":132,"column":9}},"type":"if","locations":[{"start":{"line":90,"column":13},"end":{"line":132,"column":9}},{"start":{"line":95,"column":13},"end":{"line":132,"column":9}}]},"15":{"loc":{"start":{"line":90,"column":16},"end":{"line":90,"column":100}},"type":"binary-expr","locations":[{"start":{"line":90,"column":16},"end":{"line":90,"column":22}},{"start":{"line":90,"column":26},"end":{"line":90,"column":42}},{"start":{"line":90,"column":46},"end":{"line":90,"column":58}},{"start":{"line":90,"column":62},"end":{"line":90,"column":100}}]},"16":{"loc":{"start":{"line":111,"column":12},"end":{"line":130,"column":13}},"type":"if","locations":[{"start":{"line":111,"column":12},"end":{"line":130,"column":13}},{"start":{"line":126,"column":18},"end":{"line":130,"column":13}}]},"17":{"loc":{"start":{"line":114,"column":16},"end":{"line":123,"column":17}},"type":"if","locations":[{"start":{"line":114,"column":16},"end":{"line":123,"column":17}},{"start":{"line":119,"column":23},"end":{"line":123,"column":17}}]}},"s":{"0":6,"1":6,"2":6,"3":6,"4":6,"5":6,"6":3,"7":3,"8":1,"9":2,"10":2,"11":3,"12":1,"13":1,"14":6,"15":11,"16":11,"17":11,"18":11,"19":3,"20":8,"21":4,"22":4,"23":4,"24":1,"25":3,"26":1,"27":1,"28":6,"29":18,"30":18,"31":18,"32":18,"33":4,"34":14,"35":4,"36":10,"37":24,"38":10,"39":10,"40":4,"41":3,"42":1,"43":2,"44":6,"45":1,"46":1},"f":{"0":6,"1":11,"2":18,"3":24},"b":{"0":[1,5],"1":[6,1,1,1],"2":[3,3],"3":[6,3],"4":[1,2],"5":[3,2],"6":[3,8],"7":[11,9,9],"8":[4,4],"9":[8,5,5],"10":[1,3],"11":[4,1],"12":[4,14],"13":[18,16,16],"14":[4,10],"15":[14,13,12,11],"16":[4,6],"17":[1,2]}}
,"/home/manvinderjit/repos/2023-TOP-Project-Inventory-Application/src/api/controllers/products.api.controllers.ts": {"path":"/home/manvinderjit/repos/2023-TOP-Project-Inventory-Application/src/api/controllers/products.api.controllers.ts","statementMap":{"0":{"start":{"line":9,"column":22},"end":{"line":19,"column":1}},"1":{"start":{"line":10,"column":4},"end":{"line":17,"column":5}},"2":{"start":{"line":11,"column":8},"end":{"line":16,"column":9}},"3":{"start":{"line":12,"column":12},"end":{"line":15,"column":29}},"4":{"start":{"line":15,"column":16},"end":{"line":15,"column":29}},"5":{"start":{"line":18,"column":4},"end":{"line":18,"column":16}},"6":{"start":{"line":21,"column":27},"end":{"line":36,"column":1}},"7":{"start":{"line":22,"column":21},"end":{"line":22,"column":23}},"8":{"start":{"line":24,"column":4},"end":{"line":30,"column":48}},"9":{"start":{"line":30,"column":8},"end":{"line":30,"column":48}},"10":{"start":{"line":32,"column":4},"end":{"line":33,"column":47}},"11":{"start":{"line":33,"column":8},"end":{"line":33,"column":47}},"12":{"start":{"line":35,"column":4},"end":{"line":35,"column":17}},"13":{"start":{"line":38,"column":20},"end":{"line":93,"column":1}},"14":{"start":{"line":39,"column":23},"end":{"line":39,"column":24}},"15":{"start":{"line":40,"column":31},"end":{"line":40,"column":32}},"16":{"start":{"line":41,"column":38},"end":{"line":41,"column":48}},"17":{"start":{"line":43,"column":4},"end":{"line":92,"column":5}},"18":{"start":{"line":44,"column":8},"end":{"line":88,"column":9}},"19":{"start":{"line":46,"column":12},"end":{"line":47,"column":50}},"20":{"start":{"line":47,"column":16},"end":{"line":47,"column":50}},"21":{"start":{"line":50,"column":12},"end":{"line":55,"column":55}},"22":{"start":{"line":55,"column":16},"end":{"line":55,"column":55}},"23":{"start":{"line":58,"column":32},"end":{"line":60,"column":null}},"24":{"start":{"line":63,"column":36},"end":{"line":66,"column":null}},"25":{"start":{"line":70,"column":12},"end":{"line":85,"column":13}},"26":{"start":{"line":71,"column":16},"end":{"line":74,"column":19}},"27":{"start":{"line":75,"column":19},"end":{"line":85,"column":13}},"28":{"start":{"line":76,"column":35},"end":{"line":78,"column":null}},"29":{"start":{"line":81,"column":16},"end":{"line":84,"column":19}},"30":{"start":{"line":87,"column":12},"end":{"line":87,"column":59}},"31":{"start":{"line":91,"column":8},"end":{"line":91,"column":20}}},"fnMap":{"0":{"name":"(anonymous_0)","decl":{"start":{"line":9,"column":22},"end":{"line":9,"column":23}},"loc":{"start":{"line":9,"column":39},"end":{"line":19,"column":1}}},"1":{"name":"(anonymous_1)","decl":{"start":{"line":21,"column":27},"end":{"line":21,"column":28}},"loc":{"start":{"line":21,"column":88},"end":{"line":36,"column":1}}},"2":{"name":"(anonymous_2)","decl":{"start":{"line":38,"column":20},"end":{"line":38,"column":25}},"loc":{"start":{"line":38,"column":92},"end":{"line":93,"column":1}}}},"branchMap":{"0":{"loc":{"start":{"line":11,"column":8},"end":{"line":16,"column":9}},"type":"if","locations":[{"start":{"line":11,"column":8},"end":{"line":16,"column":9}}]},"1":{"loc":{"start":{"line":12,"column":12},"end":{"line":15,"column":29}},"type":"if","locations":[{"start":{"line":12,"column":12},"end":{"line":15,"column":29}}]},"2":{"loc":{"start":{"line":12,"column":16},"end":{"line":14,"column":55}},"type":"binary-expr","locations":[{"start":{"line":12,"column":16},"end":{"line":12,"column":50}},{"start":{"line":13,"column":16},"end":{"line":13,"column":55}},{"start":{"line":14,"column":16},"end":{"line":14,"column":55}}]},"3":{"loc":{"start":{"line":24,"column":4},"end":{"line":30,"column":48}},"type":"if","locations":[{"start":{"line":24,"column":4},"end":{"line":30,"column":48}}]},"4":{"loc":{"start":{"line":25,"column":8},"end":{"line":27,"column":46}},"type":"binary-expr","locations":[{"start":{"line":25,"column":8},"end":{"line":25,"column":36}},{"start":{"line":26,"column":8},"end":{"line":26,"column":41}},{"start":{"line":27,"column":8},"end":{"line":27,"column":46}}]},"5":{"loc":{"start":{"line":32,"column":4},"end":{"line":33,"column":47}},"type":"if","locations":[{"start":{"line":32,"column":4},"end":{"line":33,"column":47}}]},"6":{"loc":{"start":{"line":32,"column":8},"end":{"line":32,"column":69}},"type":"binary-expr","locations":[{"start":{"line":32,"column":8},"end":{"line":32,"column":34}},{"start":{"line":32,"column":38},"end":{"line":32,"column":69}}]},"7":{"loc":{"start":{"line":44,"column":8},"end":{"line":88,"column":9}},"type":"if","locations":[{"start":{"line":44,"column":8},"end":{"line":88,"column":9}},{"start":{"line":86,"column":15},"end":{"line":88,"column":9}}]},"8":{"loc":{"start":{"line":46,"column":12},"end":{"line":47,"column":50}},"type":"if","locations":[{"start":{"line":46,"column":12},"end":{"line":47,"column":50}}]},"9":{"loc":{"start":{"line":46,"column":16},"end":{"line":46,"column":76}},"type":"binary-expr","locations":[{"start":{"line":46,"column":16},"end":{"line":46,"column":30}},{"start":{"line":46,"column":34},"end":{"line":46,"column":76}}]},"10":{"loc":{"start":{"line":50,"column":12},"end":{"line":55,"column":55}},"type":"if","locations":[{"start":{"line":50,"column":12},"end":{"line":55,"column":55}}]},"11":{"loc":{"start":{"line":51,"column":16},"end":{"line":53,"column":75}},"type":"binary-expr","locations":[{"start":{"line":51,"column":16},"end":{"line":51,"column":31}},{"start":{"line":52,"column":16},"end":{"line":52,"column":59}},{"start":{"line":53,"column":16},"end":{"line":53,"column":75}}]},"12":{"loc":{"start":{"line":70,"column":12},"end":{"line":85,"column":13}},"type":"if","locations":[{"start":{"line":70,"column":12},"end":{"line":85,"column":13}},{"start":{"line":75,"column":19},"end":{"line":85,"column":13}}]},"13":{"loc":{"start":{"line":70,"column":16},"end":{"line":70,"column":64}},"type":"binary-expr","locations":[{"start":{"line":70,"column":16},"end":{"line":70,"column":32}},{"start":{"line":70,"column":36},"end":{"line":70,"column":64}}]},"14":{"loc":{"start":{"line":75,"column":19},"end":{"line":85,"column":13}},"type":"if","locations":[{"start":{"line":75,"column":19},"end":{"line":85,"column":13}}]},"15":{"loc":{"start":{"line":75,"column":23},"end":{"line":75,"column":68}},"type":"binary-expr","locations":[{"start":{"line":75,"column":23},"end":{"line":75,"column":38}},{"start":{"line":75,"column":42},"end":{"line":75,"column":68}}]}},"s":{"0":6,"1":6,"2":5,"3":5,"4":1,"5":5,"6":6,"7":5,"8":5,"9":1,"10":5,"11":1,"12":5,"13":6,"14":6,"15":6,"16":6,"17":6,"18":6,"19":5,"20":1,"21":5,"22":1,"23":5,"24":5,"25":5,"26":1,"27":4,"28":4,"29":4,"30":1,"31":0},"f":{"0":6,"1":5,"2":6},"b":{"0":[5],"1":[1],"2":[5,1,1],"3":[1],"4":[5,1,1],"5":[1],"6":[5,1],"7":[5,1],"8":[1],"9":[5,1],"10":[1],"11":[5,1,1],"12":[1,4],"13":[5,5],"14":[4],"15":[4,4]}}
,"/home/manvinderjit/repos/2023-TOP-Project-Inventory-Application/src/api/controllers/promos.api.controllers.ts": {"path":"/home/manvinderjit/repos/2023-TOP-Project-Inventory-Application/src/api/controllers/promos.api.controllers.ts","statementMap":{"0":{"start":{"line":4,"column":26},"end":{"line":23,"column":1}},"1":{"start":{"line":5,"column":4},"end":{"line":22,"column":5}},"2":{"start":{"line":6,"column":31},"end":{"line":6,"column":75}},"3":{"start":{"line":8,"column":8},"end":{"line":16,"column":9}},"4":{"start":{"line":9,"column":12},"end":{"line":11,"column":15}},"5":{"start":{"line":13,"column":12},"end":{"line":15,"column":15}},"6":{"start":{"line":18,"column":8},"end":{"line":20,"column":11}},"7":{"start":{"line":21,"column":8},"end":{"line":21,"column":20}}},"fnMap":{"0":{"name":"(anonymous_0)","decl":{"start":{"line":4,"column":26},"end":{"line":4,"column":31}},"loc":{"start":{"line":4,"column":83},"end":{"line":23,"column":1}}}},"branchMap":{"0":{"loc":{"start":{"line":8,"column":8},"end":{"line":16,"column":9}},"type":"if","locations":[{"start":{"line":8,"column":8},"end":{"line":16,"column":9}},{"start":{"line":12,"column":15},"end":{"line":16,"column":9}}]},"1":{"loc":{"start":{"line":8,"column":12},"end":{"line":8,"column":58}},"type":"binary-expr","locations":[{"start":{"line":8,"column":12},"end":{"line":8,"column":27}},{"start":{"line":8,"column":31},"end":{"line":8,"column":58}}]}},"s":{"0":5,"1":3,"2":3,"3":2,"4":1,"5":1,"6":1,"7":1},"f":{"0":3},"b":{"0":[1,1],"1":[2,2]}}
,"/home/manvinderjit/repos/2023-TOP-Project-Inventory-Application/src/api/controllers/register.api.controllers.ts": {"path":"/home/manvinderjit/repos/2023-TOP-Project-Inventory-Application/src/api/controllers/register.api.controllers.ts","statementMap":{"0":{"start":{"line":5,"column":32},"end":{"line":44,"column":1}},"1":{"start":{"line":6,"column":4},"end":{"line":43,"column":5}},"2":{"start":{"line":8,"column":44},"end":{"line":8,"column":52}},"3":{"start":{"line":11,"column":8},"end":{"line":39,"column":9}},"4":{"start":{"line":12,"column":12},"end":{"line":12,"column":74}},"5":{"start":{"line":15,"column":13},"end":{"line":39,"column":9}},"6":{"start":{"line":16,"column":12},"end":{"line":18,"column":15}},"7":{"start":{"line":22,"column":31},"end":{"line":22,"column":64}},"8":{"start":{"line":23,"column":12},"end":{"line":38,"column":13}},"9":{"start":{"line":24,"column":16},"end":{"line":24,"column":87}},"10":{"start":{"line":28,"column":39},"end":{"line":28,"column":82}},"11":{"start":{"line":29,"column":16},"end":{"line":37,"column":17}},"12":{"start":{"line":30,"column":20},"end":{"line":32,"column":23}},"13":{"start":{"line":34,"column":20},"end":{"line":36,"column":23}},"14":{"start":{"line":41,"column":8},"end":{"line":41,"column":29}},"15":{"start":{"line":42,"column":8},"end":{"line":42,"column":20}}},"fnMap":{"0":{"name":"(anonymous_0)","decl":{"start":{"line":5,"column":32},"end":{"line":5,"column":37}},"loc":{"start":{"line":5,"column":90},"end":{"line":44,"column":1}}}},"branchMap":{"0":{"loc":{"start":{"line":11,"column":8},"end":{"line":39,"column":9}},"type":"if","locations":[{"start":{"line":11,"column":8},"end":{"line":39,"column":9}},{"start":{"line":15,"column":13},"end":{"line":39,"column":9}}]},"1":{"loc":{"start":{"line":11,"column":12},"end":{"line":11,"column":39}},"type":"binary-expr","locations":[{"start":{"line":11,"column":12},"end":{"line":11,"column":22}},{"start":{"line":11,"column":26},"end":{"line":11,"column":39}}]},"2":{"loc":{"start":{"line":15,"column":13},"end":{"line":39,"column":9}},"type":"if","locations":[{"start":{"line":15,"column":13},"end":{"line":39,"column":9}},{"start":{"line":20,"column":13},"end":{"line":39,"column":9}}]},"3":{"loc":{"start":{"line":15,"column":17},"end":{"line":15,"column":77}},"type":"binary-expr","locations":[{"start":{"line":15,"column":17},"end":{"line":15,"column":42}},{"start":{"line":15,"column":46},"end":{"line":15,"column":77}}]},"4":{"loc":{"start":{"line":23,"column":12},"end":{"line":38,"column":13}},"type":"if","locations":[{"start":{"line":23,"column":12},"end":{"line":38,"column":13}},{"start":{"line":27,"column":17},"end":{"line":38,"column":13}}]},"5":{"loc":{"start":{"line":29,"column":16},"end":{"line":37,"column":17}},"type":"if","locations":[{"start":{"line":29,"column":16},"end":{"line":37,"column":17}},{"start":{"line":33,"column":23},"end":{"line":37,"column":17}}]},"6":{"loc":{"start":{"line":29,"column":19},"end":{"line":29,"column":55}},"type":"binary-expr","locations":[{"start":{"line":29,"column":19},"end":{"line":29,"column":33}},{"start":{"line":29,"column":37},"end":{"line":29,"column":55}}]}},"s":{"0":6,"1":11,"2":11,"3":11,"4":3,"5":8,"6":5,"7":3,"8":3,"9":1,"10":2,"11":2,"12":1,"13":1,"14":0,"15":0},"f":{"0":11},"b":{"0":[3,8],"1":[11,9],"2":[5,3],"3":[8,5],"4":[1,2],"5":[1,1],"6":[2,2]}}
,"/home/manvinderjit/repos/2023-TOP-Project-Inventory-Application/src/api/helpers/orders.api.helpers.ts": {"path":"/home/manvinderjit/repos/2023-TOP-Project-Inventory-Application/src/api/helpers/orders.api.helpers.ts","statementMap":{"0":{"start":{"line":14,"column":27},"end":{"line":33,"column":1}},"1":{"start":{"line":15,"column":35},"end":{"line":15,"column":37}},"2":{"start":{"line":22,"column":4},"end":{"line":30,"column":7}},"3":{"start":{"line":23,"column":8},"end":{"line":29,"column":9}},"4":{"start":{"line":28,"column":12},"end":{"line":28,"column":41}},"5":{"start":{"line":32,"column":4},"end":{"line":32,"column":24}},"6":{"start":{"line":36,"column":22},"end":{"line":41,"column":null}},"7":{"start":{"line":40,"column":4},"end":{"line":41,"column":null}},"8":{"start":{"line":41,"column":8},"end":{"line":41,"column":70}},"9":{"start":{"line":41,"column":34},"end":{"line":41,"column":69}},"10":{"start":{"line":45,"column":29},"end":{"line":65,"column":1}},"11":{"start":{"line":49,"column":40},"end":{"line":49,"column":42}},"12":{"start":{"line":50,"column":37},"end":{"line":62,"column":null}},"13":{"start":{"line":51,"column":8},"end":{"line":62,"column":10}},"14":{"start":{"line":52,"column":12},"end":{"line":56,"column":50}},"15":{"start":{"line":56,"column":16},"end":{"line":56,"column":50}},"16":{"start":{"line":58,"column":12},"end":{"line":61,"column":14}},"17":{"start":{"line":64,"column":4},"end":{"line":64,"column":50}},"18":{"start":{"line":68,"column":31},"end":{"line":78,"column":1}},"19":{"start":{"line":69,"column":16},"end":{"line":69,"column":17}},"20":{"start":{"line":70,"column":4},"end":{"line":76,"column":6}},"21":{"start":{"line":74,"column":13},"end":{"line":74,"column":79}},"22":{"start":{"line":77,"column":4},"end":{"line":77,"column":63}},"23":{"start":{"line":81,"column":33},"end":{"line":130,"column":1}},"24":{"start":{"line":85,"column":32},"end":{"line":85,"column":36}},"25":{"start":{"line":88,"column":30},"end":{"line":88,"column":32}},"26":{"start":{"line":89,"column":59},"end":{"line":89,"column":61}},"27":{"start":{"line":90,"column":4},"end":{"line":93,"column":7}},"28":{"start":{"line":91,"column":8},"end":{"line":91,"column":39}},"29":{"start":{"line":92,"column":8},"end":{"line":92,"column":79}},"30":{"start":{"line":96,"column":23},"end":{"line":96,"column":53}},"31":{"start":{"line":99,"column":37},"end":{"line":101,"column":null}},"32":{"start":{"line":105,"column":37},"end":{"line":105,"column":67}},"33":{"start":{"line":108,"column":4},"end":{"line":128,"column":5}},"34":{"start":{"line":110,"column":12},"end":{"line":110,"column":70}},"35":{"start":{"line":111,"column":12},"end":{"line":111,"column":18}},"36":{"start":{"line":114,"column":12},"end":{"line":114,"column":95}},"37":{"start":{"line":115,"column":12},"end":{"line":115,"column":18}},"38":{"start":{"line":118,"column":12},"end":{"line":118,"column":119}},"39":{"start":{"line":119,"column":12},"end":{"line":119,"column":18}},"40":{"start":{"line":122,"column":12},"end":{"line":122,"column":70}},"41":{"start":{"line":123,"column":12},"end":{"line":123,"column":18}},"42":{"start":{"line":126,"column":12},"end":{"line":126,"column":17}},"43":{"start":{"line":129,"column":4},"end":{"line":129,"column":33}}},"fnMap":{"0":{"name":"(anonymous_0)","decl":{"start":{"line":14,"column":27},"end":{"line":14,"column":28}},"loc":{"start":{"line":14,"column":65},"end":{"line":33,"column":1}}},"1":{"name":"(anonymous_1)","decl":{"start":{"line":22,"column":23},"end":{"line":22,"column":24}},"loc":{"start":{"line":22,"column":32},"end":{"line":30,"column":5}}},"2":{"name":"(anonymous_2)","decl":{"start":{"line":36,"column":22},"end":{"line":36,"column":null}},"loc":{"start":{"line":40,"column":4},"end":{"line":41,"column":null}}},"3":{"name":"(anonymous_3)","decl":{"start":{"line":40,"column":18},"end":{"line":40,"column":19}},"loc":{"start":{"line":41,"column":8},"end":{"line":41,"column":70}}},"4":{"name":"(anonymous_4)","decl":{"start":{"line":41,"column":24},"end":{"line":41,"column":25}},"loc":{"start":{"line":41,"column":34},"end":{"line":41,"column":69}}},"5":{"name":"(anonymous_5)","decl":{"start":{"line":45,"column":29},"end":{"line":45,"column":null}},"loc":{"start":{"line":48,"column":63},"end":{"line":65,"column":1}}},"6":{"name":"(anonymous_6)","decl":{"start":{"line":50,"column":59},"end":{"line":50,"column":60}},"loc":{"start":{"line":51,"column":8},"end":{"line":62,"column":10}}},"7":{"name":"(anonymous_7)","decl":{"start":{"line":51,"column":29},"end":{"line":51,"column":30}},"loc":{"start":{"line":51,"column":38},"end":{"line":62,"column":9}}},"8":{"name":"(anonymous_8)","decl":{"start":{"line":68,"column":31},"end":{"line":68,"column":32}},"loc":{"start":{"line":68,"column":74},"end":{"line":78,"column":1}}},"9":{"name":"(anonymous_9)","decl":{"start":{"line":71,"column":8},"end":{"line":71,"column":null}},"loc":{"start":{"line":74,"column":13},"end":{"line":74,"column":79}}},"10":{"name":"(anonymous_10)","decl":{"start":{"line":81,"column":33},"end":{"line":81,"column":38}},"loc":{"start":{"line":84,"column":4},"end":{"line":130,"column":1}}},"11":{"name":"(anonymous_11)","decl":{"start":{"line":90,"column":23},"end":{"line":90,"column":24}},"loc":{"start":{"line":90,"column":32},"end":{"line":93,"column":5}}}},"branchMap":{"0":{"loc":{"start":{"line":23,"column":8},"end":{"line":29,"column":9}},"type":"if","locations":[{"start":{"line":23,"column":8},"end":{"line":29,"column":9}}]},"1":{"loc":{"start":{"line":24,"column":12},"end":{"line":26,"column":49}},"type":"binary-expr","locations":[{"start":{"line":24,"column":12},"end":{"line":24,"column":56}},{"start":{"line":25,"column":12},"end":{"line":25,"column":56}},{"start":{"line":26,"column":12},"end":{"line":26,"column":49}}]},"2":{"loc":{"start":{"line":52,"column":12},"end":{"line":56,"column":50}},"type":"if","locations":[{"start":{"line":52,"column":12},"end":{"line":56,"column":50}}]},"3":{"loc":{"start":{"line":53,"column":16},"end":{"line":54,"column":63}},"type":"binary-expr","locations":[{"start":{"line":53,"column":16},"end":{"line":53,"column":62}},{"start":{"line":54,"column":16},"end":{"line":54,"column":63}}]},"4":{"loc":{"start":{"line":59,"column":16},"end":{"line":60,"column":64}},"type":"binary-expr","locations":[{"start":{"line":59,"column":16},"end":{"line":59,"column":62}},{"start":{"line":60,"column":16},"end":{"line":60,"column":64}}]},"5":{"loc":{"start":{"line":108,"column":4},"end":{"line":128,"column":5}},"type":"switch","locations":[{"start":{"line":109,"column":8},"end":{"line":112,"column":9}},{"start":{"line":113,"column":8},"end":{"line":116,"column":9}},{"start":{"line":117,"column":8},"end":{"line":120,"column":9}},{"start":{"line":121,"column":8},"end":{"line":124,"column":9}},{"start":{"line":125,"column":8},"end":{"line":127,"column":9}}]}},"s":{"0":6,"1":10,"2":10,"3":24,"4":3,"5":10,"6":6,"7":10,"8":24,"9":44,"10":6,"11":10,"12":10,"13":23,"14":44,"15":1,"16":44,"17":10,"18":6,"19":5,"20":5,"21":15,"22":5,"23":6,"24":10,"25":10,"26":10,"27":10,"28":24,"29":24,"30":10,"31":10,"32":10,"33":10,"34":1,"35":1,"36":3,"37":3,"38":1,"39":1,"40":1,"41":1,"42":4,"43":10},"f":{"0":10,"1":24,"2":10,"3":24,"4":44,"5":10,"6":23,"7":44,"8":5,"9":15,"10":10,"11":24},"b":{"0":[3],"1":[24,23,22],"2":[1],"3":[44,22],"4":[44,22],"5":[1,3,1,1,4]}}
,"/home/manvinderjit/repos/2023-TOP-Project-Inventory-Application/src/api/routers/index.api.router.ts": {"path":"/home/manvinderjit/repos/2023-TOP-Project-Inventory-Application/src/api/routers/index.api.router.ts","statementMap":{"0":{"start":{"line":9,"column":26},"end":{"line":9,"column":42}},"1":{"start":{"line":11,"column":0},"end":{"line":11,"column":46}},"2":{"start":{"line":13,"column":0},"end":{"line":13,"column":42}},"3":{"start":{"line":15,"column":0},"end":{"line":15,"column":40}},"4":{"start":{"line":17,"column":0},"end":{"line":17,"column":46}},"5":{"start":{"line":19,"column":0},"end":{"line":19,"column":58}}},"fnMap":{},"branchMap":{},"s":{"0":5,"1":5,"2":5,"3":5,"4":5,"5":5},"f":{},"b":{}}
,"/home/manvinderjit/repos/2023-TOP-Project-Inventory-Application/src/api/routers/login.api.router.ts": {"path":"/home/manvinderjit/repos/2023-TOP-Project-Inventory-Application/src/api/routers/login.api.router.ts","statementMap":{"0":{"start":{"line":4,"column":31},"end":{"line":4,"column":47}},"1":{"start":{"line":6,"column":0},"end":{"line":6,"column":60}}},"fnMap":{},"branchMap":{},"s":{"0":5,"1":5},"f":{},"b":{}}
,"/home/manvinderjit/repos/2023-TOP-Project-Inventory-Application/src/api/routers/orders.api.router.ts": {"path":"/home/manvinderjit/repos/2023-TOP-Project-Inventory-Application/src/api/routers/orders.api.router.ts","statementMap":{"0":{"start":{"line":5,"column":32},"end":{"line":5,"column":48}},"1":{"start":{"line":7,"column":0},"end":{"line":7,"column":60}},"2":{"start":{"line":9,"column":0},"end":{"line":9,"column":71}},"3":{"start":{"line":11,"column":0},"end":{"line":11,"column":71}}},"fnMap":{},"branchMap":{},"s":{"0":5,"1":5,"2":5,"3":5},"f":{},"b":{}}
,"/home/manvinderjit/repos/2023-TOP-Project-Inventory-Application/src/api/routers/products.api.router.ts": {"path":"/home/manvinderjit/repos/2023-TOP-Project-Inventory-Application/src/api/routers/products.api.router.ts","statementMap":{"0":{"start":{"line":5,"column":34},"end":{"line":5,"column":50}},"1":{"start":{"line":7,"column":0},"end":{"line":7,"column":63}},"2":{"start":{"line":9,"column":0},"end":{"line":9,"column":51}}},"fnMap":{},"branchMap":{},"s":{"0":5,"1":5,"2":5},"f":{},"b":{}}
,"/home/manvinderjit/repos/2023-TOP-Project-Inventory-Application/src/api/routers/promos.api.router.ts": {"path":"/home/manvinderjit/repos/2023-TOP-Project-Inventory-Application/src/api/routers/promos.api.router.ts","statementMap":{"0":{"start":{"line":5,"column":32},"end":{"line":5,"column":48}},"1":{"start":{"line":7,"column":0},"end":{"line":7,"column":52}},"2":{"start":{"line":9,"column":0},"end":{"line":9,"column":49}}},"fnMap":{},"branchMap":{},"s":{"0":5,"1":5,"2":5},"f":{},"b":{}}
,"/home/manvinderjit/repos/2023-TOP-Project-Inventory-Application/src/api/routers/register.api.router.ts": {"path":"/home/manvinderjit/repos/2023-TOP-Project-Inventory-Application/src/api/routers/register.api.router.ts","statementMap":{"0":{"start":{"line":4,"column":34},"end":{"line":4,"column":50}},"1":{"start":{"line":6,"column":0},"end":{"line":6,"column":69}}},"fnMap":{},"branchMap":{},"s":{"0":5,"1":5},"f":{},"b":{}}
,"/home/manvinderjit/repos/2023-TOP-Project-Inventory-Application/src/api/services/auth.api.services.ts": {"path":"/home/manvinderjit/repos/2023-TOP-Project-Inventory-Application/src/api/services/auth.api.services.ts","statementMap":{"0":{"start":{"line":4,"column":32},"end":{"line":7,"column":1}},"1":{"start":{"line":5,"column":17},"end":{"line":5,"column":64}},"2":{"start":{"line":6,"column":4},"end":{"line":6,"column":16}},"3":{"start":{"line":9,"column":28},"end":{"line":15,"column":1}},"4":{"start":{"line":11,"column":27},"end":{"line":11,"column":62}},"5":{"start":{"line":13,"column":27},"end":{"line":13,"column":92}},"6":{"start":{"line":14,"column":4},"end":{"line":14,"column":26}}},"fnMap":{"0":{"name":"(anonymous_0)","decl":{"start":{"line":4,"column":32},"end":{"line":4,"column":37}},"loc":{"start":{"line":4,"column":60},"end":{"line":7,"column":1}}},"1":{"name":"(anonymous_1)","decl":{"start":{"line":9,"column":28},"end":{"line":9,"column":33}},"loc":{"start":{"line":9,"column":78},"end":{"line":15,"column":1}}}},"branchMap":{},"s":{"0":7,"1":6,"2":6,"3":7,"4":2,"5":2,"6":2},"f":{"0":6,"1":2},"b":{}}
,"/home/manvinderjit/repos/2023-TOP-Project-Inventory-Application/src/api/services/orders.api.services.ts": {"path":"/home/manvinderjit/repos/2023-TOP-Project-Inventory-Application/src/api/services/orders.api.services.ts","statementMap":{"0":{"start":{"line":6,"column":44},"end":{"line":11,"column":1}},"1":{"start":{"line":7,"column":29},"end":{"line":7,"column":79}},"2":{"start":{"line":8,"column":4},"end":{"line":10,"column":6}},"3":{"start":{"line":14,"column":31},"end":{"line":27,"column":1}},"4":{"start":{"line":16,"column":46},"end":{"line":24,"column":15}},"5":{"start":{"line":26,"column":4},"end":{"line":26,"column":22}},"6":{"start":{"line":30,"column":31},"end":{"line":39,"column":1}},"7":{"start":{"line":31,"column":29},"end":{"line":31,"column":52}},"8":{"start":{"line":33,"column":46},"end":{"line":36,"column":null}},"9":{"start":{"line":38,"column":4},"end":{"line":38,"column":24}},"10":{"start":{"line":42,"column":31},"end":{"line":52,"column":1}},"11":{"start":{"line":43,"column":84},"end":{"line":49,"column":11}},"12":{"start":{"line":51,"column":4},"end":{"line":51,"column":27}},"13":{"start":{"line":55,"column":31},"end":{"line":106,"column":1}},"14":{"start":{"line":64,"column":23},"end":{"line":71,"column":6}},"15":{"start":{"line":65,"column":8},"end":{"line":70,"column":10}},"16":{"start":{"line":73,"column":20},"end":{"line":73,"column":49}},"17":{"start":{"line":74,"column":4},"end":{"line":74,"column":31}},"18":{"start":{"line":75,"column":4},"end":{"line":105,"column":5}},"19":{"start":{"line":76,"column":29},"end":{"line":76,"column":61}},"20":{"start":{"line":91,"column":42},"end":{"line":91,"column":77}},"21":{"start":{"line":92,"column":8},"end":{"line":95,"column":9}},"22":{"start":{"line":93,"column":12},"end":{"line":93,"column":45}},"23":{"start":{"line":94,"column":12},"end":{"line":94,"column":80}},"24":{"start":{"line":97,"column":8},"end":{"line":97,"column":42}},"25":{"start":{"line":98,"column":8},"end":{"line":98,"column":28}},"26":{"start":{"line":100,"column":8},"end":{"line":100,"column":41}},"27":{"start":{"line":101,"column":8},"end":{"line":101,"column":66}},"28":{"start":{"line":102,"column":8},"end":{"line":102,"column":20}},"29":{"start":{"line":104,"column":8},"end":{"line":104,"column":29}}},"fnMap":{"0":{"name":"(anonymous_0)","decl":{"start":{"line":6,"column":44},"end":{"line":6,"column":49}},"loc":{"start":{"line":6,"column":95},"end":{"line":11,"column":1}}},"1":{"name":"(anonymous_1)","decl":{"start":{"line":14,"column":31},"end":{"line":14,"column":36}},"loc":{"start":{"line":14,"column":151},"end":{"line":27,"column":1}}},"2":{"name":"(anonymous_2)","decl":{"start":{"line":30,"column":31},"end":{"line":30,"column":36}},"loc":{"start":{"line":30,"column":103},"end":{"line":39,"column":1}}},"3":{"name":"(anonymous_3)","decl":{"start":{"line":42,"column":31},"end":{"line":42,"column":36}},"loc":{"start":{"line":42,"column":59},"end":{"line":52,"column":1}}},"4":{"name":"(anonymous_4)","decl":{"start":{"line":55,"column":31},"end":{"line":55,"column":36}},"loc":{"start":{"line":63,"column":5},"end":{"line":106,"column":1}}},"5":{"name":"(anonymous_5)","decl":{"start":{"line":64,"column":46},"end":{"line":64,"column":50}},"loc":{"start":{"line":64,"column":53},"end":{"line":71,"column":5}}}},"branchMap":{"0":{"loc":{"start":{"line":6,"column":67},"end":{"line":6,"column":91}},"type":"default-arg","locations":[{"start":{"line":6,"column":90},"end":{"line":6,"column":91}}]},"1":{"loc":{"start":{"line":14,"column":54},"end":{"line":14,"column":89}},"type":"default-arg","locations":[{"start":{"line":14,"column":88},"end":{"line":14,"column":89}}]},"2":{"loc":{"start":{"line":14,"column":91},"end":{"line":14,"column":115}},"type":"default-arg","locations":[{"start":{"line":14,"column":114},"end":{"line":14,"column":115}}]},"3":{"loc":{"start":{"line":92,"column":8},"end":{"line":95,"column":9}},"type":"if","locations":[{"start":{"line":92,"column":8},"end":{"line":95,"column":9}}]}},"s":{"0":6,"1":2,"2":2,"3":6,"4":3,"5":3,"6":6,"7":4,"8":4,"9":4,"10":6,"11":10,"12":10,"13":6,"14":4,"15":12,"16":4,"17":3,"18":3,"19":3,"20":1,"21":1,"22":0,"23":0,"24":1,"25":1,"26":2,"27":2,"28":2,"29":3},"f":{"0":2,"1":3,"2":4,"3":10,"4":4,"5":12},"b":{"0":[0],"1":[0],"2":[0],"3":[0]}}
,"/home/manvinderjit/repos/2023-TOP-Project-Inventory-Application/src/api/services/products.api.services.ts": {"path":"/home/manvinderjit/repos/2023-TOP-Project-Inventory-Application/src/api/services/products.api.services.ts","statementMap":{"0":{"start":{"line":4,"column":36},"end":{"line":9,"column":1}},"1":{"start":{"line":5,"column":30},"end":{"line":5,"column":65}},"2":{"start":{"line":6,"column":4},"end":{"line":8,"column":6}},"3":{"start":{"line":11,"column":29},"end":{"line":31,"column":1}},"4":{"start":{"line":16,"column":28},"end":{"line":28,"column":15}},"5":{"start":{"line":30,"column":8},"end":{"line":30,"column":31}}},"fnMap":{"0":{"name":"(anonymous_0)","decl":{"start":{"line":4,"column":36},"end":{"line":4,"column":41}},"loc":{"start":{"line":4,"column":101},"end":{"line":9,"column":1}}},"1":{"name":"(anonymous_1)","decl":{"start":{"line":11,"column":29},"end":{"line":11,"column":34}},"loc":{"start":{"line":15,"column":4},"end":{"line":31,"column":1}}}},"branchMap":{"0":{"loc":{"start":{"line":4,"column":73},"end":{"line":4,"column":97}},"type":"default-arg","locations":[{"start":{"line":4,"column":96},"end":{"line":4,"column":97}}]},"1":{"loc":{"start":{"line":12,"column":4},"end":{"line":12,"column":27}},"type":"default-arg","locations":[{"start":{"line":12,"column":26},"end":{"line":12,"column":27}}]},"2":{"loc":{"start":{"line":13,"column":4},"end":{"line":13,"column":28}},"type":"default-arg","locations":[{"start":{"line":13,"column":27},"end":{"line":13,"column":28}}]}},"s":{"0":6,"1":4,"2":4,"3":6,"4":5,"5":5},"f":{"0":4,"1":5},"b":{"0":[0],"1":[0],"2":[0]}}
,"/home/manvinderjit/repos/2023-TOP-Project-Inventory-Application/src/api/services/promos.api.services.ts": {"path":"/home/manvinderjit/repos/2023-TOP-Project-Inventory-Application/src/api/services/promos.api.services.ts","statementMap":{"0":{"start":{"line":3,"column":28},"end":{"line":13,"column":1}},"1":{"start":{"line":4,"column":27},"end":{"line":10,"column":11}},"2":{"start":{"line":12,"column":4},"end":{"line":12,"column":26}}},"fnMap":{"0":{"name":"(anonymous_0)","decl":{"start":{"line":3,"column":28},"end":{"line":3,"column":33}},"loc":{"start":{"line":3,"column":39},"end":{"line":13,"column":1}}}},"branchMap":{},"s":{"0":5,"1":3,"2":2},"f":{"0":3},"b":{}}
,"/home/manvinderjit/repos/2023-TOP-Project-Inventory-Application/src/app/controllers/auth.app.controllers.ts": {"path":"/home/manvinderjit/repos/2023-TOP-Project-Inventory-Application/src/app/controllers/auth.app.controllers.ts","statementMap":{"0":{"start":{"line":6,"column":18},"end":{"line":12,"column":1}},"1":{"start":{"line":7,"column":4},"end":{"line":11,"column":7}},"2":{"start":{"line":14,"column":32},"end":{"line":33,"column":1}},"3":{"start":{"line":15,"column":32},"end":{"line":15,"column":40}},"4":{"start":{"line":17,"column":24},"end":{"line":17,"column":60}},"5":{"start":{"line":19,"column":4},"end":{"line":32,"column":5}},"6":{"start":{"line":20,"column":8},"end":{"line":20,"column":35}},"7":{"start":{"line":21,"column":8},"end":{"line":21,"column":38}},"8":{"start":{"line":23,"column":8},"end":{"line":23,"column":26}},"9":{"start":{"line":26,"column":9},"end":{"line":32,"column":5}},"10":{"start":{"line":27,"column":8},"end":{"line":31,"column":11}},"11":{"start":{"line":35,"column":21},"end":{"line":41,"column":1}},"12":{"start":{"line":36,"column":4},"end":{"line":40,"column":7}},"13":{"start":{"line":43,"column":43},"end":{"line":59,"column":1}},"14":{"start":{"line":44,"column":43},"end":{"line":44,"column":47}},"15":{"start":{"line":45,"column":4},"end":{"line":57,"column":5}},"16":{"start":{"line":46,"column":8},"end":{"line":46,"column":52}},"17":{"start":{"line":48,"column":9},"end":{"line":57,"column":5}},"18":{"start":{"line":53,"column":8},"end":{"line":53,"column":55}},"19":{"start":{"line":55,"column":9},"end":{"line":57,"column":5}},"20":{"start":{"line":56,"column":8},"end":{"line":56,"column":67}},"21":{"start":{"line":58,"column":4},"end":{"line":58,"column":17}},"22":{"start":{"line":61,"column":25},"end":{"line":107,"column":1}},"23":{"start":{"line":65,"column":4},"end":{"line":106,"column":5}},"24":{"start":{"line":66,"column":53},"end":{"line":66,"column":61}},"25":{"start":{"line":69,"column":47},"end":{"line":69,"column":115}},"26":{"start":{"line":72,"column":8},"end":{"line":99,"column":9}},"27":{"start":{"line":73,"column":12},"end":{"line":77,"column":15}},"28":{"start":{"line":80,"column":13},"end":{"line":99,"column":9}},"29":{"start":{"line":83,"column":39},"end":{"line":83,"column":99}},"30":{"start":{"line":85,"column":12},"end":{"line":98,"column":13}},"31":{"start":{"line":86,"column":16},"end":{"line":90,"column":19}},"32":{"start":{"line":91,"column":19},"end":{"line":98,"column":13}},"33":{"start":{"line":92,"column":16},"end":{"line":97,"column":19}},"34":{"start":{"line":101,"column":8},"end":{"line":105,"column":11}}},"fnMap":{"0":{"name":"(anonymous_0)","decl":{"start":{"line":6,"column":18},"end":{"line":6,"column":19}},"loc":{"start":{"line":6,"column":50},"end":{"line":12,"column":1}}},"1":{"name":"(anonymous_1)","decl":{"start":{"line":14,"column":32},"end":{"line":14,"column":37}},"loc":{"start":{"line":14,"column":89},"end":{"line":33,"column":1}}},"2":{"name":"(anonymous_2)","decl":{"start":{"line":35,"column":21},"end":{"line":35,"column":22}},"loc":{"start":{"line":35,"column":53},"end":{"line":41,"column":1}}},"3":{"name":"(anonymous_3)","decl":{"start":{"line":43,"column":43},"end":{"line":43,"column":44}},"loc":{"start":{"line":43,"column":104},"end":{"line":59,"column":1}}},"4":{"name":"(anonymous_4)","decl":{"start":{"line":61,"column":25},"end":{"line":61,"column":30}},"loc":{"start":{"line":64,"column":19},"end":{"line":107,"column":1}}}},"branchMap":{"0":{"loc":{"start":{"line":19,"column":4},"end":{"line":32,"column":5}},"type":"if","locations":[{"start":{"line":19,"column":4},"end":{"line":32,"column":5}},{"start":{"line":26,"column":9},"end":{"line":32,"column":5}}]},"1":{"loc":{"start":{"line":19,"column":7},"end":{"line":19,"column":71}},"type":"binary-expr","locations":[{"start":{"line":19,"column":7},"end":{"line":19,"column":41}},{"start":{"line":19,"column":45},"end":{"line":19,"column":71}}]},"2":{"loc":{"start":{"line":26,"column":9},"end":{"line":32,"column":5}},"type":"if","locations":[{"start":{"line":26,"column":9},"end":{"line":32,"column":5}}]},"3":{"loc":{"start":{"line":45,"column":4},"end":{"line":57,"column":5}},"type":"if","locations":[{"start":{"line":45,"column":4},"end":{"line":57,"column":5}},{"start":{"line":48,"column":9},"end":{"line":57,"column":5}}]},"4":{"loc":{"start":{"line":45,"column":8},"end":{"line":45,"column":47}},"type":"binary-expr","locations":[{"start":{"line":45,"column":8},"end":{"line":45,"column":14}},{"start":{"line":45,"column":18},"end":{"line":45,"column":27}},{"start":{"line":45,"column":31},"end":{"line":45,"column":47}}]},"5":{"loc":{"start":{"line":48,"column":9},"end":{"line":57,"column":5}},"type":"if","locations":[{"start":{"line":48,"column":9},"end":{"line":57,"column":5}},{"start":{"line":55,"column":9},"end":{"line":57,"column":5}}]},"6":{"loc":{"start":{"line":49,"column":8},"end":{"line":51,"column":42}},"type":"binary-expr","locations":[{"start":{"line":49,"column":8},"end":{"line":49,"column":29}},{"start":{"line":50,"column":8},"end":{"line":50,"column":35}},{"start":{"line":51,"column":8},"end":{"line":51,"column":42}}]},"7":{"loc":{"start":{"line":55,"column":9},"end":{"line":57,"column":5}},"type":"if","locations":[{"start":{"line":55,"column":9},"end":{"line":57,"column":5}}]},"8":{"loc":{"start":{"line":72,"column":8},"end":{"line":99,"column":9}},"type":"if","locations":[{"start":{"line":72,"column":8},"end":{"line":99,"column":9}},{"start":{"line":80,"column":13},"end":{"line":99,"column":9}}]},"9":{"loc":{"start":{"line":80,"column":13},"end":{"line":99,"column":9}},"type":"if","locations":[{"start":{"line":80,"column":13},"end":{"line":99,"column":9}}]},"10":{"loc":{"start":{"line":85,"column":12},"end":{"line":98,"column":13}},"type":"if","locations":[{"start":{"line":85,"column":12},"end":{"line":98,"column":13}},{"start":{"line":91,"column":19},"end":{"line":98,"column":13}}]},"11":{"loc":{"start":{"line":85,"column":16},"end":{"line":85,"column":50}},"type":"binary-expr","locations":[{"start":{"line":85,"column":16},"end":{"line":85,"column":32}},{"start":{"line":85,"column":36},"end":{"line":85,"column":50}}]},"12":{"loc":{"start":{"line":91,"column":19},"end":{"line":98,"column":13}},"type":"if","locations":[{"start":{"line":91,"column":19},"end":{"line":98,"column":13}}]},"13":{"loc":{"start":{"line":91,"column":23},"end":{"line":91,"column":57}},"type":"binary-expr","locations":[{"start":{"line":91,"column":23},"end":{"line":91,"column":39}},{"start":{"line":91,"column":43},"end":{"line":91,"column":57}}]}},"s":{"0":5,"1":1,"2":5,"3":3,"4":3,"5":3,"6":2,"7":2,"8":2,"9":1,"10":1,"11":5,"12":1,"13":5,"14":12,"15":12,"16":4,"17":8,"18":3,"19":5,"20":1,"21":12,"22":5,"23":12,"24":12,"25":12,"26":12,"27":8,"28":4,"29":4,"30":4,"31":3,"32":1,"33":1,"34":0},"f":{"0":1,"1":3,"2":1,"3":12,"4":12},"b":{"0":[2,1],"1":[3,2],"2":[1],"3":[4,8],"4":[12,10,9],"5":[3,5],"6":[8,7,6],"7":[1],"8":[8,4],"9":[4],"10":[3,1],"11":[4,1],"12":[1],"13":[1,1]}}
,"/home/manvinderjit/repos/2023-TOP-Project-Inventory-Application/src/app/controllers/category.app.controllers.ts": {"path":"/home/manvinderjit/repos/2023-TOP-Project-Inventory-Application/src/app/controllers/category.app.controllers.ts","statementMap":{"0":{"start":{"line":14,"column":32},"end":{"line":29,"column":1}},"1":{"start":{"line":15,"column":4},"end":{"line":28,"column":5}},"2":{"start":{"line":16,"column":27},"end":{"line":16,"column":50}},"3":{"start":{"line":17,"column":8},"end":{"line":21,"column":11}},"4":{"start":{"line":23,"column":8},"end":{"line":27,"column":11}},"5":{"start":{"line":31,"column":31},"end":{"line":74,"column":1}},"6":{"start":{"line":32,"column":4},"end":{"line":73,"column":5}},"7":{"start":{"line":33,"column":35},"end":{"line":33,"column":39}},"8":{"start":{"line":36,"column":8},"end":{"line":56,"column":9}},"9":{"start":{"line":37,"column":12},"end":{"line":37,"column":56}},"10":{"start":{"line":41,"column":68},"end":{"line":41,"column":109}},"11":{"start":{"line":43,"column":12},"end":{"line":55,"column":15}},"12":{"start":{"line":44,"column":16},"end":{"line":44,"column":54}},"13":{"start":{"line":47,"column":17},"end":{"line":55,"column":15}},"14":{"start":{"line":48,"column":16},"end":{"line":55,"column":15}},"15":{"start":{"line":58,"column":8},"end":{"line":64,"column":9}},"16":{"start":{"line":59,"column":12},"end":{"line":63,"column":15}},"17":{"start":{"line":67,"column":8},"end":{"line":67,"column":29}},"18":{"start":{"line":68,"column":8},"end":{"line":72,"column":11}},"19":{"start":{"line":76,"column":30},"end":{"line":94,"column":1}},"20":{"start":{"line":77,"column":4},"end":{"line":93,"column":5}},"21":{"start":{"line":78,"column":8},"end":{"line":83,"column":11}},"22":{"start":{"line":85,"column":8},"end":{"line":85,"column":29}},"23":{"start":{"line":86,"column":8},"end":{"line":92,"column":11}},"24":{"start":{"line":96,"column":27},"end":{"line":143,"column":1}},"25":{"start":{"line":97,"column":4},"end":{"line":141,"column":5}},"26":{"start":{"line":98,"column":20},"end":{"line":98,"column":24}},"27":{"start":{"line":100,"column":8},"end":{"line":103,"column":9}},"28":{"start":{"line":102,"column":12},"end":{"line":102,"column":59}},"29":{"start":{"line":105,"column":29},"end":{"line":105,"column":75}},"30":{"start":{"line":106,"column":36},"end":{"line":107,"column":null}},"31":{"start":{"line":110,"column":8},"end":{"line":113,"column":9}},"32":{"start":{"line":112,"column":12},"end":{"line":112,"column":67}},"33":{"start":{"line":115,"column":8},"end":{"line":130,"column":9}},"34":{"start":{"line":116,"column":36},"end":{"line":116,"column":91}},"35":{"start":{"line":117,"column":12},"end":{"line":127,"column":13}},"36":{"start":{"line":118,"column":16},"end":{"line":124,"column":19}},"37":{"start":{"line":126,"column":16},"end":{"line":126,"column":61}},"38":{"start":{"line":129,"column":12},"end":{"line":129,"column":74}},"39":{"start":{"line":133,"column":8},"end":{"line":133,"column":27}},"40":{"start":{"line":134,"column":8},"end":{"line":140,"column":11}},"41":{"start":{"line":145,"column":24},"end":{"line":179,"column":1}},"42":{"start":{"line":146,"column":4},"end":{"line":178,"column":5}},"43":{"start":{"line":148,"column":8},"end":{"line":166,"column":9}},"44":{"start":{"line":149,"column":12},"end":{"line":149,"column":64}},"45":{"start":{"line":151,"column":36},"end":{"line":151,"column":79}},"46":{"start":{"line":152,"column":12},"end":{"line":165,"column":58}},"47":{"start":{"line":157,"column":16},"end":{"line":164,"column":19}},"48":{"start":{"line":165,"column":19},"end":{"line":165,"column":58}},"49":{"start":{"line":169,"column":8},"end":{"line":169,"column":27}},"50":{"start":{"line":170,"column":8},"end":{"line":177,"column":11}},"51":{"start":{"line":181,"column":25},"end":{"line":225,"column":1}},"52":{"start":{"line":182,"column":4},"end":{"line":224,"column":5}},"53":{"start":{"line":184,"column":8},"end":{"line":213,"column":9}},"54":{"start":{"line":185,"column":12},"end":{"line":185,"column":64}},"55":{"start":{"line":188,"column":13},"end":{"line":213,"column":9}},"56":{"start":{"line":189,"column":12},"end":{"line":189,"column":58}},"57":{"start":{"line":193,"column":33},"end":{"line":193,"column":79}},"58":{"start":{"line":194,"column":40},"end":{"line":195,"column":null}},"59":{"start":{"line":198,"column":12},"end":{"line":212,"column":13}},"60":{"start":{"line":199,"column":44},"end":{"line":202,"column":null}},"61":{"start":{"line":204,"column":51},"end":{"line":204,"column":114}},"62":{"start":{"line":205,"column":16},"end":{"line":209,"column":17}},"63":{"start":{"line":206,"column":20},"end":{"line":206,"column":65}},"64":{"start":{"line":208,"column":20},"end":{"line":208,"column":63}},"65":{"start":{"line":211,"column":16},"end":{"line":211,"column":65}},"66":{"start":{"line":215,"column":8},"end":{"line":215,"column":29}},"67":{"start":{"line":216,"column":8},"end":{"line":223,"column":11}},"68":{"start":{"line":227,"column":26},"end":{"line":268,"column":1}},"69":{"start":{"line":228,"column":4},"end":{"line":267,"column":5}},"70":{"start":{"line":230,"column":8},"end":{"line":254,"column":9}},"71":{"start":{"line":231,"column":12},"end":{"line":231,"column":64}},"72":{"start":{"line":234,"column":36},"end":{"line":234,"column":79}},"73":{"start":{"line":236,"column":12},"end":{"line":253,"column":13}},"74":{"start":{"line":241,"column":16},"end":{"line":248,"column":19}},"75":{"start":{"line":252,"column":16},"end":{"line":252,"column":55}},"76":{"start":{"line":256,"column":8},"end":{"line":256,"column":27}},"77":{"start":{"line":258,"column":8},"end":{"line":266,"column":11}},"78":{"start":{"line":270,"column":27},"end":{"line":295,"column":1}},"79":{"start":{"line":271,"column":4},"end":{"line":294,"column":5}},"80":{"start":{"line":273,"column":8},"end":{"line":282,"column":9}},"81":{"start":{"line":274,"column":12},"end":{"line":274,"column":64}},"82":{"start":{"line":277,"column":39},"end":{"line":277,"column":80}},"83":{"start":{"line":279,"column":12},"end":{"line":281,"column":107}},"84":{"start":{"line":279,"column":51},"end":{"line":279,"column":79}},"85":{"start":{"line":281,"column":17},"end":{"line":281,"column":107}},"86":{"start":{"line":281,"column":56},"end":{"line":281,"column":107}},"87":{"start":{"line":284,"column":8},"end":{"line":284,"column":29}},"88":{"start":{"line":286,"column":8},"end":{"line":293,"column":11}}},"fnMap":{"0":{"name":"(anonymous_0)","decl":{"start":{"line":14,"column":32},"end":{"line":14,"column":37}},"loc":{"start":{"line":14,"column":85},"end":{"line":29,"column":1}}},"1":{"name":"(anonymous_1)","decl":{"start":{"line":31,"column":31},"end":{"line":31,"column":36}},"loc":{"start":{"line":31,"column":103},"end":{"line":74,"column":1}}},"2":{"name":"(anonymous_2)","decl":{"start":{"line":76,"column":30},"end":{"line":76,"column":35}},"loc":{"start":{"line":76,"column":102},"end":{"line":94,"column":1}}},"3":{"name":"(anonymous_3)","decl":{"start":{"line":96,"column":27},"end":{"line":96,"column":32}},"loc":{"start":{"line":96,"column":99},"end":{"line":143,"column":1}}},"4":{"name":"(anonymous_4)","decl":{"start":{"line":145,"column":24},"end":{"line":145,"column":29}},"loc":{"start":{"line":145,"column":96},"end":{"line":179,"column":1}}},"5":{"name":"(anonymous_5)","decl":{"start":{"line":181,"column":25},"end":{"line":181,"column":30}},"loc":{"start":{"line":181,"column":97},"end":{"line":225,"column":1}}},"6":{"name":"(anonymous_6)","decl":{"start":{"line":227,"column":26},"end":{"line":227,"column":31}},"loc":{"start":{"line":227,"column":98},"end":{"line":268,"column":1}}},"7":{"name":"(anonymous_7)","decl":{"start":{"line":270,"column":27},"end":{"line":270,"column":32}},"loc":{"start":{"line":270,"column":99},"end":{"line":295,"column":1}}}},"branchMap":{"0":{"loc":{"start":{"line":36,"column":8},"end":{"line":56,"column":9}},"type":"if","locations":[{"start":{"line":36,"column":8},"end":{"line":56,"column":9}},{"start":{"line":39,"column":13},"end":{"line":56,"column":9}}]},"1":{"loc":{"start":{"line":36,"column":11},"end":{"line":36,"column":68}},"type":"binary-expr","locations":[{"start":{"line":36,"column":11},"end":{"line":36,"column":25}},{"start":{"line":36,"column":29},"end":{"line":36,"column":68}}]},"2":{"loc":{"start":{"line":43,"column":12},"end":{"line":55,"column":15}},"type":"if","locations":[{"start":{"line":43,"column":12},"end":{"line":55,"column":15}},{"start":{"line":47,"column":17},"end":{"line":55,"column":15}}]},"3":{"loc":{"start":{"line":43,"column":15},"end":{"line":43,"column":59}},"type":"binary-expr","locations":[{"start":{"line":43,"column":15},"end":{"line":43,"column":31}},{"start":{"line":43,"column":35},"end":{"line":43,"column":59}}]},"4":{"loc":{"start":{"line":47,"column":17},"end":{"line":55,"column":15}},"type":"if","locations":[{"start":{"line":47,"column":17},"end":{"line":55,"column":15}}]},"5":{"loc":{"start":{"line":47,"column":21},"end":{"line":47,"column":54}},"type":"binary-expr","locations":[{"start":{"line":47,"column":21},"end":{"line":47,"column":36}},{"start":{"line":47,"column":40},"end":{"line":47,"column":54}}]},"6":{"loc":{"start":{"line":58,"column":8},"end":{"line":64,"column":9}},"type":"if","locations":[{"start":{"line":58,"column":8},"end":{"line":64,"column":9}}]},"7":{"loc":{"start":{"line":62,"column":23},"end":{"line":62,"column":70}},"type":"cond-expr","locations":[{"start":{"line":62,"column":40},"end":{"line":62,"column":45}},{"start":{"line":62,"column":48},"end":{"line":62,"column":70}}]},"8":{"loc":{"start":{"line":100,"column":8},"end":{"line":103,"column":9}},"type":"if","locations":[{"start":{"line":100,"column":8},"end":{"line":103,"column":9}}]},"9":{"loc":{"start":{"line":100,"column":12},"end":{"line":100,"column":67}},"type":"binary-expr","locations":[{"start":{"line":100,"column":12},"end":{"line":100,"column":34}},{"start":{"line":100,"column":38},"end":{"line":100,"column":67}}]},"10":{"loc":{"start":{"line":110,"column":8},"end":{"line":113,"column":9}},"type":"if","locations":[{"start":{"line":110,"column":8},"end":{"line":113,"column":9}}]},"11":{"loc":{"start":{"line":110,"column":12},"end":{"line":110,"column":84}},"type":"binary-expr","locations":[{"start":{"line":110,"column":12},"end":{"line":110,"column":39}},{"start":{"line":110,"column":43},"end":{"line":110,"column":84}}]},"12":{"loc":{"start":{"line":115,"column":8},"end":{"line":130,"column":9}},"type":"if","locations":[{"start":{"line":115,"column":8},"end":{"line":130,"column":9}},{"start":{"line":128,"column":15},"end":{"line":130,"column":9}}]},"13":{"loc":{"start":{"line":115,"column":11},"end":{"line":115,"column":99}},"type":"binary-expr","locations":[{"start":{"line":115,"column":11},"end":{"line":115,"column":25}},{"start":{"line":115,"column":29},"end":{"line":115,"column":55}},{"start":{"line":115,"column":59},"end":{"line":115,"column":99}}]},"14":{"loc":{"start":{"line":117,"column":12},"end":{"line":127,"column":13}},"type":"if","locations":[{"start":{"line":117,"column":12},"end":{"line":127,"column":13}},{"start":{"line":125,"column":19},"end":{"line":127,"column":13}}]},"15":{"loc":{"start":{"line":137,"column":19},"end":{"line":137,"column":80}},"type":"cond-expr","locations":[{"start":{"line":137,"column":25},"end":{"line":137,"column":28}},{"start":{"line":137,"column":31},"end":{"line":137,"column":80}}]},"16":{"loc":{"start":{"line":148,"column":8},"end":{"line":166,"column":9}},"type":"if","locations":[{"start":{"line":148,"column":8},"end":{"line":166,"column":9}},{"start":{"line":150,"column":15},"end":{"line":166,"column":9}}]},"17":{"loc":{"start":{"line":148,"column":11},"end":{"line":148,"column":125}},"type":"binary-expr","locations":[{"start":{"line":148,"column":11},"end":{"line":148,"column":25}},{"start":{"line":148,"column":29},"end":{"line":148,"column":56}},{"start":{"line":148,"column":60},"end":{"line":148,"column":82}},{"start":{"line":148,"column":86},"end":{"line":148,"column":125}}]},"18":{"loc":{"start":{"line":152,"column":12},"end":{"line":165,"column":58}},"type":"if","locations":[{"start":{"line":152,"column":12},"end":{"line":165,"column":58}},{"start":{"line":165,"column":19},"end":{"line":165,"column":58}}]},"19":{"loc":{"start":{"line":153,"column":16},"end":{"line":155,"column":66}},"type":"binary-expr","locations":[{"start":{"line":153,"column":16},"end":{"line":153,"column":31}},{"start":{"line":154,"column":16},"end":{"line":154,"column":40}},{"start":{"line":155,"column":16},"end":{"line":155,"column":66}}]},"20":{"loc":{"start":{"line":174,"column":16},"end":{"line":174,"column":50}},"type":"cond-expr","locations":[{"start":{"line":174,"column":32},"end":{"line":174,"column":45}},{"start":{"line":174,"column":48},"end":{"line":174,"column":50}}]},"21":{"loc":{"start":{"line":184,"column":8},"end":{"line":213,"column":9}},"type":"if","locations":[{"start":{"line":184,"column":8},"end":{"line":213,"column":9}},{"start":{"line":188,"column":13},"end":{"line":213,"column":9}}]},"22":{"loc":{"start":{"line":184,"column":11},"end":{"line":184,"column":125}},"type":"binary-expr","locations":[{"start":{"line":184,"column":11},"end":{"line":184,"column":25}},{"start":{"line":184,"column":29},"end":{"line":184,"column":56}},{"start":{"line":184,"column":60},"end":{"line":184,"column":82}},{"start":{"line":184,"column":86},"end":{"line":184,"column":125}}]},"23":{"loc":{"start":{"line":188,"column":13},"end":{"line":213,"column":9}},"type":"if","locations":[{"start":{"line":188,"column":13},"end":{"line":213,"column":9}},{"start":{"line":191,"column":13},"end":{"line":213,"column":9}}]},"24":{"loc":{"start":{"line":188,"column":16},"end":{"line":188,"column":71}},"type":"binary-expr","locations":[{"start":{"line":188,"column":16},"end":{"line":188,"column":38}},{"start":{"line":188,"column":42},"end":{"line":188,"column":71}}]},"25":{"loc":{"start":{"line":198,"column":12},"end":{"line":212,"column":13}},"type":"if","locations":[{"start":{"line":198,"column":12},"end":{"line":212,"column":13}},{"start":{"line":210,"column":19},"end":{"line":212,"column":13}}]},"26":{"loc":{"start":{"line":198,"column":16},"end":{"line":198,"column":86}},"type":"binary-expr","locations":[{"start":{"line":198,"column":16},"end":{"line":198,"column":42}},{"start":{"line":198,"column":46},"end":{"line":198,"column":86}}]},"27":{"loc":{"start":{"line":205,"column":16},"end":{"line":209,"column":17}},"type":"if","locations":[{"start":{"line":205,"column":16},"end":{"line":209,"column":17}},{"start":{"line":207,"column":23},"end":{"line":209,"column":17}}]},"28":{"loc":{"start":{"line":205,"column":19},"end":{"line":205,"column":110}},"type":"binary-expr","locations":[{"start":{"line":205,"column":19},"end":{"line":205,"column":45}},{"start":{"line":205,"column":49},"end":{"line":205,"column":110}}]},"29":{"loc":{"start":{"line":230,"column":8},"end":{"line":254,"column":9}},"type":"if","locations":[{"start":{"line":230,"column":8},"end":{"line":254,"column":9}},{"start":{"line":232,"column":15},"end":{"line":254,"column":9}}]},"30":{"loc":{"start":{"line":230,"column":11},"end":{"line":230,"column":125}},"type":"binary-expr","locations":[{"start":{"line":230,"column":11},"end":{"line":230,"column":25}},{"start":{"line":230,"column":29},"end":{"line":230,"column":56}},{"start":{"line":230,"column":60},"end":{"line":230,"column":82}},{"start":{"line":230,"column":86},"end":{"line":230,"column":125}}]},"31":{"loc":{"start":{"line":236,"column":12},"end":{"line":253,"column":13}},"type":"if","locations":[{"start":{"line":236,"column":12},"end":{"line":253,"column":13}},{"start":{"line":251,"column":17},"end":{"line":253,"column":13}}]},"32":{"loc":{"start":{"line":237,"column":16},"end":{"line":239,"column":66}},"type":"binary-expr","locations":[{"start":{"line":237,"column":16},"end":{"line":237,"column":31}},{"start":{"line":238,"column":16},"end":{"line":238,"column":40}},{"start":{"line":239,"column":16},"end":{"line":239,"column":66}}]},"33":{"loc":{"start":{"line":273,"column":8},"end":{"line":282,"column":9}},"type":"if","locations":[{"start":{"line":273,"column":8},"end":{"line":282,"column":9}},{"start":{"line":275,"column":15},"end":{"line":282,"column":9}}]},"34":{"loc":{"start":{"line":273,"column":11},"end":{"line":273,"column":149}},"type":"binary-expr","locations":[{"start":{"line":273,"column":11},"end":{"line":273,"column":31}},{"start":{"line":273,"column":35},"end":{"line":273,"column":68}},{"start":{"line":273,"column":72},"end":{"line":273,"column":100}},{"start":{"line":273,"column":104},"end":{"line":273,"column":149}}]},"35":{"loc":{"start":{"line":279,"column":12},"end":{"line":281,"column":107}},"type":"if","locations":[{"start":{"line":279,"column":12},"end":{"line":281,"column":107}},{"start":{"line":281,"column":17},"end":{"line":281,"column":107}}]},"36":{"loc":{"start":{"line":279,"column":15},"end":{"line":279,"column":49}},"type":"binary-expr","locations":[{"start":{"line":279,"column":15},"end":{"line":279,"column":29}},{"start":{"line":279,"column":33},"end":{"line":279,"column":49}}]},"37":{"loc":{"start":{"line":281,"column":17},"end":{"line":281,"column":107}},"type":"if","locations":[{"start":{"line":281,"column":17},"end":{"line":281,"column":107}}]},"38":{"loc":{"start":{"line":281,"column":20},"end":{"line":281,"column":54}},"type":"binary-expr","locations":[{"start":{"line":281,"column":20},"end":{"line":281,"column":34}},{"start":{"line":281,"column":38},"end":{"line":281,"column":54}}]},"39":{"loc":{"start":{"line":281,"column":72},"end":{"line":281,"column":105}},"type":"cond-expr","locations":[{"start":{"line":281,"column":80},"end":{"line":281,"column":85}},{"start":{"line":281,"column":88},"end":{"line":281,"column":105}}]},"40":{"loc":{"start":{"line":290,"column":25},"end":{"line":290,"column":85}},"type":"cond-expr","locations":[{"start":{"line":290,"column":61},"end":{"line":290,"column":80}},{"start":{"line":290,"column":83},"end":{"line":290,"column":85}}]}},"s":{"0":5,"1":3,"2":3,"3":2,"4":1,"5":5,"6":5,"7":5,"8":5,"9":2,"10":3,"11":2,"12":1,"13":1,"14":1,"15":4,"16":3,"17":1,"18":1,"19":5,"20":2,"21":2,"22":1,"23":1,"24":5,"25":6,"26":6,"27":6,"28":2,"29":4,"30":4,"31":4,"32":2,"33":2,"34":2,"35":2,"36":1,"37":1,"38":0,"39":5,"40":5,"41":5,"42":5,"43":5,"44":3,"45":2,"46":2,"47":1,"48":1,"49":4,"50":4,"51":5,"52":10,"53":10,"54":2,"55":8,"56":2,"57":6,"58":6,"59":6,"60":2,"61":2,"62":2,"63":1,"64":1,"65":4,"66":9,"67":9,"68":5,"69":4,"70":4,"71":2,"72":2,"73":2,"74":1,"75":1,"76":3,"77":3,"78":5,"79":5,"80":5,"81":2,"82":3,"83":3,"84":1,"85":2,"86":2,"87":4,"88":4},"f":{"0":3,"1":5,"2":2,"3":6,"4":5,"5":10,"6":4,"7":5},"b":{"0":[2,3],"1":[5,4],"2":[1,1],"3":[2,1],"4":[1],"5":[1,1],"6":[3],"7":[3,0],"8":[2],"9":[6,5],"10":[2],"11":[4,3],"12":[2,0],"13":[2,2,2],"14":[1,1],"15":[5,0],"16":[3,2],"17":[5,4,4,4],"18":[1,1],"19":[2,1,1],"20":[3,1],"21":[2,8],"22":[10,9,9,9],"23":[2,6],"24":[8,7],"25":[2,4],"26":[6,4],"27":[1,1],"28":[2,2],"29":[2,2],"30":[4,3,3,3],"31":[1,1],"32":[2,1,1],"33":[2,3],"34":[5,4,4,4],"35":[1,2],"36":[3,1],"37":[2],"38":[2,0],"39":[2,0],"40":[3,1]}}
,"/home/manvinderjit/repos/2023-TOP-Project-Inventory-Application/src/app/controllers/guide.app.controllers.ts": {"path":"/home/manvinderjit/repos/2023-TOP-Project-Inventory-Application/src/app/controllers/guide.app.controllers.ts","statementMap":{"0":{"start":{"line":2,"column":28},"end":{"line":22,"column":1}},"1":{"start":{"line":4,"column":8},"end":{"line":15,"column":16}},"2":{"start":{"line":16,"column":4},"end":{"line":21,"column":7}}},"fnMap":{"0":{"name":"(anonymous_0)","decl":{"start":{"line":2,"column":28},"end":{"line":2,"column":29}},"loc":{"start":{"line":2,"column":60},"end":{"line":22,"column":1}}}},"branchMap":{"0":{"loc":{"start":{"line":4,"column":8},"end":{"line":15,"column":16}},"type":"cond-expr","locations":[{"start":{"line":5,"column":14},"end":{"line":11,"column":null}},{"start":{"line":12,"column":14},"end":{"line":15,"column":16}}]},"1":{"loc":{"start":{"line":4,"column":8},"end":{"line":4,"column":62}},"type":"binary-expr","locations":[{"start":{"line":4,"column":8},"end":{"line":4,"column":27}},{"start":{"line":4,"column":31},"end":{"line":4,"column":62}}]}},"s":{"0":6,"1":2,"2":2},"f":{"0":2},"b":{"0":[1,1],"1":[2,1]}}
,"/home/manvinderjit/repos/2023-TOP-Project-Inventory-Application/src/app/controllers/index.app.controllers.ts": {"path":"/home/manvinderjit/repos/2023-TOP-Project-Inventory-Application/src/app/controllers/index.app.controllers.ts","statementMap":{"0":{"start":{"line":3,"column":22},"end":{"line":9,"column":1}},"1":{"start":{"line":4,"column":4},"end":{"line":8,"column":7}}},"fnMap":{"0":{"name":"(anonymous_0)","decl":{"start":{"line":3,"column":22},"end":{"line":3,"column":23}},"loc":{"start":{"line":3,"column":54},"end":{"line":9,"column":1}}}},"branchMap":{},"s":{"0":6,"1":1},"f":{"0":1},"b":{}}
[...]
,"/home/manvinderjit/repos/2023-TOP-Project-Inventory-Application/src/models/employees.ts": {"path":"/home/manvinderjit/repos/2023-TOP-Project-Inventory-Application/src/models/employees.ts","statementMap":{"0":{"start":{"line":3,"column":23},"end":{"line":32,"column":null}},"1":{"start":{"line":15,"column":24},"end":{"line":15,"column":94}},"2":{"start":{"line":16,"column":20},"end":{"line":16,"column":50}},"3":{"start":{"line":19,"column":20},"end":{"line":19,"column":66}},"4":{"start":{"line":35,"column":17},"end":{"line":35,"column":59}}},"fnMap":{"0":{"name":"(anonymous_0)","decl":{"start":{"line":13,"column":27},"end":{"line":13,"column":37}},"loc":{"start":{"line":13,"column":42},"end":{"line":17,"column":17}}},"1":{"name":"(anonymous_1)","decl":{"start":{"line":18,"column":25},"end":{"line":18,"column":26}},"loc":{"start":{"line":19,"column":20},"end":{"line":19,"column":66}}}},"branchMap":{},"s":{"0":5,"1":0,"2":0,"3":0,"4":5},"f":{"0":0,"1":0},"b":{}}
,"/home/manvinderjit/repos/2023-TOP-Project-Inventory-Application/src/models/ordersModel.ts": {"path":"/home/manvinderjit/repos/2023-TOP-Project-Inventory-Application/src/models/ordersModel.ts","statementMap":{"0":{"start":{"line":3,"column":15},"end":{"line":3,"column":30}},"1":{"start":{"line":5,"column":20},"end":{"line":78,"column":null}},"2":{"start":{"line":32,"column":32},"end":{"line":32,"column":52}},"3":{"start":{"line":33,"column":32},"end":{"line":33,"column":39}},"4":{"start":{"line":72,"column":84},"end":{"line":72,"column":109}},"5":{"start":{"line":73,"column":84},"end":{"line":73,"column":109}},"6":{"start":{"line":82,"column":17},"end":{"line":82,"column":43}},"7":{"start":{"line":83,"column":0},"end":{"line":85,"column":3}},"8":{"start":{"line":84,"column":4},"end":{"line":84,"column":33}},"9":{"start":{"line":87,"column":20},"end":{"line":92,"column":2}},"10":{"start":{"line":94,"column":14},"end":{"line":94,"column":51}}},"fnMap":{"0":{"name":"(anonymous_0)","decl":{"start":{"line":32,"column":17},"end":{"line":32,"column":18}},"loc":{"start":{"line":32,"column":32},"end":{"line":32,"column":52}}},"1":{"name":"(anonymous_1)","decl":{"start":{"line":33,"column":17},"end":{"line":33,"column":18}},"loc":{"start":{"line":33,"column":32},"end":{"line":33,"column":39}}},"2":{"name":"(anonymous_2)","decl":{"start":{"line":72,"column":38},"end":{"line":72,"column":39}},"loc":{"start":{"line":72,"column":84},"end":{"line":72,"column":109}}},"3":{"name":"(anonymous_3)","decl":{"start":{"line":73,"column":38},"end":{"line":73,"column":39}},"loc":{"start":{"line":73,"column":84},"end":{"line":73,"column":109}}},"4":{"name":"(anonymous_4)","decl":{"start":{"line":83,"column":13},"end":{"line":83,"column":null}},"loc":{"start":{"line":83,"column":13},"end":{"line":85,"column":1}}}},"branchMap":{},"s":{"0":7,"1":7,"2":0,"3":0,"4":0,"5":0,"6":7,"7":7,"8":0,"9":7,"10":7},"f":{"0":0,"1":0,"2":0,"3":0,"4":0},"b":{}}
,"/home/manvinderjit/repos/2023-TOP-Project-Inventory-Application/src/models/productModel.ts": {"path":"/home/manvinderjit/repos/2023-TOP-Project-Inventory-Application/src/models/productModel.ts","statementMap":{"0":{"start":{"line":3,"column":15},"end":{"line":3,"column":30}},"1":{"start":{"line":5,"column":22},"end":{"line":54,"column":null}},"2":{"start":{"line":35,"column":31},"end":{"line":35,"column":51}},"3":{"start":{"line":36,"column":31},"end":{"line":36,"column":38}},"4":{"start":{"line":45,"column":20},"end":{"line":45,"column":43}},"5":{"start":{"line":57,"column":0},"end":{"line":57,"column":59}},"6":{"start":{"line":60,"column":19},"end":{"line":60,"column":47}},"7":{"start":{"line":61,"column":0},"end":{"line":63,"column":3}},"8":{"start":{"line":62,"column":4},"end":{"line":62,"column":35}},"9":{"start":{"line":65,"column":16},"end":{"line":65,"column":56}}},"fnMap":{"0":{"name":"(anonymous_0)","decl":{"start":{"line":35,"column":17},"end":{"line":35,"column":18}},"loc":{"start":{"line":35,"column":31},"end":{"line":35,"column":51}}},"1":{"name":"(anonymous_1)","decl":{"start":{"line":36,"column":17},"end":{"line":36,"column":18}},"loc":{"start":{"line":36,"column":31},"end":{"line":36,"column":38}}},"2":{"name":"(anonymous_2)","decl":{"start":{"line":44,"column":27},"end":{"line":44,"column":37}},"loc":{"start":{"line":44,"column":51},"end":{"line":46,"column":17}}},"3":{"name":"(anonymous_3)","decl":{"start":{"line":61,"column":15},"end":{"line":61,"column":null}},"loc":{"start":{"line":61,"column":15},"end":{"line":63,"column":1}}}},"branchMap":{},"s":{"0":8,"1":8,"2":0,"3":0,"4":0,"5":8,"6":8,"7":8,"8":0,"9":8},"f":{"0":0,"1":0,"2":0,"3":0},"b":{}}
,"/home/manvinderjit/repos/2023-TOP-Project-Inventory-Application/src/models/promoModel.ts": {"path":"/home/manvinderjit/repos/2023-TOP-Project-Inventory-Application/src/models/promoModel.ts","statementMap":{"0":{"start":{"line":3,"column":15},"end":{"line":3,"column":30}},"1":{"start":{"line":5,"column":0},"end":{"line":5,"column":null}},"2":{"start":{"line":6,"column":4},"end":{"line":6,"column":23}},"3":{"start":{"line":6,"column":23},"end":{"line":6,"column":null}},"4":{"start":{"line":9,"column":0},"end":{"line":9,"column":null}},"5":{"start":{"line":10,"column":4},"end":{"line":10,"column":null}},"6":{"start":{"line":11,"column":4},"end":{"line":11,"column":null}},"7":{"start":{"line":14,"column":20},"end":{"line":100,"column":null}},"8":{"start":{"line":63,"column":16},"end":{"line":63,"column":41}},"9":{"start":{"line":81,"column":16},"end":{"line":81,"column":41}},"10":{"start":{"line":104,"column":17},"end":{"line":104,"column":43}},"11":{"start":{"line":105,"column":0},"end":{"line":107,"column":3}},"12":{"start":{"line":106,"column":4},"end":{"line":106,"column":33}},"13":{"start":{"line":109,"column":14},"end":{"line":109,"column":50}}},"fnMap":{"0":{"name":"(anonymous_0)","decl":{"start":{"line":5,"column":0},"end":{"line":5,"column":5}},"loc":{"start":{"line":5,"column":16},"end":{"line":7,"column":1}}},"1":{"name":"(anonymous_1)","decl":{"start":{"line":9,"column":0},"end":{"line":9,"column":5}},"loc":{"start":{"line":9,"column":18},"end":{"line":12,"column":1}}},"2":{"name":"(anonymous_2)","decl":{"start":{"line":62,"column":17},"end":{"line":62,"column":18}},"loc":{"start":{"line":63,"column":16},"end":{"line":63,"column":41}}},"3":{"name":"(anonymous_3)","decl":{"start":{"line":80,"column":17},"end":{"line":80,"column":18}},"loc":{"start":{"line":81,"column":16},"end":{"line":81,"column":41}}},"4":{"name":"(anonymous_4)","decl":{"start":{"line":105,"column":13},"end":{"line":105,"column":null}},"loc":{"start":{"line":105,"column":13},"end":{"line":107,"column":1}}}},"branchMap":{"0":{"loc":{"start":{"line":5,"column":5},"end":{"line":5,"column":null}},"type":"binary-expr","locations":[{"start":{"line":5,"column":5},"end":{"line":5,"column":16}},{"start":{"line":5,"column":5},"end":{"line":5,"column":null}}]},"1":{"loc":{"start":{"line":9,"column":5},"end":{"line":9,"column":null}},"type":"binary-expr","locations":[{"start":{"line":9,"column":5},"end":{"line":9,"column":18}},{"start":{"line":9,"column":5},"end":{"line":9,"column":null}}]}},"s":{"0":6,"1":6,"2":6,"3":6,"4":6,"5":6,"6":6,"7":6,"8":0,"9":0,"10":6,"11":6,"12":0,"13":6},"f":{"0":6,"1":6,"2":0,"3":0,"4":0},"b":{"0":[6,6],"1":[6,6]}}
,"/home/manvinderjit/repos/2023-TOP-Project-Inventory-Application/src/utilities/fileFormatting.ts": {"path":"/home/manvinderjit/repos/2023-TOP-Project-Inventory-Application/src/utilities/fileFormatting.ts","statementMap":{"0":{"start":{"line":3,"column":40},"end":{"line":10,"column":1}},"1":{"start":{"line":4,"column":34},"end":{"line":4,"column":64}},"2":{"start":{"line":6,"column":8},"end":{"line":7,"column":29}},"3":{"start":{"line":9,"column":4},"end":{"line":9,"column":29}}},"fnMap":{"0":{"name":"(anonymous_0)","decl":{"start":{"line":3,"column":40},"end":{"line":3,"column":41}},"loc":{"start":{"line":3,"column":90},"end":{"line":10,"column":1}}}},"branchMap":{},"s":{"0":7,"1":7,"2":7,"3":7},"f":{"0":7},"b":{}}
,"/home/manvinderjit/repos/2023-TOP-Project-Inventory-Application/src/utilities/number.utilities.ts": {"path":"/home/manvinderjit/repos/2023-TOP-Project-Inventory-Application/src/utilities/number.utilities.ts","statementMap":{"0":{"start":{"line":2,"column":30},"end":{"line":7,"column":null}},"1":{"start":{"line":3,"column":4},"end":{"line":7,"column":null}}},"fnMap":{"0":{"name":"(anonymous_0)","decl":{"start":{"line":2,"column":30},"end":{"line":2,"column":31}},"loc":{"start":{"line":3,"column":4},"end":{"line":7,"column":null}}}},"branchMap":{},"s":{"0":6,"1":5},"f":{"0":5},"b":{}}
,"/home/manvinderjit/repos/2023-TOP-Project-Inventory-Application/src/utilities/stringFormatting.ts": {"path":"/home/manvinderjit/repos/2023-TOP-Project-Inventory-Application/src/utilities/stringFormatting.ts","statementMap":{"0":{"start":{"line":1,"column":32},"end":{"line":3,"column":1}},"1":{"start":{"line":2,"column":4},"end":{"line":2,"column":51}}},"fnMap":{"0":{"name":"(anonymous_0)","decl":{"start":{"line":1,"column":32},"end":{"line":1,"column":33}},"loc":{"start":{"line":1,"column":56},"end":{"line":3,"column":1}}}},"branchMap":{},"s":{"0":7,"1":78},"f":{"0":78},"b":{}}
,"/home/manvinderjit/repos/2023-TOP-Project-Inventory-Application/src/utilities/validation.ts": {"path":"/home/manvinderjit/repos/2023-TOP-Project-Inventory-Application/src/utilities/validation.ts","statementMap":{"0":{"start":{"line":2,"column":17},"end":{"line":2,"column":40}},"1":{"start":{"line":4,"column":22},"end":{"line":10,"column":1}},"2":{"start":{"line":6,"column":8},"end":{"line":6,"column":78}},"3":{"start":{"line":8,"column":23},"end":{"line":8,"column":35}},"4":{"start":{"line":9,"column":4},"end":{"line":9,"column":41}},"5":{"start":{"line":12,"column":25},"end":{"line":16,"column":1}},"6":{"start":{"line":13,"column":26},"end":{"line":13,"column":67}},"7":{"start":{"line":14,"column":26},"end":{"line":14,"column":41}},"8":{"start":{"line":15,"column":4},"end":{"line":15,"column":47}},"9":{"start":{"line":18,"column":21},"end":{"line":22,"column":1}},"10":{"start":{"line":19,"column":22},"end":{"line":19,"column":52}},"11":{"start":{"line":20,"column":22},"end":{"line":20,"column":33}},"12":{"start":{"line":21,"column":4},"end":{"line":21,"column":39}},"13":{"start":{"line":24,"column":28},"end":{"line":28,"column":1}},"14":{"start":{"line":25,"column":29},"end":{"line":25,"column":60}},"15":{"start":{"line":26,"column":29},"end":{"line":26,"column":47}},"16":{"start":{"line":27,"column":4},"end":{"line":27,"column":53}},"17":{"start":{"line":30,"column":32},"end":{"line":36,"column":1}},"18":{"start":{"line":31,"column":4},"end":{"line":34,"column":5}},"19":{"start":{"line":32,"column":8},"end":{"line":32,"column":57}},"20":{"start":{"line":32,"column":45},"end":{"line":32,"column":57}},"21":{"start":{"line":33,"column":8},"end":{"line":33,"column":21}},"22":{"start":{"line":35,"column":4},"end":{"line":35,"column":17}},"23":{"start":{"line":38,"column":25},"end":{"line":41,"column":1}},"24":{"start":{"line":39,"column":4},"end":{"line":39,"column":96}},"25":{"start":{"line":39,"column":83},"end":{"line":39,"column":96}},"26":{"start":{"line":40,"column":4},"end":{"line":40,"column":84}},"27":{"start":{"line":43,"column":22},"end":{"line":47,"column":1}},"28":{"start":{"line":44,"column":4},"end":{"line":46,"column":22}},"29":{"start":{"line":45,"column":8},"end":{"line":45,"column":20}},"30":{"start":{"line":46,"column":9},"end":{"line":46,"column":22}},"31":{"start":{"line":49,"column":21},"end":{"line":57,"column":1}},"32":{"start":{"line":50,"column":17},"end":{"line":50,"column":36}},"33":{"start":{"line":52,"column":4},"end":{"line":54,"column":5}},"34":{"start":{"line":53,"column":8},"end":{"line":53,"column":21}},"35":{"start":{"line":56,"column":4},"end":{"line":56,"column":34}},"36":{"start":{"line":59,"column":37},"end":{"line":74,"column":1}},"37":{"start":{"line":63,"column":36},"end":{"line":63,"column":38}},"38":{"start":{"line":64,"column":4},"end":{"line":72,"column":7}},"39":{"start":{"line":65,"column":8},"end":{"line":71,"column":44}},"40":{"start":{"line":71,"column":12},"end":{"line":71,"column":44}},"41":{"start":{"line":73,"column":4},"end":{"line":73,"column":25}},"42":{"start":{"line":76,"column":22},"end":{"line":76,"column":110}},"43":{"start":{"line":76,"column":71},"end":{"line":76,"column":110}},"44":{"start":{"line":78,"column":28},"end":{"line":92,"column":1}},"45":{"start":{"line":85,"column":36},"end":{"line":85,"column":38}},"46":{"start":{"line":86,"column":4},"end":{"line":90,"column":7}},"47":{"start":{"line":87,"column":8},"end":{"line":89,"column":9}},"48":{"start":{"line":88,"column":12},"end":{"line":88,"column":62}},"49":{"start":{"line":91,"column":4},"end":{"line":91,"column":25}},"50":{"start":{"line":94,"column":37},"end":{"line":115,"column":1}},"51":{"start":{"line":103,"column":36},"end":{"line":103,"column":38}},"52":{"start":{"line":104,"column":4},"end":{"line":113,"column":7}},"53":{"start":{"line":105,"column":8},"end":{"line":112,"column":62}},"54":{"start":{"line":112,"column":12},"end":{"line":112,"column":62}},"55":{"start":{"line":114,"column":4},"end":{"line":114,"column":25}}},"fnMap":{"0":{"name":"(anonymous_0)","decl":{"start":{"line":4,"column":22},"end":{"line":4,"column":23}},"loc":{"start":{"line":4,"column":40},"end":{"line":10,"column":1}}},"1":{"name":"(anonymous_1)","decl":{"start":{"line":12,"column":25},"end":{"line":12,"column":26}},"loc":{"start":{"line":12,"column":46},"end":{"line":16,"column":1}}},"2":{"name":"(anonymous_2)","decl":{"start":{"line":18,"column":21},"end":{"line":18,"column":22}},"loc":{"start":{"line":18,"column":38},"end":{"line":22,"column":1}}},"3":{"name":"(anonymous_3)","decl":{"start":{"line":24,"column":28},"end":{"line":24,"column":29}},"loc":{"start":{"line":24,"column":51},"end":{"line":28,"column":1}}},"4":{"name":"(anonymous_4)","decl":{"start":{"line":30,"column":32},"end":{"line":30,"column":33}},"loc":{"start":{"line":30,"column":46},"end":{"line":36,"column":1}}},"5":{"name":"(anonymous_5)","decl":{"start":{"line":38,"column":25},"end":{"line":38,"column":26}},"loc":{"start":{"line":38,"column":42},"end":{"line":41,"column":1}}},"6":{"name":"(anonymous_6)","decl":{"start":{"line":43,"column":22},"end":{"line":43,"column":23}},"loc":{"start":{"line":43,"column":59},"end":{"line":47,"column":1}}},"7":{"name":"(anonymous_7)","decl":{"start":{"line":49,"column":21},"end":{"line":49,"column":22}},"loc":{"start":{"line":49,"column":49},"end":{"line":57,"column":1}}},"8":{"name":"(anonymous_8)","decl":{"start":{"line":59,"column":37},"end":{"line":59,"column":null}},"loc":{"start":{"line":62,"column":14},"end":{"line":74,"column":1}}},"9":{"name":"(anonymous_9)","decl":{"start":{"line":64,"column":19},"end":{"line":64,"column":20}},"loc":{"start":{"line":64,"column":29},"end":{"line":72,"column":5}}},"10":{"name":"(anonymous_10)","decl":{"start":{"line":76,"column":22},"end":{"line":76,"column":23}},"loc":{"start":{"line":76,"column":71},"end":{"line":76,"column":110}}},"11":{"name":"(anonymous_11)","decl":{"start":{"line":78,"column":28},"end":{"line":78,"column":null}},"loc":{"start":{"line":84,"column":14},"end":{"line":92,"column":1}}},"12":{"name":"(anonymous_12)","decl":{"start":{"line":86,"column":32},"end":{"line":86,"column":33}},"loc":{"start":{"line":86,"column":54},"end":{"line":90,"column":5}}},"13":{"name":"(anonymous_13)","decl":{"start":{"line":94,"column":37},"end":{"line":94,"column":null}},"loc":{"start":{"line":102,"column":14},"end":{"line":115,"column":1}}},"14":{"name":"(anonymous_14)","decl":{"start":{"line":104,"column":32},"end":{"line":104,"column":33}},"loc":{"start":{"line":104,"column":54},"end":{"line":113,"column":5}}}},"branchMap":{"0":{"loc":{"start":{"line":31,"column":4},"end":{"line":34,"column":5}},"type":"if","locations":[{"start":{"line":31,"column":4},"end":{"line":34,"column":5}}]},"1":{"loc":{"start":{"line":32,"column":8},"end":{"line":32,"column":57}},"type":"if","locations":[{"start":{"line":32,"column":8},"end":{"line":32,"column":57}}]},"2":{"loc":{"start":{"line":39,"column":4},"end":{"line":39,"column":96}},"type":"if","locations":[{"start":{"line":39,"column":4},"end":{"line":39,"column":96}}]},"3":{"loc":{"start":{"line":39,"column":7},"end":{"line":39,"column":81}},"type":"binary-expr","locations":[{"start":{"line":39,"column":7},"end":{"line":39,"column":26}},{"start":{"line":39,"column":30},"end":{"line":39,"column":56}},{"start":{"line":39,"column":60},"end":{"line":39,"column":81}}]},"4":{"loc":{"start":{"line":40,"column":11},"end":{"line":40,"column":83}},"type":"binary-expr","locations":[{"start":{"line":40,"column":11},"end":{"line":40,"column":39}},{"start":{"line":40,"column":43},"end":{"line":40,"column":83}}]},"5":{"loc":{"start":{"line":44,"column":4},"end":{"line":46,"column":22}},"type":"if","locations":[{"start":{"line":44,"column":4},"end":{"line":46,"column":22}},{"start":{"line":46,"column":9},"end":{"line":46,"column":22}}]},"6":{"loc":{"start":{"line":44,"column":8},"end":{"line":44,"column":77}},"type":"binary-expr","locations":[{"start":{"line":44,"column":8},"end":{"line":44,"column":13}},{"start":{"line":44,"column":17},"end":{"line":44,"column":31}},{"start":{"line":44,"column":35},"end":{"line":44,"column":54}},{"start":{"line":44,"column":58},"end":{"line":44,"column":77}}]},"7":{"loc":{"start":{"line":52,"column":4},"end":{"line":54,"column":5}},"type":"if","locations":[{"start":{"line":52,"column":4},"end":{"line":54,"column":5}}]},"8":{"loc":{"start":{"line":65,"column":8},"end":{"line":71,"column":44}},"type":"if","locations":[{"start":{"line":65,"column":8},"end":{"line":71,"column":44}}]},"9":{"loc":{"start":{"line":66,"column":12},"end":{"line":69,"column":40}},"type":"binary-expr","locations":[{"start":{"line":66,"column":12},"end":{"line":66,"column":27}},{"start":{"line":67,"column":12},"end":{"line":67,"column":35}},{"start":{"line":68,"column":12},"end":{"line":68,"column":40}},{"start":{"line":69,"column":12},"end":{"line":69,"column":40}}]},"10":{"loc":{"start":{"line":87,"column":8},"end":{"line":89,"column":9}},"type":"if","locations":[{"start":{"line":87,"column":8},"end":{"line":89,"column":9}}]},"11":{"loc":{"start":{"line":105,"column":8},"end":{"line":112,"column":62}},"type":"if","locations":[{"start":{"line":105,"column":8},"end":{"line":112,"column":62}}]},"12":{"loc":{"start":{"line":106,"column":12},"end":{"line":110,"column":65}},"type":"binary-expr","locations":[{"start":{"line":106,"column":12},"end":{"line":106,"column":45}},{"start":{"line":107,"column":12},"end":{"line":107,"column":53}},{"start":{"line":108,"column":12},"end":{"line":108,"column":58}},{"start":{"line":109,"column":12},"end":{"line":109,"column":58}},{"start":{"line":110,"column":12},"end":{"line":110,"column":65}}]}},"s":{"0":13,"1":13,"2":39,"3":39,"4":39,"5":13,"6":35,"7":35,"8":35,"9":13,"10":44,"11":44,"12":44,"13":13,"14":34,"15":34,"16":34,"17":13,"18":146,"19":110,"20":110,"21":0,"22":36,"23":13,"24":90,"25":2,"26":88,"27":13,"28":10,"29":2,"30":8,"31":13,"32":14,"33":14,"34":0,"35":14,"36":13,"37":9,"38":9,"39":63,"40":14,"41":9,"42":13,"43":14,"44":13,"45":7,"46":7,"47":49,"48":14,"49":7,"50":13,"51":10,"52":10,"53":50,"54":15,"55":10},"f":{"0":39,"1":35,"2":44,"3":34,"4":146,"5":90,"6":10,"7":14,"8":9,"9":63,"10":14,"11":7,"12":49,"13":10,"14":50},"b":{"0":[110],"1":[110],"2":[2],"3":[90,88,88],"4":[88,76],"5":[2,8],"6":[10,2,2,2],"7":[0],"8":[14],"9":[63,49,49,49],"10":[14],"11":[15],"12":[50,45,45,45,41]}}
}
