{"/home/manvinderjit/repos/2023-TOP-Project-Inventory-Application/src/server.ts": {"path":"/home/manvinderjit/repos/2023-TOP-Project-Inventory-Application/src/server.ts","statementMap":{"0":{"start":{"line":16,"column":30},"end":{"line":16,"column":57}},"1":{"start":{"line":17,"column":28},"end":{"line":17,"column":37}},"2":{"start":{"line":19,"column":26},"end":{"line":19,"column":78}},"3":{"start":{"line":20,"column":28},"end":{"line":20,"column":72}},"4":{"start":{"line":22,"column":0},"end":{"line":22,"column":28}},"5":{"start":{"line":23,"column":0},"end":{"line":23,"column":30}},"6":{"start":{"line":25,"column":0},"end":{"line":25,"column":45}},"7":{"start":{"line":25,"column":27},"end":{"line":25,"column":43}},"8":{"start":{"line":27,"column":0},"end":{"line":40,"column":2}},"9":{"start":{"line":42,"column":0},"end":{"line":42,"column":24}},"10":{"start":{"line":43,"column":0},"end":{"line":43,"column":60}},"11":{"start":{"line":44,"column":0},"end":{"line":44,"column":48}},"12":{"start":{"line":47,"column":0},"end":{"line":53,"column":3}},"13":{"start":{"line":48,"column":35},"end":{"line":48,"column":46}},"14":{"start":{"line":49,"column":4},"end":{"line":51,"column":5}},"15":{"start":{"line":50,"column":8},"end":{"line":50,"column":33}},"16":{"start":{"line":52,"column":4},"end":{"line":52,"column":11}},"17":{"start":{"line":55,"column":0},"end":{"line":55,"column":24}},"18":{"start":{"line":57,"column":0},"end":{"line":57,"column":16}},"19":{"start":{"line":59,"column":0},"end":{"line":59,"column":27}},"20":{"start":{"line":61,"column":0},"end":{"line":61,"column":22}},"21":{"start":{"line":63,"column":23},"end":{"line":65,"column":2}},"22":{"start":{"line":64,"column":4},"end":{"line":64,"column":56}},"23":{"start":{"line":67,"column":24},"end":{"line":67,"column":75}},"24":{"start":{"line":67,"column":43},"end":{"line":67,"column":75}}},"fnMap":{"0":{"name":"(anonymous_0)","decl":{"start":{"line":25,"column":18},"end":{"line":25,"column":19}},"loc":{"start":{"line":25,"column":27},"end":{"line":25,"column":43}}},"1":{"name":"(anonymous_1)","decl":{"start":{"line":47,"column":8},"end":{"line":47,"column":9}},"loc":{"start":{"line":47,"column":27},"end":{"line":53,"column":1}}},"2":{"name":"(anonymous_2)","decl":{"start":{"line":63,"column":40},"end":{"line":63,"column":43}},"loc":{"start":{"line":63,"column":45},"end":{"line":65,"column":1}}},"3":{"name":"(anonymous_3)","decl":{"start":{"line":67,"column":24},"end":{"line":67,"column":25}},"loc":{"start":{"line":67,"column":43},"end":{"line":67,"column":75}}}},"branchMap":{"0":{"loc":{"start":{"line":16,"column":30},"end":{"line":16,"column":57}},"type":"binary-expr","locations":[{"start":{"line":16,"column":30},"end":{"line":16,"column":49}},{"start":{"line":16,"column":53},"end":{"line":16,"column":57}}]},"1":{"loc":{"start":{"line":49,"column":4},"end":{"line":51,"column":5}},"type":"if","locations":[{"start":{"line":49,"column":4},"end":{"line":51,"column":5}}]},"2":{"loc":{"start":{"line":49,"column":8},"end":{"line":49,"column":28}},"type":"binary-expr","locations":[{"start":{"line":49,"column":8},"end":{"line":49,"column":14}},{"start":{"line":49,"column":18},"end":{"line":49,"column":28}}]},"3":{"loc":{"start":{"line":67,"column":43},"end":{"line":67,"column":75}},"type":"binary-expr","locations":[{"start":{"line":67,"column":43},"end":{"line":67,"column":49}},{"start":{"line":67,"column":53},"end":{"line":67,"column":75}}]}},"s":{"0":5,"1":5,"2":5,"3":5,"4":5,"5":5,"6":5,"7":0,"8":5,"9":5,"10":5,"11":5,"12":5,"13":4,"14":4,"15":1,"16":4,"17":5,"18":5,"19":5,"20":5,"21":5,"22":3,"23":5,"24":5},"f":{"0":0,"1":4,"2":3,"3":5},"b":{"0":[5,0],"1":[1],"2":[4,1],"3":[5,5]}}
,"/home/manvinderjit/repos/2023-TOP-Project-Inventory-Application/src/api/api.middleware/auth.api.middleware.ts": {"path":"/home/manvinderjit/repos/2023-TOP-Project-Inventory-Application/src/api/api.middleware/auth.api.middleware.ts","statementMap":{"0":{"start":{"line":17,"column":23},"end":{"line":26,"column":1}},"1":{"start":{"line":18,"column":4},"end":{"line":25,"column":5}},"2":{"start":{"line":19,"column":31},"end":{"line":19,"column":66}},"3":{"start":{"line":20,"column":29},"end":{"line":20,"column":70}},"4":{"start":{"line":21,"column":8},"end":{"line":21,"column":28}},"5":{"start":{"line":23,"column":8},"end":{"line":23,"column":29}},"6":{"start":{"line":24,"column":8},"end":{"line":24,"column":20}},"7":{"start":{"line":28,"column":30},"end":{"line":67,"column":1}},"8":{"start":{"line":29,"column":4},"end":{"line":66,"column":5}},"9":{"start":{"line":31,"column":8},"end":{"line":62,"column":9}},"10":{"start":{"line":35,"column":26},"end":{"line":35,"column":65}},"11":{"start":{"line":38,"column":12},"end":{"line":57,"column":13}},"12":{"start":{"line":39,"column":16},"end":{"line":41,"column":null}},"13":{"start":{"line":45,"column":37},"end":{"line":45,"column":58}},"14":{"start":{"line":46,"column":16},"end":{"line":55,"column":17}},"15":{"start":{"line":48,"column":20},"end":{"line":48,"column":49}},"16":{"start":{"line":49,"column":20},"end":{"line":49,"column":57}},"17":{"start":{"line":52,"column":20},"end":{"line":54,"column":23}},"18":{"start":{"line":56,"column":16},"end":{"line":56,"column":23}},"19":{"start":{"line":59,"column":12},"end":{"line":61,"column":15}},"20":{"start":{"line":64,"column":8},"end":{"line":64,"column":29}},"21":{"start":{"line":65,"column":8},"end":{"line":65,"column":20}}},"fnMap":{"0":{"name":"(anonymous_0)","decl":{"start":{"line":17,"column":23},"end":{"line":17,"column":24}},"loc":{"start":{"line":17,"column":41},"end":{"line":26,"column":1}}},"1":{"name":"(anonymous_1)","decl":{"start":{"line":28,"column":30},"end":{"line":28,"column":35}},"loc":{"start":{"line":28,"column":88},"end":{"line":67,"column":1}}}},"branchMap":{"0":{"loc":{"start":{"line":31,"column":8},"end":{"line":62,"column":9}},"type":"if","locations":[{"start":{"line":31,"column":8},"end":{"line":62,"column":9}},{"start":{"line":58,"column":15},"end":{"line":62,"column":9}}]},"1":{"loc":{"start":{"line":32,"column":12},"end":{"line":33,"column":58}},"type":"binary-expr","locations":[{"start":{"line":32,"column":12},"end":{"line":32,"column":37}},{"start":{"line":33,"column":12},"end":{"line":33,"column":58}}]},"2":{"loc":{"start":{"line":38,"column":12},"end":{"line":57,"column":13}},"type":"if","locations":[{"start":{"line":38,"column":12},"end":{"line":57,"column":13}},{"start":{"line":43,"column":17},"end":{"line":57,"column":13}}]},"3":{"loc":{"start":{"line":46,"column":16},"end":{"line":55,"column":17}},"type":"if","locations":[{"start":{"line":46,"column":16},"end":{"line":55,"column":17}},{"start":{"line":51,"column":23},"end":{"line":55,"column":17}}]}},"s":{"0":6,"1":4,"2":4,"3":4,"4":1,"5":3,"6":3,"7":6,"8":8,"9":8,"10":5,"11":5,"12":1,"13":4,"14":4,"15":1,"16":1,"17":3,"18":1,"19":3,"20":1,"21":1},"f":{"0":4,"1":8},"b":{"0":[5,3],"1":[8,6],"2":[1,4],"3":[1,3]}}
,"/home/manvinderjit/repos/2023-TOP-Project-Inventory-Application/src/api/controllers/image.api.controllers.ts": {"path":"/home/manvinderjit/repos/2023-TOP-Project-Inventory-Application/src/api/controllers/image.api.controllers.ts","statementMap":{"0":{"start":{"line":5,"column":32},"end":{"line":5,"column":63}},"1":{"start":{"line":7,"column":20},"end":{"line":37,"column":1}},"2":{"start":{"line":12,"column":4},"end":{"line":36,"column":5}},"3":{"start":{"line":13,"column":8},"end":{"line":30,"column":9}},"4":{"start":{"line":17,"column":12},"end":{"line":17,"column":32}},"5":{"start":{"line":19,"column":32},"end":{"line":19,"column":92}},"6":{"start":{"line":23,"column":12},"end":{"line":25,"column":64}},"7":{"start":{"line":24,"column":16},"end":{"line":24,"column":70}},"8":{"start":{"line":25,"column":19},"end":{"line":25,"column":64}},"9":{"start":{"line":27,"column":31},"end":{"line":27,"column":59}},"10":{"start":{"line":28,"column":12},"end":{"line":28,"column":76}},"11":{"start":{"line":29,"column":12},"end":{"line":29,"column":33}},"12":{"start":{"line":32,"column":8},"end":{"line":32,"column":29}},"13":{"start":{"line":33,"column":8},"end":{"line":35,"column":11}}},"fnMap":{"0":{"name":"(anonymous_0)","decl":{"start":{"line":7,"column":20},"end":{"line":7,"column":25}},"loc":{"start":{"line":11,"column":4},"end":{"line":37,"column":1}}}},"branchMap":{"0":{"loc":{"start":{"line":13,"column":8},"end":{"line":30,"column":9}},"type":"if","locations":[{"start":{"line":13,"column":8},"end":{"line":30,"column":9}},{"start":{"line":18,"column":15},"end":{"line":30,"column":9}}]},"1":{"loc":{"start":{"line":14,"column":12},"end":{"line":15,"column":76}},"type":"binary-expr","locations":[{"start":{"line":14,"column":12},"end":{"line":14,"column":28}},{"start":{"line":15,"column":12},"end":{"line":15,"column":76}}]},"2":{"loc":{"start":{"line":23,"column":12},"end":{"line":25,"column":64}},"type":"if","locations":[{"start":{"line":23,"column":12},"end":{"line":25,"column":64}},{"start":{"line":25,"column":19},"end":{"line":25,"column":64}}]},"3":{"loc":{"start":{"line":28,"column":42},"end":{"line":28,"column":74}},"type":"binary-expr","locations":[{"start":{"line":28,"column":42},"end":{"line":28,"column":58}},{"start":{"line":28,"column":62},"end":{"line":28,"column":74}}]}},"s":{"0":6,"1":6,"2":6,"3":6,"4":2,"5":4,"6":4,"7":1,"8":3,"9":3,"10":3,"11":3,"12":1,"13":1},"f":{"0":6},"b":{"0":[2,4],"1":[6,5],"2":[1,3],"3":[3,1]}}
,"/home/manvinderjit/repos/2023-TOP-Project-Inventory-Application/src/api/controllers/login.api.controllers.ts": {"path":"/home/manvinderjit/repos/2023-TOP-Project-Inventory-Application/src/api/controllers/login.api.controllers.ts","statementMap":{"0":{"start":{"line":10,"column":23},"end":{"line":10,"column":58}},"1":{"start":{"line":12,"column":22},"end":{"line":16,"column":1}},"2":{"start":{"line":13,"column":4},"end":{"line":15,"column":7}},"3":{"start":{"line":18,"column":29},"end":{"line":58,"column":1}},"4":{"start":{"line":19,"column":4},"end":{"line":57,"column":5}},"5":{"start":{"line":21,"column":44},"end":{"line":21,"column":52}},"6":{"start":{"line":24,"column":8},"end":{"line":53,"column":9}},"7":{"start":{"line":25,"column":12},"end":{"line":25,"column":74}},"8":{"start":{"line":28,"column":13},"end":{"line":53,"column":9}},"9":{"start":{"line":29,"column":12},"end":{"line":31,"column":15}},"10":{"start":{"line":35,"column":25},"end":{"line":35,"column":58}},"11":{"start":{"line":37,"column":39},"end":{"line":37,"column":83}},"12":{"start":{"line":39,"column":12},"end":{"line":52,"column":13}},"13":{"start":{"line":40,"column":16},"end":{"line":40,"column":65}},"14":{"start":{"line":41,"column":16},"end":{"line":43,"column":19}},"15":{"start":{"line":44,"column":19},"end":{"line":52,"column":13}},"16":{"start":{"line":45,"column":16},"end":{"line":47,"column":19}},"17":{"start":{"line":49,"column":16},"end":{"line":51,"column":19}},"18":{"start":{"line":55,"column":8},"end":{"line":55,"column":29}},"19":{"start":{"line":56,"column":8},"end":{"line":56,"column":20}}},"fnMap":{"0":{"name":"(anonymous_0)","decl":{"start":{"line":12,"column":22},"end":{"line":12,"column":23}},"loc":{"start":{"line":12,"column":63},"end":{"line":16,"column":1}}},"1":{"name":"(anonymous_1)","decl":{"start":{"line":18,"column":29},"end":{"line":18,"column":34}},"loc":{"start":{"line":18,"column":87},"end":{"line":58,"column":1}}}},"branchMap":{"0":{"loc":{"start":{"line":24,"column":8},"end":{"line":53,"column":9}},"type":"if","locations":[{"start":{"line":24,"column":8},"end":{"line":53,"column":9}},{"start":{"line":28,"column":13},"end":{"line":53,"column":9}}]},"1":{"loc":{"start":{"line":24,"column":12},"end":{"line":24,"column":39}},"type":"binary-expr","locations":[{"start":{"line":24,"column":12},"end":{"line":24,"column":22}},{"start":{"line":24,"column":26},"end":{"line":24,"column":39}}]},"2":{"loc":{"start":{"line":28,"column":13},"end":{"line":53,"column":9}},"type":"if","locations":[{"start":{"line":28,"column":13},"end":{"line":53,"column":9}},{"start":{"line":33,"column":13},"end":{"line":53,"column":9}}]},"3":{"loc":{"start":{"line":39,"column":12},"end":{"line":52,"column":13}},"type":"if","locations":[{"start":{"line":39,"column":12},"end":{"line":52,"column":13}},{"start":{"line":44,"column":19},"end":{"line":52,"column":13}}]},"4":{"loc":{"start":{"line":39,"column":16},"end":{"line":39,"column":106}},"type":"binary-expr","locations":[{"start":{"line":39,"column":16},"end":{"line":39,"column":20}},{"start":{"line":39,"column":25},"end":{"line":39,"column":74}},{"start":{"line":39,"column":79},"end":{"line":39,"column":106}}]},"5":{"loc":{"start":{"line":44,"column":19},"end":{"line":52,"column":13}},"type":"if","locations":[{"start":{"line":44,"column":19},"end":{"line":52,"column":13}},{"start":{"line":48,"column":19},"end":{"line":52,"column":13}}]},"6":{"loc":{"start":{"line":44,"column":22},"end":{"line":44,"column":112}},"type":"binary-expr","locations":[{"start":{"line":44,"column":22},"end":{"line":44,"column":26}},{"start":{"line":44,"column":31},"end":{"line":44,"column":80}},{"start":{"line":44,"column":85},"end":{"line":44,"column":112}}]}},"s":{"0":6,"1":6,"2":1,"3":6,"4":9,"5":9,"6":9,"7":3,"8":6,"9":2,"10":4,"11":4,"12":4,"13":1,"14":1,"15":3,"16":1,"17":2,"18":0,"19":0},"f":{"0":1,"1":9},"b":{"0":[3,6],"1":[9,7],"2":[2,4],"3":[1,3],"4":[4,3,2],"5":[1,2],"6":[3,2,1]}}
,"/home/manvinderjit/repos/2023-TOP-Project-Inventory-Application/src/api/controllers/orders.api.controllers.ts": {"path":"/home/manvinderjit/repos/2023-TOP-Project-Inventory-Application/src/api/controllers/orders.api.controllers.ts","statementMap":{"0":{"start":{"line":10,"column":29},"end":{"line":45,"column":1}},"1":{"start":{"line":11,"column":4},"end":{"line":44,"column":5}},"2":{"start":{"line":12,"column":37},"end":{"line":12,"column":38}},"3":{"start":{"line":13,"column":27},"end":{"line":13,"column":30}},"4":{"start":{"line":15,"column":12},"end":{"line":20,"column":19}},"5":{"start":{"line":22,"column":8},"end":{"line":40,"column":9}},"6":{"start":{"line":23,"column":54},"end":{"line":23,"column":109}},"7":{"start":{"line":25,"column":12},"end":{"line":35,"column":13}},"8":{"start":{"line":26,"column":16},"end":{"line":28,"column":19}},"9":{"start":{"line":30,"column":35},"end":{"line":30,"column":91}},"10":{"start":{"line":31,"column":16},"end":{"line":34,"column":19}},"11":{"start":{"line":37,"column":12},"end":{"line":39,"column":15}},"12":{"start":{"line":42,"column":8},"end":{"line":42,"column":29}},"13":{"start":{"line":43,"column":8},"end":{"line":43,"column":20}},"14":{"start":{"line":47,"column":33},"end":{"line":79,"column":1}},"15":{"start":{"line":48,"column":4},"end":{"line":78,"column":5}},"16":{"start":{"line":49,"column":27},"end":{"line":49,"column":30}},"17":{"start":{"line":50,"column":28},"end":{"line":50,"column":36}},"18":{"start":{"line":52,"column":8},"end":{"line":74,"column":9}},"19":{"start":{"line":53,"column":12},"end":{"line":55,"column":15}},"20":{"start":{"line":58,"column":13},"end":{"line":74,"column":9}},"21":{"start":{"line":59,"column":12},"end":{"line":61,"column":15}},"22":{"start":{"line":63,"column":42},"end":{"line":63,"column":80}},"23":{"start":{"line":64,"column":12},"end":{"line":73,"column":13}},"24":{"start":{"line":65,"column":16},"end":{"line":68,"column":19}},"25":{"start":{"line":70,"column":16},"end":{"line":72,"column":19}},"26":{"start":{"line":76,"column":8},"end":{"line":76,"column":29}},"27":{"start":{"line":77,"column":8},"end":{"line":77,"column":20}},"28":{"start":{"line":81,"column":31},"end":{"line":175,"column":1}},"29":{"start":{"line":82,"column":4},"end":{"line":174,"column":5}},"30":{"start":{"line":83,"column":27},"end":{"line":83,"column":30}},"31":{"start":{"line":84,"column":84},"end":{"line":84,"column":92}},"32":{"start":{"line":87,"column":8},"end":{"line":170,"column":9}},"33":{"start":{"line":88,"column":12},"end":{"line":90,"column":15}},"34":{"start":{"line":93,"column":13},"end":{"line":170,"column":9}},"35":{"start":{"line":94,"column":12},"end":{"line":96,"column":15}},"36":{"start":{"line":99,"column":33},"end":{"line":109,"column":14}},"37":{"start":{"line":102,"column":20},"end":{"line":106,"column":22}},"38":{"start":{"line":112,"column":42},"end":{"line":112,"column":85}},"39":{"start":{"line":114,"column":12},"end":{"line":169,"column":13}},"40":{"start":{"line":116,"column":47},"end":{"line":116,"column":86}},"41":{"start":{"line":119,"column":16},"end":{"line":162,"column":17}},"42":{"start":{"line":122,"column":92},"end":{"line":122,"column":129}},"43":{"start":{"line":125,"column":20},"end":{"line":157,"column":21}},"44":{"start":{"line":126,"column":24},"end":{"line":128,"column":27}},"45":{"start":{"line":131,"column":45},"end":{"line":132,"column":null}},"46":{"start":{"line":135,"column":24},"end":{"line":156,"column":25}},"47":{"start":{"line":137,"column":28},"end":{"line":139,"column":30}},"48":{"start":{"line":142,"column":46},"end":{"line":142,"column":90}},"49":{"start":{"line":143,"column":52},"end":{"line":143,"column":94}},"50":{"start":{"line":146,"column":28},"end":{"line":146,"column":86}},"51":{"start":{"line":148,"column":28},"end":{"line":151,"column":31}},"52":{"start":{"line":153,"column":28},"end":{"line":155,"column":31}},"53":{"start":{"line":159,"column":20},"end":{"line":161,"column":23}},"54":{"start":{"line":166,"column":16},"end":{"line":168,"column":19}},"55":{"start":{"line":172,"column":8},"end":{"line":172,"column":29}},"56":{"start":{"line":173,"column":8},"end":{"line":173,"column":20}}},"fnMap":{"0":{"name":"(anonymous_0)","decl":{"start":{"line":10,"column":29},"end":{"line":10,"column":34}},"loc":{"start":{"line":10,"column":86},"end":{"line":45,"column":1}}},"1":{"name":"(anonymous_1)","decl":{"start":{"line":47,"column":33},"end":{"line":47,"column":38}},"loc":{"start":{"line":47,"column":90},"end":{"line":79,"column":1}}},"2":{"name":"(anonymous_2)","decl":{"start":{"line":81,"column":31},"end":{"line":81,"column":36}},"loc":{"start":{"line":81,"column":88},"end":{"line":175,"column":1}}},"3":{"name":"(anonymous_3)","decl":{"start":{"line":101,"column":33},"end":{"line":101,"column":34}},"loc":{"start":{"line":101,"column":53},"end":{"line":107,"column":17}}}},"branchMap":{"0":{"loc":{"start":{"line":15,"column":12},"end":{"line":20,"column":19}},"type":"cond-expr","locations":[{"start":{"line":19,"column":18},"end":{"line":19,"column":44}},{"start":{"line":20,"column":18},"end":{"line":20,"column":19}}]},"1":{"loc":{"start":{"line":15,"column":12},"end":{"line":18,"column":38}},"type":"binary-expr","locations":[{"start":{"line":15,"column":12},"end":{"line":15,"column":26}},{"start":{"line":16,"column":12},"end":{"line":16,"column":42}},{"start":{"line":17,"column":12},"end":{"line":17,"column":52}},{"start":{"line":18,"column":12},"end":{"line":18,"column":38}}]},"2":{"loc":{"start":{"line":22,"column":8},"end":{"line":40,"column":9}},"type":"if","locations":[{"start":{"line":22,"column":8},"end":{"line":40,"column":9}},{"start":{"line":36,"column":15},"end":{"line":40,"column":9}}]},"3":{"loc":{"start":{"line":22,"column":11},"end":{"line":22,"column":41}},"type":"binary-expr","locations":[{"start":{"line":22,"column":11},"end":{"line":22,"column":17}},{"start":{"line":22,"column":21},"end":{"line":22,"column":41}}]},"4":{"loc":{"start":{"line":25,"column":12},"end":{"line":35,"column":13}},"type":"if","locations":[{"start":{"line":25,"column":12},"end":{"line":35,"column":13}},{"start":{"line":29,"column":19},"end":{"line":35,"column":13}}]},"5":{"loc":{"start":{"line":25,"column":16},"end":{"line":25,"column":54}},"type":"binary-expr","locations":[{"start":{"line":25,"column":16},"end":{"line":25,"column":27}},{"start":{"line":25,"column":31},"end":{"line":25,"column":54}}]},"6":{"loc":{"start":{"line":52,"column":8},"end":{"line":74,"column":9}},"type":"if","locations":[{"start":{"line":52,"column":8},"end":{"line":74,"column":9}},{"start":{"line":58,"column":13},"end":{"line":74,"column":9}}]},"7":{"loc":{"start":{"line":52,"column":11},"end":{"line":52,"column":73}},"type":"binary-expr","locations":[{"start":{"line":52,"column":11},"end":{"line":52,"column":18}},{"start":{"line":52,"column":22},"end":{"line":52,"column":37}},{"start":{"line":52,"column":41},"end":{"line":52,"column":73}}]},"8":{"loc":{"start":{"line":58,"column":13},"end":{"line":74,"column":9}},"type":"if","locations":[{"start":{"line":58,"column":13},"end":{"line":74,"column":9}},{"start":{"line":62,"column":15},"end":{"line":74,"column":9}}]},"9":{"loc":{"start":{"line":58,"column":16},"end":{"line":58,"column":81}},"type":"binary-expr","locations":[{"start":{"line":58,"column":16},"end":{"line":58,"column":24}},{"start":{"line":58,"column":28},"end":{"line":58,"column":44}},{"start":{"line":58,"column":48},"end":{"line":58,"column":81}}]},"10":{"loc":{"start":{"line":64,"column":12},"end":{"line":73,"column":13}},"type":"if","locations":[{"start":{"line":64,"column":12},"end":{"line":73,"column":13}},{"start":{"line":69,"column":19},"end":{"line":73,"column":13}}]},"11":{"loc":{"start":{"line":64,"column":15},"end":{"line":64,"column":85}},"type":"binary-expr","locations":[{"start":{"line":64,"column":15},"end":{"line":64,"column":36}},{"start":{"line":64,"column":40},"end":{"line":64,"column":85}}]},"12":{"loc":{"start":{"line":87,"column":8},"end":{"line":170,"column":9}},"type":"if","locations":[{"start":{"line":87,"column":8},"end":{"line":170,"column":9}},{"start":{"line":93,"column":13},"end":{"line":170,"column":9}}]},"13":{"loc":{"start":{"line":87,"column":11},"end":{"line":87,"column":73}},"type":"binary-expr","locations":[{"start":{"line":87,"column":11},"end":{"line":87,"column":18}},{"start":{"line":87,"column":22},"end":{"line":87,"column":37}},{"start":{"line":87,"column":41},"end":{"line":87,"column":73}}]},"14":{"loc":{"start":{"line":93,"column":13},"end":{"line":170,"column":9}},"type":"if","locations":[{"start":{"line":93,"column":13},"end":{"line":170,"column":9}},{"start":{"line":98,"column":13},"end":{"line":170,"column":9}}]},"15":{"loc":{"start":{"line":93,"column":16},"end":{"line":93,"column":100}},"type":"binary-expr","locations":[{"start":{"line":93,"column":16},"end":{"line":93,"column":22}},{"start":{"line":93,"column":26},"end":{"line":93,"column":42}},{"start":{"line":93,"column":46},"end":{"line":93,"column":58}},{"start":{"line":93,"column":62},"end":{"line":93,"column":100}}]},"16":{"loc":{"start":{"line":114,"column":12},"end":{"line":169,"column":13}},"type":"if","locations":[{"start":{"line":114,"column":12},"end":{"line":169,"column":13}},{"start":{"line":165,"column":18},"end":{"line":169,"column":13}}]},"17":{"loc":{"start":{"line":119,"column":16},"end":{"line":162,"column":17}},"type":"if","locations":[{"start":{"line":119,"column":16},"end":{"line":162,"column":17}},{"start":{"line":158,"column":23},"end":{"line":162,"column":17}}]},"18":{"loc":{"start":{"line":125,"column":20},"end":{"line":157,"column":21}},"type":"if","locations":[{"start":{"line":125,"column":20},"end":{"line":157,"column":21}},{"start":{"line":129,"column":27},"end":{"line":157,"column":21}}]},"19":{"loc":{"start":{"line":135,"column":24},"end":{"line":156,"column":25}},"type":"if","locations":[{"start":{"line":135,"column":24},"end":{"line":156,"column":25}},{"start":{"line":152,"column":31},"end":{"line":156,"column":25}}]}},"s":{"0":6,"1":6,"2":6,"3":6,"4":6,"5":6,"6":3,"7":3,"8":1,"9":2,"10":2,"11":3,"12":1,"13":1,"14":6,"15":11,"16":11,"17":11,"18":11,"19":3,"20":8,"21":4,"22":4,"23":4,"24":1,"25":3,"26":1,"27":1,"28":6,"29":21,"30":21,"31":21,"32":21,"33":4,"34":17,"35":4,"36":13,"37":33,"38":13,"39":13,"40":7,"41":7,"42":6,"43":6,"44":2,"45":4,"46":3,"47":1,"48":1,"49":1,"50":1,"51":1,"52":2,"53":1,"54":6,"55":1,"56":1},"f":{"0":6,"1":11,"2":21,"3":33},"b":{"0":[1,5],"1":[6,1,1,1],"2":[3,3],"3":[6,3],"4":[1,2],"5":[3,2],"6":[3,8],"7":[11,9,9],"8":[4,4],"9":[8,5,5],"10":[1,3],"11":[4,1],"12":[4,17],"13":[21,19,19],"14":[4,13],"15":[17,16,15,14],"16":[7,6],"17":[6,1],"18":[2,4],"19":[1,2]}}
,"/home/manvinderjit/repos/2023-TOP-Project-Inventory-Application/src/api/controllers/products.api.controllers.ts": {"path":"/home/manvinderjit/repos/2023-TOP-Project-Inventory-Application/src/api/controllers/products.api.controllers.ts","statementMap":{"0":{"start":{"line":9,"column":22},"end":{"line":19,"column":1}},"1":{"start":{"line":10,"column":4},"end":{"line":17,"column":5}},"2":{"start":{"line":11,"column":8},"end":{"line":16,"column":9}},"3":{"start":{"line":12,"column":12},"end":{"line":15,"column":29}},"4":{"start":{"line":15,"column":16},"end":{"line":15,"column":29}},"5":{"start":{"line":18,"column":4},"end":{"line":18,"column":16}},"6":{"start":{"line":21,"column":27},"end":{"line":36,"column":1}},"7":{"start":{"line":22,"column":21},"end":{"line":22,"column":23}},"8":{"start":{"line":24,"column":4},"end":{"line":30,"column":48}},"9":{"start":{"line":30,"column":8},"end":{"line":30,"column":48}},"10":{"start":{"line":32,"column":4},"end":{"line":33,"column":47}},"11":{"start":{"line":33,"column":8},"end":{"line":33,"column":47}},"12":{"start":{"line":35,"column":4},"end":{"line":35,"column":17}},"13":{"start":{"line":38,"column":20},"end":{"line":93,"column":1}},"14":{"start":{"line":39,"column":23},"end":{"line":39,"column":24}},"15":{"start":{"line":40,"column":31},"end":{"line":40,"column":32}},"16":{"start":{"line":41,"column":38},"end":{"line":41,"column":48}},"17":{"start":{"line":43,"column":4},"end":{"line":92,"column":5}},"18":{"start":{"line":44,"column":8},"end":{"line":88,"column":9}},"19":{"start":{"line":46,"column":12},"end":{"line":47,"column":50}},"20":{"start":{"line":47,"column":16},"end":{"line":47,"column":50}},"21":{"start":{"line":50,"column":12},"end":{"line":55,"column":55}},"22":{"start":{"line":55,"column":16},"end":{"line":55,"column":55}},"23":{"start":{"line":58,"column":32},"end":{"line":60,"column":null}},"24":{"start":{"line":63,"column":36},"end":{"line":66,"column":null}},"25":{"start":{"line":70,"column":12},"end":{"line":85,"column":13}},"26":{"start":{"line":71,"column":16},"end":{"line":74,"column":19}},"27":{"start":{"line":75,"column":19},"end":{"line":85,"column":13}},"28":{"start":{"line":76,"column":35},"end":{"line":78,"column":null}},"29":{"start":{"line":81,"column":16},"end":{"line":84,"column":19}},"30":{"start":{"line":87,"column":12},"end":{"line":87,"column":59}},"31":{"start":{"line":91,"column":8},"end":{"line":91,"column":20}}},"fnMap":{"0":{"name":"(anonymous_0)","decl":{"start":{"line":9,"column":22},"end":{"line":9,"column":23}},"loc":{"start":{"line":9,"column":39},"end":{"line":19,"column":1}}},"1":{"name":"(anonymous_1)","decl":{"start":{"line":21,"column":27},"end":{"line":21,"column":28}},"loc":{"start":{"line":21,"column":88},"end":{"line":36,"column":1}}},"2":{"name":"(anonymous_2)","decl":{"start":{"line":38,"column":20},"end":{"line":38,"column":25}},"loc":{"start":{"line":38,"column":92},"end":{"line":93,"column":1}}}},"branchMap":{"0":{"loc":{"start":{"line":11,"column":8},"end":{"line":16,"column":9}},"type":"if","locations":[{"start":{"line":11,"column":8},"end":{"line":16,"column":9}}]},"1":{"loc":{"start":{"line":12,"column":12},"end":{"line":15,"column":29}},"type":"if","locations":[{"start":{"line":12,"column":12},"end":{"line":15,"column":29}}]},"2":{"loc":{"start":{"line":12,"column":16},"end":{"line":14,"column":55}},"type":"binary-expr","locations":[{"start":{"line":12,"column":16},"end":{"line":12,"column":50}},{"start":{"line":13,"column":16},"end":{"line":13,"column":55}},{"start":{"line":14,"column":16},"end":{"line":14,"column":55}}]},"3":{"loc":{"start":{"line":24,"column":4},"end":{"line":30,"column":48}},"type":"if","locations":[{"start":{"line":24,"column":4},"end":{"line":30,"column":48}}]},"4":{"loc":{"start":{"line":25,"column":8},"end":{"line":27,"column":46}},"type":"binary-expr","locations":[{"start":{"line":25,"column":8},"end":{"line":25,"column":36}},{"start":{"line":26,"column":8},"end":{"line":26,"column":41}},{"start":{"line":27,"column":8},"end":{"line":27,"column":46}}]},"5":{"loc":{"start":{"line":32,"column":4},"end":{"line":33,"column":47}},"type":"if","locations":[{"start":{"line":32,"column":4},"end":{"line":33,"column":47}}]},"6":{"loc":{"start":{"line":32,"column":8},"end":{"line":32,"column":69}},"type":"binary-expr","locations":[{"start":{"line":32,"column":8},"end":{"line":32,"column":34}},{"start":{"line":32,"column":38},"end":{"line":32,"column":69}}]},"7":{"loc":{"start":{"line":44,"column":8},"end":{"line":88,"column":9}},"type":"if","locations":[{"start":{"line":44,"column":8},"end":{"line":88,"column":9}},{"start":{"line":86,"column":15},"end":{"line":88,"column":9}}]},"8":{"loc":{"start":{"line":46,"column":12},"end":{"line":47,"column":50}},"type":"if","locations":[{"start":{"line":46,"column":12},"end":{"line":47,"column":50}}]},"9":{"loc":{"start":{"line":46,"column":16},"end":{"line":46,"column":76}},"type":"binary-expr","locations":[{"start":{"line":46,"column":16},"end":{"line":46,"column":30}},{"start":{"line":46,"column":34},"end":{"line":46,"column":76}}]},"10":{"loc":{"start":{"line":50,"column":12},"end":{"line":55,"column":55}},"type":"if","locations":[{"start":{"line":50,"column":12},"end":{"line":55,"column":55}}]},"11":{"loc":{"start":{"line":51,"column":16},"end":{"line":53,"column":75}},"type":"binary-expr","locations":[{"start":{"line":51,"column":16},"end":{"line":51,"column":31}},{"start":{"line":52,"column":16},"end":{"line":52,"column":59}},{"start":{"line":53,"column":16},"end":{"line":53,"column":75}}]},"12":{"loc":{"start":{"line":70,"column":12},"end":{"line":85,"column":13}},"type":"if","locations":[{"start":{"line":70,"column":12},"end":{"line":85,"column":13}},{"start":{"line":75,"column":19},"end":{"line":85,"column":13}}]},"13":{"loc":{"start":{"line":70,"column":16},"end":{"line":70,"column":64}},"type":"binary-expr","locations":[{"start":{"line":70,"column":16},"end":{"line":70,"column":32}},{"start":{"line":70,"column":36},"end":{"line":70,"column":64}}]},"14":{"loc":{"start":{"line":75,"column":19},"end":{"line":85,"column":13}},"type":"if","locations":[{"start":{"line":75,"column":19},"end":{"line":85,"column":13}}]},"15":{"loc":{"start":{"line":75,"column":23},"end":{"line":75,"column":68}},"type":"binary-expr","locations":[{"start":{"line":75,"column":23},"end":{"line":75,"column":38}},{"start":{"line":75,"column":42},"end":{"line":75,"column":68}}]}},"s":{"0":6,"1":6,"2":5,"3":5,"4":1,"5":5,"6":6,"7":5,"8":5,"9":1,"10":5,"11":1,"12":5,"13":6,"14":6,"15":6,"16":6,"17":6,"18":6,"19":5,"20":1,"21":5,"22":1,"23":5,"24":5,"25":5,"26":1,"27":4,"28":4,"29":4,"30":1,"31":0},"f":{"0":6,"1":5,"2":6},"b":{"0":[5],"1":[1],"2":[5,1,1],"3":[1],"4":[5,1,1],"5":[1],"6":[5,1],"7":[5,1],"8":[1],"9":[5,1],"10":[1],"11":[5,1,1],"12":[1,4],"13":[5,5],"14":[4],"15":[4,4]}}
,"/home/manvinderjit/repos/2023-TOP-Project-Inventory-Application/src/api/controllers/promos.api.controllers.ts": {"path":"/home/manvinderjit/repos/2023-TOP-Project-Inventory-Application/src/api/controllers/promos.api.controllers.ts","statementMap":{"0":{"start":{"line":4,"column":26},"end":{"line":23,"column":1}},"1":{"start":{"line":5,"column":4},"end":{"line":22,"column":5}},"2":{"start":{"line":6,"column":31},"end":{"line":6,"column":75}},"3":{"start":{"line":8,"column":8},"end":{"line":16,"column":9}},"4":{"start":{"line":9,"column":12},"end":{"line":11,"column":15}},"5":{"start":{"line":13,"column":12},"end":{"line":15,"column":15}},"6":{"start":{"line":18,"column":8},"end":{"line":20,"column":11}},"7":{"start":{"line":21,"column":8},"end":{"line":21,"column":20}}},"fnMap":{"0":{"name":"(anonymous_0)","decl":{"start":{"line":4,"column":26},"end":{"line":4,"column":31}},"loc":{"start":{"line":4,"column":83},"end":{"line":23,"column":1}}}},"branchMap":{"0":{"loc":{"start":{"line":8,"column":8},"end":{"line":16,"column":9}},"type":"if","locations":[{"start":{"line":8,"column":8},"end":{"line":16,"column":9}},{"start":{"line":12,"column":15},"end":{"line":16,"column":9}}]},"1":{"loc":{"start":{"line":8,"column":12},"end":{"line":8,"column":58}},"type":"binary-expr","locations":[{"start":{"line":8,"column":12},"end":{"line":8,"column":27}},{"start":{"line":8,"column":31},"end":{"line":8,"column":58}}]}},"s":{"0":5,"1":3,"2":3,"3":2,"4":1,"5":1,"6":1,"7":1},"f":{"0":3},"b":{"0":[1,1],"1":[2,2]}}
,"/home/manvinderjit/repos/2023-TOP-Project-Inventory-Application/src/api/controllers/register.api.controllers.ts": {"path":"/home/manvinderjit/repos/2023-TOP-Project-Inventory-Application/src/api/controllers/register.api.controllers.ts","statementMap":{"0":{"start":{"line":6,"column":32},"end":{"line":50,"column":1}},"1":{"start":{"line":7,"column":4},"end":{"line":49,"column":5}},"2":{"start":{"line":9,"column":44},"end":{"line":9,"column":52}},"3":{"start":{"line":12,"column":8},"end":{"line":45,"column":9}},"4":{"start":{"line":13,"column":12},"end":{"line":13,"column":74}},"5":{"start":{"line":16,"column":13},"end":{"line":45,"column":9}},"6":{"start":{"line":17,"column":12},"end":{"line":19,"column":15}},"7":{"start":{"line":23,"column":31},"end":{"line":23,"column":64}},"8":{"start":{"line":24,"column":12},"end":{"line":44,"column":13}},"9":{"start":{"line":25,"column":16},"end":{"line":25,"column":87}},"10":{"start":{"line":29,"column":39},"end":{"line":29,"column":82}},"11":{"start":{"line":31,"column":16},"end":{"line":43,"column":17}},"12":{"start":{"line":33,"column":20},"end":{"line":35,"column":22}},"13":{"start":{"line":36,"column":20},"end":{"line":38,"column":23}},"14":{"start":{"line":40,"column":20},"end":{"line":42,"column":23}},"15":{"start":{"line":47,"column":8},"end":{"line":47,"column":29}},"16":{"start":{"line":48,"column":8},"end":{"line":48,"column":20}}},"fnMap":{"0":{"name":"(anonymous_0)","decl":{"start":{"line":6,"column":32},"end":{"line":6,"column":37}},"loc":{"start":{"line":6,"column":90},"end":{"line":50,"column":1}}}},"branchMap":{"0":{"loc":{"start":{"line":12,"column":8},"end":{"line":45,"column":9}},"type":"if","locations":[{"start":{"line":12,"column":8},"end":{"line":45,"column":9}},{"start":{"line":16,"column":13},"end":{"line":45,"column":9}}]},"1":{"loc":{"start":{"line":12,"column":12},"end":{"line":12,"column":39}},"type":"binary-expr","locations":[{"start":{"line":12,"column":12},"end":{"line":12,"column":22}},{"start":{"line":12,"column":26},"end":{"line":12,"column":39}}]},"2":{"loc":{"start":{"line":16,"column":13},"end":{"line":45,"column":9}},"type":"if","locations":[{"start":{"line":16,"column":13},"end":{"line":45,"column":9}},{"start":{"line":21,"column":13},"end":{"line":45,"column":9}}]},"3":{"loc":{"start":{"line":16,"column":17},"end":{"line":16,"column":77}},"type":"binary-expr","locations":[{"start":{"line":16,"column":17},"end":{"line":16,"column":42}},{"start":{"line":16,"column":46},"end":{"line":16,"column":77}}]},"4":{"loc":{"start":{"line":24,"column":12},"end":{"line":44,"column":13}},"type":"if","locations":[{"start":{"line":24,"column":12},"end":{"line":44,"column":13}},{"start":{"line":28,"column":17},"end":{"line":44,"column":13}}]},"5":{"loc":{"start":{"line":31,"column":16},"end":{"line":43,"column":17}},"type":"if","locations":[{"start":{"line":31,"column":16},"end":{"line":43,"column":17}},{"start":{"line":39,"column":23},"end":{"line":43,"column":17}}]},"6":{"loc":{"start":{"line":31,"column":19},"end":{"line":31,"column":55}},"type":"binary-expr","locations":[{"start":{"line":31,"column":19},"end":{"line":31,"column":33}},{"start":{"line":31,"column":37},"end":{"line":31,"column":55}}]}},"s":{"0":6,"1":11,"2":11,"3":11,"4":3,"5":8,"6":5,"7":3,"8":3,"9":1,"10":2,"11":2,"12":1,"13":1,"14":1,"15":0,"16":0},"f":{"0":11},"b":{"0":[3,8],"1":[11,9],"2":[5,3],"3":[8,5],"4":[1,2],"5":[1,1],"6":[2,2]}}
,"/home/manvinderjit/repos/2023-TOP-Project-Inventory-Application/src/api/controllers/subscriptions.api.controllers.ts": {"path":"/home/manvinderjit/repos/2023-TOP-Project-Inventory-Application/src/api/controllers/subscriptions.api.controllers.ts","statementMap":{"0":{"start":{"line":5,"column":37},"end":{"line":25,"column":1}},"1":{"start":{"line":6,"column":4},"end":{"line":24,"column":5}},"2":{"start":{"line":7,"column":37},"end":{"line":7,"column":40}},"3":{"start":{"line":10,"column":8},"end":{"line":20,"column":9}},"4":{"start":{"line":11,"column":12},"end":{"line":13,"column":15}},"5":{"start":{"line":15,"column":31},"end":{"line":15,"column":75}},"6":{"start":{"line":16,"column":12},"end":{"line":19,"column":49}},"7":{"start":{"line":17,"column":16},"end":{"line":17,"column":64}},"8":{"start":{"line":19,"column":12},"end":{"line":19,"column":49}},"9":{"start":{"line":22,"column":8},"end":{"line":22,"column":29}},"10":{"start":{"line":23,"column":8},"end":{"line":23,"column":20}},"11":{"start":{"line":27,"column":44},"end":{"line":57,"column":1}},"12":{"start":{"line":28,"column":4},"end":{"line":56,"column":5}},"13":{"start":{"line":29,"column":37},"end":{"line":29,"column":40}},"14":{"start":{"line":32,"column":8},"end":{"line":52,"column":9}},"15":{"start":{"line":40,"column":12},"end":{"line":42,"column":15}},"16":{"start":{"line":44,"column":32},"end":{"line":44,"column":76}},"17":{"start":{"line":45,"column":12},"end":{"line":51,"column":13}},"18":{"start":{"line":46,"column":16},"end":{"line":46,"column":64}},"19":{"start":{"line":47,"column":19},"end":{"line":51,"column":13}},"20":{"start":{"line":48,"column":16},"end":{"line":48,"column":88}},"21":{"start":{"line":50,"column":16},"end":{"line":50,"column":62}},"22":{"start":{"line":54,"column":8},"end":{"line":54,"column":29}},"23":{"start":{"line":55,"column":8},"end":{"line":55,"column":20}},"24":{"start":{"line":59,"column":42},"end":{"line":103,"column":1}},"25":{"start":{"line":60,"column":4},"end":{"line":102,"column":5}},"26":{"start":{"line":61,"column":37},"end":{"line":61,"column":40}},"27":{"start":{"line":64,"column":8},"end":{"line":98,"column":9}},"28":{"start":{"line":72,"column":12},"end":{"line":74,"column":15}},"29":{"start":{"line":77,"column":31},"end":{"line":77,"column":75}},"30":{"start":{"line":78,"column":12},"end":{"line":97,"column":72}},"31":{"start":{"line":79,"column":34},"end":{"line":79,"column":71}},"32":{"start":{"line":80,"column":16},"end":{"line":84,"column":17}},"33":{"start":{"line":81,"column":20},"end":{"line":81,"column":135}},"34":{"start":{"line":83,"column":20},"end":{"line":83,"column":73}},"35":{"start":{"line":85,"column":19},"end":{"line":97,"column":72}},"36":{"start":{"line":86,"column":16},"end":{"line":90,"column":22}},"37":{"start":{"line":91,"column":19},"end":{"line":97,"column":72}},"38":{"start":{"line":92,"column":16},"end":{"line":96,"column":22}},"39":{"start":{"line":97,"column":19},"end":{"line":97,"column":72}},"40":{"start":{"line":100,"column":8},"end":{"line":100,"column":29}},"41":{"start":{"line":101,"column":8},"end":{"line":101,"column":20}}},"fnMap":{"0":{"name":"(anonymous_0)","decl":{"start":{"line":5,"column":37},"end":{"line":5,"column":42}},"loc":{"start":{"line":5,"column":95},"end":{"line":25,"column":1}}},"1":{"name":"(anonymous_1)","decl":{"start":{"line":27,"column":44},"end":{"line":27,"column":49}},"loc":{"start":{"line":27,"column":102},"end":{"line":57,"column":1}}},"2":{"name":"(anonymous_2)","decl":{"start":{"line":59,"column":42},"end":{"line":59,"column":47}},"loc":{"start":{"line":59,"column":100},"end":{"line":103,"column":1}}}},"branchMap":{"0":{"loc":{"start":{"line":10,"column":8},"end":{"line":20,"column":9}},"type":"if","locations":[{"start":{"line":10,"column":8},"end":{"line":20,"column":9}},{"start":{"line":14,"column":15},"end":{"line":20,"column":9}}]},"1":{"loc":{"start":{"line":10,"column":12},"end":{"line":10,"column":136}},"type":"binary-expr","locations":[{"start":{"line":10,"column":12},"end":{"line":10,"column":19}},{"start":{"line":10,"column":23},"end":{"line":10,"column":38}},{"start":{"line":10,"column":42},"end":{"line":10,"column":74}},{"start":{"line":10,"column":78},"end":{"line":10,"column":87}},{"start":{"line":10,"column":91},"end":{"line":10,"column":108}},{"start":{"line":10,"column":112},"end":{"line":10,"column":136}}]},"2":{"loc":{"start":{"line":16,"column":12},"end":{"line":19,"column":49}},"type":"if","locations":[{"start":{"line":16,"column":12},"end":{"line":19,"column":49}},{"start":{"line":19,"column":12},"end":{"line":19,"column":49}}]},"3":{"loc":{"start":{"line":32,"column":8},"end":{"line":52,"column":9}},"type":"if","locations":[{"start":{"line":32,"column":8},"end":{"line":52,"column":9}},{"start":{"line":43,"column":15},"end":{"line":52,"column":9}}]},"4":{"loc":{"start":{"line":33,"column":12},"end":{"line":38,"column":36}},"type":"binary-expr","locations":[{"start":{"line":33,"column":12},"end":{"line":33,"column":19}},{"start":{"line":34,"column":12},"end":{"line":34,"column":27}},{"start":{"line":35,"column":12},"end":{"line":35,"column":44}},{"start":{"line":36,"column":12},"end":{"line":36,"column":21}},{"start":{"line":37,"column":12},"end":{"line":37,"column":29}},{"start":{"line":38,"column":12},"end":{"line":38,"column":36}}]},"5":{"loc":{"start":{"line":45,"column":12},"end":{"line":51,"column":13}},"type":"if","locations":[{"start":{"line":45,"column":12},"end":{"line":51,"column":13}},{"start":{"line":47,"column":19},"end":{"line":51,"column":13}}]},"6":{"loc":{"start":{"line":47,"column":19},"end":{"line":51,"column":13}},"type":"if","locations":[{"start":{"line":47,"column":19},"end":{"line":51,"column":13}},{"start":{"line":49,"column":19},"end":{"line":51,"column":13}}]},"7":{"loc":{"start":{"line":47,"column":22},"end":{"line":47,"column":93}},"type":"binary-expr","locations":[{"start":{"line":47,"column":22},"end":{"line":47,"column":43}},{"start":{"line":47,"column":47},"end":{"line":47,"column":93}}]},"8":{"loc":{"start":{"line":64,"column":8},"end":{"line":98,"column":9}},"type":"if","locations":[{"start":{"line":64,"column":8},"end":{"line":98,"column":9}},{"start":{"line":75,"column":15},"end":{"line":98,"column":9}}]},"9":{"loc":{"start":{"line":65,"column":12},"end":{"line":70,"column":36}},"type":"binary-expr","locations":[{"start":{"line":65,"column":12},"end":{"line":65,"column":19}},{"start":{"line":66,"column":12},"end":{"line":66,"column":27}},{"start":{"line":67,"column":12},"end":{"line":67,"column":44}},{"start":{"line":68,"column":12},"end":{"line":68,"column":21}},{"start":{"line":69,"column":12},"end":{"line":69,"column":29}},{"start":{"line":70,"column":12},"end":{"line":70,"column":36}}]},"10":{"loc":{"start":{"line":78,"column":12},"end":{"line":97,"column":72}},"type":"if","locations":[{"start":{"line":78,"column":12},"end":{"line":97,"column":72}},{"start":{"line":85,"column":19},"end":{"line":97,"column":72}}]},"11":{"loc":{"start":{"line":80,"column":16},"end":{"line":84,"column":17}},"type":"if","locations":[{"start":{"line":80,"column":16},"end":{"line":84,"column":17}},{"start":{"line":82,"column":23},"end":{"line":84,"column":17}}]},"12":{"loc":{"start":{"line":80,"column":19},"end":{"line":80,"column":84}},"type":"binary-expr","locations":[{"start":{"line":80,"column":19},"end":{"line":80,"column":38}},{"start":{"line":80,"column":42},"end":{"line":80,"column":84}}]},"13":{"loc":{"start":{"line":85,"column":19},"end":{"line":97,"column":72}},"type":"if","locations":[{"start":{"line":85,"column":19},"end":{"line":97,"column":72}},{"start":{"line":91,"column":19},"end":{"line":97,"column":72}}]},"14":{"loc":{"start":{"line":91,"column":19},"end":{"line":97,"column":72}},"type":"if","locations":[{"start":{"line":91,"column":19},"end":{"line":97,"column":72}},{"start":{"line":97,"column":19},"end":{"line":97,"column":72}}]}},"s":{"0":6,"1":6,"2":6,"3":6,"4":3,"5":3,"6":3,"7":1,"8":2,"9":1,"10":1,"11":6,"12":6,"13":6,"14":6,"15":3,"16":3,"17":3,"18":1,"19":2,"20":1,"21":1,"22":1,"23":1,"24":6,"25":8,"26":8,"27":8,"28":3,"29":5,"30":5,"31":2,"32":2,"33":1,"34":1,"35":3,"36":1,"37":2,"38":1,"39":1,"40":1,"41":1},"f":{"0":6,"1":6,"2":8},"b":{"0":[3,3],"1":[6,4,4,4,3,3],"2":[1,2],"3":[3,3],"4":[6,4,4,4,3,3],"5":[1,2],"6":[1,1],"7":[2,1],"8":[3,5],"9":[8,6,6,6,5,5],"10":[2,3],"11":[1,1],"12":[2,1],"13":[1,2],"14":[1,1]}}
,"/home/manvinderjit/repos/2023-TOP-Project-Inventory-Application/src/api/helpers/orders.api.helpers.ts": {"path":"/home/manvinderjit/repos/2023-TOP-Project-Inventory-Application/src/api/helpers/orders.api.helpers.ts","statementMap":{"0":{"start":{"line":14,"column":27},"end":{"line":33,"column":1}},"1":{"start":{"line":15,"column":35},"end":{"line":15,"column":37}},"2":{"start":{"line":22,"column":4},"end":{"line":30,"column":7}},"3":{"start":{"line":23,"column":8},"end":{"line":29,"column":9}},"4":{"start":{"line":28,"column":12},"end":{"line":28,"column":41}},"5":{"start":{"line":32,"column":4},"end":{"line":32,"column":24}},"6":{"start":{"line":36,"column":22},"end":{"line":41,"column":null}},"7":{"start":{"line":40,"column":4},"end":{"line":41,"column":null}},"8":{"start":{"line":41,"column":8},"end":{"line":41,"column":70}},"9":{"start":{"line":41,"column":34},"end":{"line":41,"column":69}},"10":{"start":{"line":45,"column":29},"end":{"line":65,"column":1}},"11":{"start":{"line":49,"column":40},"end":{"line":49,"column":42}},"12":{"start":{"line":50,"column":37},"end":{"line":62,"column":null}},"13":{"start":{"line":51,"column":8},"end":{"line":62,"column":10}},"14":{"start":{"line":52,"column":12},"end":{"line":56,"column":50}},"15":{"start":{"line":56,"column":16},"end":{"line":56,"column":50}},"16":{"start":{"line":58,"column":12},"end":{"line":61,"column":14}},"17":{"start":{"line":64,"column":4},"end":{"line":64,"column":50}},"18":{"start":{"line":68,"column":31},"end":{"line":78,"column":1}},"19":{"start":{"line":69,"column":16},"end":{"line":69,"column":17}},"20":{"start":{"line":70,"column":4},"end":{"line":76,"column":6}},"21":{"start":{"line":74,"column":13},"end":{"line":74,"column":79}},"22":{"start":{"line":77,"column":4},"end":{"line":77,"column":63}},"23":{"start":{"line":81,"column":33},"end":{"line":130,"column":1}},"24":{"start":{"line":85,"column":32},"end":{"line":85,"column":36}},"25":{"start":{"line":88,"column":30},"end":{"line":88,"column":32}},"26":{"start":{"line":89,"column":59},"end":{"line":89,"column":61}},"27":{"start":{"line":90,"column":4},"end":{"line":93,"column":7}},"28":{"start":{"line":91,"column":8},"end":{"line":91,"column":39}},"29":{"start":{"line":92,"column":8},"end":{"line":92,"column":79}},"30":{"start":{"line":96,"column":23},"end":{"line":96,"column":53}},"31":{"start":{"line":99,"column":37},"end":{"line":101,"column":null}},"32":{"start":{"line":105,"column":37},"end":{"line":105,"column":67}},"33":{"start":{"line":108,"column":4},"end":{"line":128,"column":5}},"34":{"start":{"line":110,"column":12},"end":{"line":110,"column":70}},"35":{"start":{"line":111,"column":12},"end":{"line":111,"column":18}},"36":{"start":{"line":114,"column":12},"end":{"line":114,"column":95}},"37":{"start":{"line":115,"column":12},"end":{"line":115,"column":18}},"38":{"start":{"line":118,"column":12},"end":{"line":118,"column":119}},"39":{"start":{"line":119,"column":12},"end":{"line":119,"column":18}},"40":{"start":{"line":122,"column":12},"end":{"line":122,"column":70}},"41":{"start":{"line":123,"column":12},"end":{"line":123,"column":18}},"42":{"start":{"line":126,"column":12},"end":{"line":126,"column":17}},"43":{"start":{"line":129,"column":4},"end":{"line":129,"column":33}}},"fnMap":{"0":{"name":"(anonymous_0)","decl":{"start":{"line":14,"column":27},"end":{"line":14,"column":28}},"loc":{"start":{"line":14,"column":65},"end":{"line":33,"column":1}}},"1":{"name":"(anonymous_1)","decl":{"start":{"line":22,"column":23},"end":{"line":22,"column":24}},"loc":{"start":{"line":22,"column":32},"end":{"line":30,"column":5}}},"2":{"name":"(anonymous_2)","decl":{"start":{"line":36,"column":22},"end":{"line":36,"column":null}},"loc":{"start":{"line":40,"column":4},"end":{"line":41,"column":null}}},"3":{"name":"(anonymous_3)","decl":{"start":{"line":40,"column":18},"end":{"line":40,"column":19}},"loc":{"start":{"line":41,"column":8},"end":{"line":41,"column":70}}},"4":{"name":"(anonymous_4)","decl":{"start":{"line":41,"column":24},"end":{"line":41,"column":25}},"loc":{"start":{"line":41,"column":34},"end":{"line":41,"column":69}}},"5":{"name":"(anonymous_5)","decl":{"start":{"line":45,"column":29},"end":{"line":45,"column":null}},"loc":{"start":{"line":48,"column":63},"end":{"line":65,"column":1}}},"6":{"name":"(anonymous_6)","decl":{"start":{"line":50,"column":59},"end":{"line":50,"column":60}},"loc":{"start":{"line":51,"column":8},"end":{"line":62,"column":10}}},"7":{"name":"(anonymous_7)","decl":{"start":{"line":51,"column":29},"end":{"line":51,"column":30}},"loc":{"start":{"line":51,"column":38},"end":{"line":62,"column":9}}},"8":{"name":"(anonymous_8)","decl":{"start":{"line":68,"column":31},"end":{"line":68,"column":32}},"loc":{"start":{"line":68,"column":74},"end":{"line":78,"column":1}}},"9":{"name":"(anonymous_9)","decl":{"start":{"line":71,"column":8},"end":{"line":71,"column":null}},"loc":{"start":{"line":74,"column":13},"end":{"line":74,"column":79}}},"10":{"name":"(anonymous_10)","decl":{"start":{"line":81,"column":33},"end":{"line":81,"column":38}},"loc":{"start":{"line":84,"column":4},"end":{"line":130,"column":1}}},"11":{"name":"(anonymous_11)","decl":{"start":{"line":90,"column":23},"end":{"line":90,"column":24}},"loc":{"start":{"line":90,"column":32},"end":{"line":93,"column":5}}}},"branchMap":{"0":{"loc":{"start":{"line":23,"column":8},"end":{"line":29,"column":9}},"type":"if","locations":[{"start":{"line":23,"column":8},"end":{"line":29,"column":9}}]},"1":{"loc":{"start":{"line":24,"column":12},"end":{"line":26,"column":49}},"type":"binary-expr","locations":[{"start":{"line":24,"column":12},"end":{"line":24,"column":56}},{"start":{"line":25,"column":12},"end":{"line":25,"column":56}},{"start":{"line":26,"column":12},"end":{"line":26,"column":49}}]},"2":{"loc":{"start":{"line":52,"column":12},"end":{"line":56,"column":50}},"type":"if","locations":[{"start":{"line":52,"column":12},"end":{"line":56,"column":50}}]},"3":{"loc":{"start":{"line":53,"column":16},"end":{"line":54,"column":63}},"type":"binary-expr","locations":[{"start":{"line":53,"column":16},"end":{"line":53,"column":62}},{"start":{"line":54,"column":16},"end":{"line":54,"column":63}}]},"4":{"loc":{"start":{"line":59,"column":16},"end":{"line":60,"column":64}},"type":"binary-expr","locations":[{"start":{"line":59,"column":16},"end":{"line":59,"column":62}},{"start":{"line":60,"column":16},"end":{"line":60,"column":64}}]},"5":{"loc":{"start":{"line":108,"column":4},"end":{"line":128,"column":5}},"type":"switch","locations":[{"start":{"line":109,"column":8},"end":{"line":112,"column":9}},{"start":{"line":113,"column":8},"end":{"line":116,"column":9}},{"start":{"line":117,"column":8},"end":{"line":120,"column":9}},{"start":{"line":121,"column":8},"end":{"line":124,"column":9}},{"start":{"line":125,"column":8},"end":{"line":127,"column":9}}]}},"s":{"0":6,"1":13,"2":13,"3":33,"4":3,"5":13,"6":6,"7":13,"8":33,"9":62,"10":6,"11":13,"12":13,"13":32,"14":62,"15":1,"16":62,"17":13,"18":6,"19":8,"20":8,"21":24,"22":8,"23":6,"24":13,"25":13,"26":13,"27":13,"28":33,"29":33,"30":13,"31":13,"32":13,"33":13,"34":1,"35":1,"36":3,"37":3,"38":1,"39":1,"40":1,"41":1,"42":7,"43":13},"f":{"0":13,"1":33,"2":13,"3":33,"4":62,"5":13,"6":32,"7":62,"8":8,"9":24,"10":13,"11":33},"b":{"0":[3],"1":[33,32,31],"2":[1],"3":[62,31],"4":[62,31],"5":[1,3,1,1,7]}}
,"/home/manvinderjit/repos/2023-TOP-Project-Inventory-Application/src/api/routers/index.api.router.ts": {"path":"/home/manvinderjit/repos/2023-TOP-Project-Inventory-Application/src/api/routers/index.api.router.ts","statementMap":{"0":{"start":{"line":10,"column":26},"end":{"line":10,"column":42}},"1":{"start":{"line":12,"column":0},"end":{"line":12,"column":46}},"2":{"start":{"line":14,"column":0},"end":{"line":14,"column":42}},"3":{"start":{"line":16,"column":0},"end":{"line":16,"column":40}},"4":{"start":{"line":18,"column":0},"end":{"line":18,"column":46}},"5":{"start":{"line":20,"column":0},"end":{"line":20,"column":58}},"6":{"start":{"line":22,"column":0},"end":{"line":22,"column":68}}},"fnMap":{},"branchMap":{},"s":{"0":5,"1":5,"2":5,"3":5,"4":5,"5":5,"6":5},"f":{},"b":{}}
,"/home/manvinderjit/repos/2023-TOP-Project-Inventory-Application/src/api/routers/login.api.router.ts": {"path":"/home/manvinderjit/repos/2023-TOP-Project-Inventory-Application/src/api/routers/login.api.router.ts","statementMap":{"0":{"start":{"line":4,"column":31},"end":{"line":4,"column":47}},"1":{"start":{"line":6,"column":0},"end":{"line":6,"column":60}}},"fnMap":{},"branchMap":{},"s":{"0":5,"1":5},"f":{},"b":{}}
,"/home/manvinderjit/repos/2023-TOP-Project-Inventory-Application/src/api/routers/orders.api.router.ts": {"path":"/home/manvinderjit/repos/2023-TOP-Project-Inventory-Application/src/api/routers/orders.api.router.ts","statementMap":{"0":{"start":{"line":5,"column":32},"end":{"line":5,"column":48}},"1":{"start":{"line":7,"column":0},"end":{"line":7,"column":60}},"2":{"start":{"line":9,"column":0},"end":{"line":9,"column":71}},"3":{"start":{"line":11,"column":0},"end":{"line":11,"column":71}}},"fnMap":{},"branchMap":{},"s":{"0":5,"1":5,"2":5,"3":5},"f":{},"b":{}}
,"/home/manvinderjit/repos/2023-TOP-Project-Inventory-Application/src/api/routers/products.api.router.ts": {"path":"/home/manvinderjit/repos/2023-TOP-Project-Inventory-Application/src/api/routers/products.api.router.ts","statementMap":{"0":{"start":{"line":5,"column":34},"end":{"line":5,"column":50}},"1":{"start":{"line":7,"column":0},"end":{"line":7,"column":63}},"2":{"start":{"line":9,"column":0},"end":{"line":9,"column":51}},"3":{"start":{"line":11,"column":0},"end":{"line":11,"column":58}}},"fnMap":{},"branchMap":{},"s":{"0":5,"1":5,"2":5,"3":5},"f":{},"b":{}}
,"/home/manvinderjit/repos/2023-TOP-Project-Inventory-Application/src/api/routers/promos.api.router.ts": {"path":"/home/manvinderjit/repos/2023-TOP-Project-Inventory-Application/src/api/routers/promos.api.router.ts","statementMap":{"0":{"start":{"line":5,"column":32},"end":{"line":5,"column":48}},"1":{"start":{"line":7,"column":0},"end":{"line":7,"column":52}},"2":{"start":{"line":9,"column":0},"end":{"line":9,"column":49}},"3":{"start":{"line":11,"column":0},"end":{"line":11,"column":56}}},"fnMap":{},"branchMap":{},"s":{"0":5,"1":5,"2":5,"3":5},"f":{},"b":{}}
,"/home/manvinderjit/repos/2023-TOP-Project-Inventory-Application/src/api/routers/register.api.router.ts": {"path":"/home/manvinderjit/repos/2023-TOP-Project-Inventory-Application/src/api/routers/register.api.router.ts","statementMap":{"0":{"start":{"line":4,"column":34},"end":{"line":4,"column":50}},"1":{"start":{"line":6,"column":0},"end":{"line":6,"column":69}}},"fnMap":{},"branchMap":{},"s":{"0":5,"1":5},"f":{},"b":{}}
,"/home/manvinderjit/repos/2023-TOP-Project-Inventory-Application/src/api/routers/subscriptions.api.router.ts": {"path":"/home/manvinderjit/repos/2023-TOP-Project-Inventory-Application/src/api/routers/subscriptions.api.router.ts","statementMap":{"0":{"start":{"line":5,"column":39},"end":{"line":5,"column":55}},"1":{"start":{"line":7,"column":0},"end":{"line":7,"column":82}},"2":{"start":{"line":9,"column":0},"end":{"line":9,"column":88}},"3":{"start":{"line":11,"column":0},"end":{"line":11,"column":96}}},"fnMap":{},"branchMap":{},"s":{"0":5,"1":5,"2":5,"3":5},"f":{},"b":{}}
,"/home/manvinderjit/repos/2023-TOP-Project-Inventory-Application/src/api/services/auth.api.services.ts": {"path":"/home/manvinderjit/repos/2023-TOP-Project-Inventory-Application/src/api/services/auth.api.services.ts","statementMap":{"0":{"start":{"line":4,"column":32},"end":{"line":7,"column":1}},"1":{"start":{"line":5,"column":17},"end":{"line":5,"column":64}},"2":{"start":{"line":6,"column":4},"end":{"line":6,"column":16}},"3":{"start":{"line":9,"column":28},"end":{"line":15,"column":1}},"4":{"start":{"line":11,"column":27},"end":{"line":11,"column":62}},"5":{"start":{"line":13,"column":27},"end":{"line":13,"column":92}},"6":{"start":{"line":14,"column":4},"end":{"line":14,"column":26}},"7":{"start":{"line":17,"column":36},"end":{"line":20,"column":1}},"8":{"start":{"line":18,"column":22},"end":{"line":18,"column":85}},"9":{"start":{"line":19,"column":4},"end":{"line":19,"column":28}}},"fnMap":{"0":{"name":"(anonymous_0)","decl":{"start":{"line":4,"column":32},"end":{"line":4,"column":37}},"loc":{"start":{"line":4,"column":60},"end":{"line":7,"column":1}}},"1":{"name":"(anonymous_1)","decl":{"start":{"line":9,"column":28},"end":{"line":9,"column":33}},"loc":{"start":{"line":9,"column":78},"end":{"line":15,"column":1}}},"2":{"name":"(anonymous_2)","decl":{"start":{"line":17,"column":36},"end":{"line":17,"column":41}},"loc":{"start":{"line":17,"column":60},"end":{"line":20,"column":1}}}},"branchMap":{},"s":{"0":8,"1":7,"2":7,"3":8,"4":2,"5":2,"6":2,"7":8,"8":1,"9":1},"f":{"0":7,"1":2,"2":1},"b":{}}
,"/home/manvinderjit/repos/2023-TOP-Project-Inventory-Application/src/api/services/orders.api.services.ts": {"path":"/home/manvinderjit/repos/2023-TOP-Project-Inventory-Application/src/api/services/orders.api.services.ts","statementMap":{"0":{"start":{"line":6,"column":44},"end":{"line":11,"column":1}},"1":{"start":{"line":7,"column":29},"end":{"line":7,"column":79}},"2":{"start":{"line":8,"column":4},"end":{"line":10,"column":6}},"3":{"start":{"line":14,"column":31},"end":{"line":27,"column":1}},"4":{"start":{"line":16,"column":46},"end":{"line":24,"column":15}},"5":{"start":{"line":26,"column":4},"end":{"line":26,"column":22}},"6":{"start":{"line":29,"column":34},"end":{"line":38,"column":1}},"7":{"start":{"line":30,"column":44},"end":{"line":35,"column":15}},"8":{"start":{"line":37,"column":4},"end":{"line":37,"column":22}},"9":{"start":{"line":41,"column":31},"end":{"line":50,"column":1}},"10":{"start":{"line":42,"column":29},"end":{"line":42,"column":52}},"11":{"start":{"line":44,"column":46},"end":{"line":47,"column":null}},"12":{"start":{"line":49,"column":4},"end":{"line":49,"column":24}},"13":{"start":{"line":53,"column":31},"end":{"line":63,"column":1}},"14":{"start":{"line":54,"column":84},"end":{"line":60,"column":11}},"15":{"start":{"line":62,"column":4},"end":{"line":62,"column":27}},"16":{"start":{"line":66,"column":31},"end":{"line":117,"column":1}},"17":{"start":{"line":75,"column":23},"end":{"line":82,"column":6}},"18":{"start":{"line":76,"column":8},"end":{"line":81,"column":10}},"19":{"start":{"line":84,"column":20},"end":{"line":84,"column":49}},"20":{"start":{"line":85,"column":4},"end":{"line":85,"column":31}},"21":{"start":{"line":86,"column":4},"end":{"line":116,"column":5}},"22":{"start":{"line":87,"column":29},"end":{"line":87,"column":61}},"23":{"start":{"line":102,"column":42},"end":{"line":102,"column":77}},"24":{"start":{"line":103,"column":8},"end":{"line":106,"column":9}},"25":{"start":{"line":104,"column":12},"end":{"line":104,"column":45}},"26":{"start":{"line":105,"column":12},"end":{"line":105,"column":80}},"27":{"start":{"line":108,"column":8},"end":{"line":108,"column":42}},"28":{"start":{"line":109,"column":8},"end":{"line":109,"column":28}},"29":{"start":{"line":111,"column":8},"end":{"line":111,"column":41}},"30":{"start":{"line":112,"column":8},"end":{"line":112,"column":66}},"31":{"start":{"line":113,"column":8},"end":{"line":113,"column":20}},"32":{"start":{"line":115,"column":8},"end":{"line":115,"column":29}}},"fnMap":{"0":{"name":"(anonymous_0)","decl":{"start":{"line":6,"column":44},"end":{"line":6,"column":49}},"loc":{"start":{"line":6,"column":95},"end":{"line":11,"column":1}}},"1":{"name":"(anonymous_1)","decl":{"start":{"line":14,"column":31},"end":{"line":14,"column":36}},"loc":{"start":{"line":14,"column":151},"end":{"line":27,"column":1}}},"2":{"name":"(anonymous_2)","decl":{"start":{"line":29,"column":34},"end":{"line":29,"column":39}},"loc":{"start":{"line":29,"column":68},"end":{"line":38,"column":1}}},"3":{"name":"(anonymous_3)","decl":{"start":{"line":41,"column":31},"end":{"line":41,"column":36}},"loc":{"start":{"line":41,"column":103},"end":{"line":50,"column":1}}},"4":{"name":"(anonymous_4)","decl":{"start":{"line":53,"column":31},"end":{"line":53,"column":36}},"loc":{"start":{"line":53,"column":59},"end":{"line":63,"column":1}}},"5":{"name":"(anonymous_5)","decl":{"start":{"line":66,"column":31},"end":{"line":66,"column":36}},"loc":{"start":{"line":74,"column":5},"end":{"line":117,"column":1}}},"6":{"name":"(anonymous_6)","decl":{"start":{"line":75,"column":46},"end":{"line":75,"column":50}},"loc":{"start":{"line":75,"column":53},"end":{"line":82,"column":5}}}},"branchMap":{"0":{"loc":{"start":{"line":6,"column":67},"end":{"line":6,"column":91}},"type":"default-arg","locations":[{"start":{"line":6,"column":90},"end":{"line":6,"column":91}}]},"1":{"loc":{"start":{"line":14,"column":54},"end":{"line":14,"column":89}},"type":"default-arg","locations":[{"start":{"line":14,"column":88},"end":{"line":14,"column":89}}]},"2":{"loc":{"start":{"line":14,"column":91},"end":{"line":14,"column":115}},"type":"default-arg","locations":[{"start":{"line":14,"column":114},"end":{"line":14,"column":115}}]},"3":{"loc":{"start":{"line":103,"column":8},"end":{"line":106,"column":9}},"type":"if","locations":[{"start":{"line":103,"column":8},"end":{"line":106,"column":9}}]}},"s":{"0":6,"1":2,"2":2,"3":6,"4":3,"5":3,"6":6,"7":1,"8":1,"9":6,"10":4,"11":4,"12":4,"13":6,"14":13,"15":13,"16":6,"17":4,"18":4,"19":4,"20":3,"21":3,"22":3,"23":1,"24":1,"25":1,"26":1,"27":1,"28":1,"29":2,"30":2,"31":2,"32":3},"f":{"0":2,"1":3,"2":1,"3":4,"4":13,"5":4,"6":4},"b":{"0":[0],"1":[0],"2":[0],"3":[1]}}
,"/home/manvinderjit/repos/2023-TOP-Project-Inventory-Application/src/api/services/products.api.services.ts": {"path":"/home/manvinderjit/repos/2023-TOP-Project-Inventory-Application/src/api/services/products.api.services.ts","statementMap":{"0":{"start":{"line":4,"column":36},"end":{"line":9,"column":1}},"1":{"start":{"line":5,"column":30},"end":{"line":5,"column":65}},"2":{"start":{"line":6,"column":4},"end":{"line":8,"column":6}},"3":{"start":{"line":11,"column":29},"end":{"line":31,"column":1}},"4":{"start":{"line":16,"column":28},"end":{"line":28,"column":15}},"5":{"start":{"line":30,"column":8},"end":{"line":30,"column":31}}},"fnMap":{"0":{"name":"(anonymous_0)","decl":{"start":{"line":4,"column":36},"end":{"line":4,"column":41}},"loc":{"start":{"line":4,"column":101},"end":{"line":9,"column":1}}},"1":{"name":"(anonymous_1)","decl":{"start":{"line":11,"column":29},"end":{"line":11,"column":34}},"loc":{"start":{"line":15,"column":4},"end":{"line":31,"column":1}}}},"branchMap":{"0":{"loc":{"start":{"line":4,"column":73},"end":{"line":4,"column":97}},"type":"default-arg","locations":[{"start":{"line":4,"column":96},"end":{"line":4,"column":97}}]},"1":{"loc":{"start":{"line":12,"column":4},"end":{"line":12,"column":27}},"type":"default-arg","locations":[{"start":{"line":12,"column":26},"end":{"line":12,"column":27}}]},"2":{"loc":{"start":{"line":13,"column":4},"end":{"line":13,"column":28}},"type":"default-arg","locations":[{"start":{"line":13,"column":27},"end":{"line":13,"column":28}}]}},"s":{"0":6,"1":4,"2":4,"3":6,"4":5,"5":5},"f":{"0":4,"1":5},"b":{"0":[0],"1":[0],"2":[0]}}
,"/home/manvinderjit/repos/2023-TOP-Project-Inventory-Application/src/api/services/promos.api.services.ts": {"path":"/home/manvinderjit/repos/2023-TOP-Project-Inventory-Application/src/api/services/promos.api.services.ts","statementMap":{"0":{"start":{"line":3,"column":28},"end":{"line":13,"column":1}},"1":{"start":{"line":4,"column":27},"end":{"line":10,"column":11}},"2":{"start":{"line":12,"column":4},"end":{"line":12,"column":26}}},"fnMap":{"0":{"name":"(anonymous_0)","decl":{"start":{"line":3,"column":28},"end":{"line":3,"column":33}},"loc":{"start":{"line":3,"column":39},"end":{"line":13,"column":1}}}},"branchMap":{},"s":{"0":5,"1":3,"2":2},"f":{"0":3},"b":{}}
,"/home/manvinderjit/repos/2023-TOP-Project-Inventory-Application/src/app/controllers/auth.app.controllers.ts": {"path":"/home/manvinderjit/repos/2023-TOP-Project-Inventory-Application/src/app/controllers/auth.app.controllers.ts","statementMap":{"0":{"start":{"line":6,"column":18},"end":{"line":12,"column":1}},"1":{"start":{"line":7,"column":4},"end":{"line":11,"column":7}},"2":{"start":{"line":14,"column":32},"end":{"line":44,"column":1}},"3":{"start":{"line":15,"column":4},"end":{"line":42,"column":5}},"4":{"start":{"line":16,"column":36},"end":{"line":16,"column":44}},"5":{"start":{"line":18,"column":28},"end":{"line":18,"column":64}},"6":{"start":{"line":20,"column":8},"end":{"line":34,"column":9}},"7":{"start":{"line":21,"column":12},"end":{"line":21,"column":39}},"8":{"start":{"line":22,"column":12},"end":{"line":22,"column":42}},"9":{"start":{"line":25,"column":12},"end":{"line":25,"column":30}},"10":{"start":{"line":28,"column":13},"end":{"line":34,"column":9}},"11":{"start":{"line":29,"column":12},"end":{"line":33,"column":15}},"12":{"start":{"line":36,"column":8},"end":{"line":36,"column":29}},"13":{"start":{"line":37,"column":8},"end":{"line":41,"column":11}},"14":{"start":{"line":46,"column":21},"end":{"line":52,"column":1}},"15":{"start":{"line":47,"column":4},"end":{"line":51,"column":7}},"16":{"start":{"line":54,"column":43},"end":{"line":70,"column":1}},"17":{"start":{"line":55,"column":43},"end":{"line":55,"column":47}},"18":{"start":{"line":56,"column":4},"end":{"line":68,"column":5}},"19":{"start":{"line":57,"column":8},"end":{"line":57,"column":52}},"20":{"start":{"line":59,"column":9},"end":{"line":68,"column":5}},"21":{"start":{"line":64,"column":8},"end":{"line":64,"column":55}},"22":{"start":{"line":66,"column":9},"end":{"line":68,"column":5}},"23":{"start":{"line":67,"column":8},"end":{"line":67,"column":67}},"24":{"start":{"line":69,"column":4},"end":{"line":69,"column":17}},"25":{"start":{"line":72,"column":25},"end":{"line":118,"column":1}},"26":{"start":{"line":76,"column":4},"end":{"line":117,"column":5}},"27":{"start":{"line":77,"column":53},"end":{"line":77,"column":61}},"28":{"start":{"line":80,"column":47},"end":{"line":80,"column":115}},"29":{"start":{"line":83,"column":8},"end":{"line":110,"column":9}},"30":{"start":{"line":84,"column":12},"end":{"line":88,"column":15}},"31":{"start":{"line":91,"column":13},"end":{"line":110,"column":9}},"32":{"start":{"line":94,"column":39},"end":{"line":94,"column":99}},"33":{"start":{"line":96,"column":12},"end":{"line":109,"column":13}},"34":{"start":{"line":97,"column":16},"end":{"line":101,"column":19}},"35":{"start":{"line":102,"column":19},"end":{"line":109,"column":13}},"36":{"start":{"line":103,"column":16},"end":{"line":108,"column":19}},"37":{"start":{"line":112,"column":8},"end":{"line":116,"column":11}}},"fnMap":{"0":{"name":"(anonymous_0)","decl":{"start":{"line":6,"column":18},"end":{"line":6,"column":19}},"loc":{"start":{"line":6,"column":50},"end":{"line":12,"column":1}}},"1":{"name":"(anonymous_1)","decl":{"start":{"line":14,"column":32},"end":{"line":14,"column":37}},"loc":{"start":{"line":14,"column":89},"end":{"line":44,"column":1}}},"2":{"name":"(anonymous_2)","decl":{"start":{"line":46,"column":21},"end":{"line":46,"column":22}},"loc":{"start":{"line":46,"column":53},"end":{"line":52,"column":1}}},"3":{"name":"(anonymous_3)","decl":{"start":{"line":54,"column":43},"end":{"line":54,"column":44}},"loc":{"start":{"line":54,"column":104},"end":{"line":70,"column":1}}},"4":{"name":"(anonymous_4)","decl":{"start":{"line":72,"column":25},"end":{"line":72,"column":30}},"loc":{"start":{"line":75,"column":19},"end":{"line":118,"column":1}}}},"branchMap":{"0":{"loc":{"start":{"line":20,"column":8},"end":{"line":34,"column":9}},"type":"if","locations":[{"start":{"line":20,"column":8},"end":{"line":34,"column":9}},{"start":{"line":28,"column":13},"end":{"line":34,"column":9}}]},"1":{"loc":{"start":{"line":20,"column":12},"end":{"line":20,"column":76}},"type":"binary-expr","locations":[{"start":{"line":20,"column":12},"end":{"line":20,"column":46}},{"start":{"line":20,"column":50},"end":{"line":20,"column":76}}]},"2":{"loc":{"start":{"line":28,"column":13},"end":{"line":34,"column":9}},"type":"if","locations":[{"start":{"line":28,"column":13},"end":{"line":34,"column":9}}]},"3":{"loc":{"start":{"line":56,"column":4},"end":{"line":68,"column":5}},"type":"if","locations":[{"start":{"line":56,"column":4},"end":{"line":68,"column":5}},{"start":{"line":59,"column":9},"end":{"line":68,"column":5}}]},"4":{"loc":{"start":{"line":56,"column":8},"end":{"line":56,"column":47}},"type":"binary-expr","locations":[{"start":{"line":56,"column":8},"end":{"line":56,"column":14}},{"start":{"line":56,"column":18},"end":{"line":56,"column":27}},{"start":{"line":56,"column":31},"end":{"line":56,"column":47}}]},"5":{"loc":{"start":{"line":59,"column":9},"end":{"line":68,"column":5}},"type":"if","locations":[{"start":{"line":59,"column":9},"end":{"line":68,"column":5}},{"start":{"line":66,"column":9},"end":{"line":68,"column":5}}]},"6":{"loc":{"start":{"line":60,"column":8},"end":{"line":62,"column":42}},"type":"binary-expr","locations":[{"start":{"line":60,"column":8},"end":{"line":60,"column":29}},{"start":{"line":61,"column":8},"end":{"line":61,"column":35}},{"start":{"line":62,"column":8},"end":{"line":62,"column":42}}]},"7":{"loc":{"start":{"line":66,"column":9},"end":{"line":68,"column":5}},"type":"if","locations":[{"start":{"line":66,"column":9},"end":{"line":68,"column":5}}]},"8":{"loc":{"start":{"line":83,"column":8},"end":{"line":110,"column":9}},"type":"if","locations":[{"start":{"line":83,"column":8},"end":{"line":110,"column":9}},{"start":{"line":91,"column":13},"end":{"line":110,"column":9}}]},"9":{"loc":{"start":{"line":91,"column":13},"end":{"line":110,"column":9}},"type":"if","locations":[{"start":{"line":91,"column":13},"end":{"line":110,"column":9}}]},"10":{"loc":{"start":{"line":96,"column":12},"end":{"line":109,"column":13}},"type":"if","locations":[{"start":{"line":96,"column":12},"end":{"line":109,"column":13}},{"start":{"line":102,"column":19},"end":{"line":109,"column":13}}]},"11":{"loc":{"start":{"line":96,"column":16},"end":{"line":96,"column":50}},"type":"binary-expr","locations":[{"start":{"line":96,"column":16},"end":{"line":96,"column":32}},{"start":{"line":96,"column":36},"end":{"line":96,"column":50}}]},"12":{"loc":{"start":{"line":102,"column":19},"end":{"line":109,"column":13}},"type":"if","locations":[{"start":{"line":102,"column":19},"end":{"line":109,"column":13}}]},"13":{"loc":{"start":{"line":102,"column":23},"end":{"line":102,"column":57}},"type":"binary-expr","locations":[{"start":{"line":102,"column":23},"end":{"line":102,"column":39}},{"start":{"line":102,"column":43},"end":{"line":102,"column":57}}]}},"s":{"0":5,"1":1,"2":5,"3":3,"4":3,"5":3,"6":3,"7":2,"8":2,"9":2,"10":1,"11":1,"12":0,"13":0,"14":5,"15":1,"16":5,"17":12,"18":12,"19":4,"20":8,"21":3,"22":5,"23":1,"24":12,"25":5,"26":12,"27":12,"28":12,"29":12,"30":8,"31":4,"32":4,"33":4,"34":3,"35":1,"36":1,"37":0},"f":{"0":1,"1":3,"2":1,"3":12,"4":12},"b":{"0":[2,1],"1":[3,2],"2":[1],"3":[4,8],"4":[12,10,9],"5":[3,5],"6":[8,7,6],"7":[1],"8":[8,4],"9":[4],"10":[3,1],"11":[4,1],"12":[1],"13":[1,1]}}
,"/home/manvinderjit/repos/2023-TOP-Project-Inventory-Application/src/app/controllers/category.app.controllers.ts": {"path":"/home/manvinderjit/repos/2023-TOP-Project-Inventory-Application/src/app/controllers/category.app.controllers.ts","statementMap":{"0":{"start":{"line":14,"column":32},"end":{"line":29,"column":1}},"1":{"start":{"line":15,"column":4},"end":{"line":28,"column":5}},"2":{"start":{"line":16,"column":27},"end":{"line":16,"column":50}},"3":{"start":{"line":17,"column":8},"end":{"line":21,"column":11}},"4":{"start":{"line":23,"column":8},"end":{"line":27,"column":11}},"5":{"start":{"line":31,"column":31},"end":{"line":74,"column":1}},"6":{"start":{"line":32,"column":4},"end":{"line":73,"column":5}},"7":{"start":{"line":33,"column":35},"end":{"line":33,"column":39}},"8":{"start":{"line":36,"column":8},"end":{"line":56,"column":9}},"9":{"start":{"line":37,"column":12},"end":{"line":37,"column":56}},"10":{"start":{"line":41,"column":68},"end":{"line":41,"column":109}},"11":{"start":{"line":43,"column":12},"end":{"line":55,"column":15}},"12":{"start":{"line":44,"column":16},"end":{"line":44,"column":54}},"13":{"start":{"line":47,"column":17},"end":{"line":55,"column":15}},"14":{"start":{"line":48,"column":16},"end":{"line":55,"column":15}},"15":{"start":{"line":58,"column":8},"end":{"line":64,"column":9}},"16":{"start":{"line":59,"column":12},"end":{"line":63,"column":15}},"17":{"start":{"line":67,"column":8},"end":{"line":67,"column":29}},"18":{"start":{"line":68,"column":8},"end":{"line":72,"column":11}},"19":{"start":{"line":76,"column":30},"end":{"line":94,"column":1}},"20":{"start":{"line":77,"column":4},"end":{"line":93,"column":5}},"21":{"start":{"line":78,"column":8},"end":{"line":83,"column":11}},"22":{"start":{"line":85,"column":8},"end":{"line":85,"column":29}},"23":{"start":{"line":86,"column":8},"end":{"line":92,"column":11}},"24":{"start":{"line":96,"column":27},"end":{"line":143,"column":1}},"25":{"start":{"line":97,"column":4},"end":{"line":141,"column":5}},"26":{"start":{"line":98,"column":20},"end":{"line":98,"column":24}},"27":{"start":{"line":100,"column":8},"end":{"line":103,"column":9}},"28":{"start":{"line":102,"column":12},"end":{"line":102,"column":59}},"29":{"start":{"line":105,"column":29},"end":{"line":105,"column":75}},"30":{"start":{"line":106,"column":36},"end":{"line":107,"column":null}},"31":{"start":{"line":110,"column":8},"end":{"line":113,"column":9}},"32":{"start":{"line":112,"column":12},"end":{"line":112,"column":67}},"33":{"start":{"line":115,"column":8},"end":{"line":130,"column":9}},"34":{"start":{"line":116,"column":36},"end":{"line":116,"column":91}},"35":{"start":{"line":117,"column":12},"end":{"line":127,"column":13}},"36":{"start":{"line":118,"column":16},"end":{"line":124,"column":19}},"37":{"start":{"line":126,"column":16},"end":{"line":126,"column":61}},"38":{"start":{"line":129,"column":12},"end":{"line":129,"column":74}},"39":{"start":{"line":133,"column":8},"end":{"line":133,"column":27}},"40":{"start":{"line":134,"column":8},"end":{"line":140,"column":11}},"41":{"start":{"line":145,"column":24},"end":{"line":179,"column":1}},"42":{"start":{"line":146,"column":4},"end":{"line":178,"column":5}},"43":{"start":{"line":148,"column":8},"end":{"line":166,"column":9}},"44":{"start":{"line":149,"column":12},"end":{"line":149,"column":64}},"45":{"start":{"line":151,"column":36},"end":{"line":151,"column":79}},"46":{"start":{"line":152,"column":12},"end":{"line":165,"column":58}},"47":{"start":{"line":157,"column":16},"end":{"line":164,"column":19}},"48":{"start":{"line":165,"column":19},"end":{"line":165,"column":58}},"49":{"start":{"line":169,"column":8},"end":{"line":169,"column":27}},"50":{"start":{"line":170,"column":8},"end":{"line":177,"column":11}},"51":{"start":{"line":181,"column":25},"end":{"line":225,"column":1}},"52":{"start":{"line":182,"column":4},"end":{"line":224,"column":5}},"53":{"start":{"line":184,"column":8},"end":{"line":213,"column":9}},"54":{"start":{"line":185,"column":12},"end":{"line":185,"column":64}},"55":{"start":{"line":188,"column":13},"end":{"line":213,"column":9}},"56":{"start":{"line":189,"column":12},"end":{"line":189,"column":58}},"57":{"start":{"line":193,"column":33},"end":{"line":193,"column":79}},"58":{"start":{"line":194,"column":40},"end":{"line":195,"column":null}},"59":{"start":{"line":198,"column":12},"end":{"line":212,"column":13}},"60":{"start":{"line":199,"column":44},"end":{"line":202,"column":null}},"61":{"start":{"line":204,"column":51},"end":{"line":204,"column":114}},"62":{"start":{"line":205,"column":16},"end":{"line":209,"column":17}},"63":{"start":{"line":206,"column":20},"end":{"line":206,"column":65}},"64":{"start":{"line":208,"column":20},"end":{"line":208,"column":63}},"65":{"start":{"line":211,"column":16},"end":{"line":211,"column":65}},"66":{"start":{"line":215,"column":8},"end":{"line":215,"column":29}},"67":{"start":{"line":216,"column":8},"end":{"line":223,"column":11}},"68":{"start":{"line":227,"column":26},"end":{"line":268,"column":1}},"69":{"start":{"line":228,"column":4},"end":{"line":267,"column":5}},"70":{"start":{"line":230,"column":8},"end":{"line":254,"column":9}},"71":{"start":{"line":231,"column":12},"end":{"line":231,"column":64}},"72":{"start":{"line":234,"column":36},"end":{"line":234,"column":79}},"73":{"start":{"line":236,"column":12},"end":{"line":253,"column":13}},"74":{"start":{"line":241,"column":16},"end":{"line":248,"column":19}},"75":{"start":{"line":252,"column":16},"end":{"line":252,"column":55}},"76":{"start":{"line":256,"column":8},"end":{"line":256,"column":27}},"77":{"start":{"line":258,"column":8},"end":{"line":266,"column":11}},"78":{"start":{"line":270,"column":27},"end":{"line":295,"column":1}},"79":{"start":{"line":271,"column":4},"end":{"line":294,"column":5}},"80":{"start":{"line":273,"column":8},"end":{"line":282,"column":9}},"81":{"start":{"line":274,"column":12},"end":{"line":274,"column":64}},"82":{"start":{"line":277,"column":39},"end":{"line":277,"column":80}},"83":{"start":{"line":279,"column":12},"end":{"line":281,"column":107}},"84":{"start":{"line":279,"column":51},"end":{"line":279,"column":79}},"85":{"start":{"line":281,"column":17},"end":{"line":281,"column":107}},"86":{"start":{"line":281,"column":56},"end":{"line":281,"column":107}},"87":{"start":{"line":284,"column":8},"end":{"line":284,"column":29}},"88":{"start":{"line":286,"column":8},"end":{"line":293,"column":11}}},"fnMap":{"0":{"name":"(anonymous_0)","decl":{"start":{"line":14,"column":32},"end":{"line":14,"column":37}},"loc":{"start":{"line":14,"column":85},"end":{"line":29,"column":1}}},"1":{"name":"(anonymous_1)","decl":{"start":{"line":31,"column":31},"end":{"line":31,"column":36}},"loc":{"start":{"line":31,"column":103},"end":{"line":74,"column":1}}},"2":{"name":"(anonymous_2)","decl":{"start":{"line":76,"column":30},"end":{"line":76,"column":35}},"loc":{"start":{"line":76,"column":102},"end":{"line":94,"column":1}}},"3":{"name":"(anonymous_3)","decl":{"start":{"line":96,"column":27},"end":{"line":96,"column":32}},"loc":{"start":{"line":96,"column":99},"end":{"line":143,"column":1}}},"4":{"name":"(anonymous_4)","decl":{"start":{"line":145,"column":24},"end":{"line":145,"column":29}},"loc":{"start":{"line":145,"column":96},"end":{"line":179,"column":1}}},"5":{"name":"(anonymous_5)","decl":{"start":{"line":181,"column":25},"end":{"line":181,"column":30}},"loc":{"start":{"line":181,"column":97},"end":{"line":225,"column":1}}},"6":{"name":"(anonymous_6)","decl":{"start":{"line":227,"column":26},"end":{"line":227,"column":31}},"loc":{"start":{"line":227,"column":98},"end":{"line":268,"column":1}}},"7":{"name":"(anonymous_7)","decl":{"start":{"line":270,"column":27},"end":{"line":270,"column":32}},"loc":{"start":{"line":270,"column":99},"end":{"line":295,"column":1}}}},"branchMap":{"0":{"loc":{"start":{"line":36,"column":8},"end":{"line":56,"column":9}},"type":"if","locations":[{"start":{"line":36,"column":8},"end":{"line":56,"column":9}},{"start":{"line":39,"column":13},"end":{"line":56,"column":9}}]},"1":{"loc":{"start":{"line":36,"column":11},"end":{"line":36,"column":68}},"type":"binary-expr","locations":[{"start":{"line":36,"column":11},"end":{"line":36,"column":25}},{"start":{"line":36,"column":29},"end":{"line":36,"column":68}}]},"2":{"loc":{"start":{"line":43,"column":12},"end":{"line":55,"column":15}},"type":"if","locations":[{"start":{"line":43,"column":12},"end":{"line":55,"column":15}},{"start":{"line":47,"column":17},"end":{"line":55,"column
[...]
,"/home/manvinderjit/repos/2023-TOP-Project-Inventory-Application/src/models/employees.ts": {"path":"/home/manvinderjit/repos/2023-TOP-Project-Inventory-Application/src/models/employees.ts","statementMap":{"0":{"start":{"line":3,"column":23},"end":{"line":32,"column":null}},"1":{"start":{"line":15,"column":24},"end":{"line":15,"column":94}},"2":{"start":{"line":16,"column":20},"end":{"line":16,"column":50}},"3":{"start":{"line":19,"column":20},"end":{"line":19,"column":66}},"4":{"start":{"line":35,"column":17},"end":{"line":35,"column":59}}},"fnMap":{"0":{"name":"(anonymous_0)","decl":{"start":{"line":13,"column":27},"end":{"line":13,"column":37}},"loc":{"start":{"line":13,"column":42},"end":{"line":17,"column":17}}},"1":{"name":"(anonymous_1)","decl":{"start":{"line":18,"column":25},"end":{"line":18,"column":26}},"loc":{"start":{"line":19,"column":20},"end":{"line":19,"column":66}}}},"branchMap":{},"s":{"0":5,"1":0,"2":0,"3":0,"4":5},"f":{"0":0,"1":0},"b":{}}
,"/home/manvinderjit/repos/2023-TOP-Project-Inventory-Application/src/models/ordersModel.ts": {"path":"/home/manvinderjit/repos/2023-TOP-Project-Inventory-Application/src/models/ordersModel.ts","statementMap":{"0":{"start":{"line":3,"column":15},"end":{"line":3,"column":30}},"1":{"start":{"line":5,"column":20},"end":{"line":78,"column":null}},"2":{"start":{"line":32,"column":32},"end":{"line":32,"column":52}},"3":{"start":{"line":33,"column":32},"end":{"line":33,"column":39}},"4":{"start":{"line":72,"column":84},"end":{"line":72,"column":109}},"5":{"start":{"line":73,"column":84},"end":{"line":73,"column":109}},"6":{"start":{"line":82,"column":17},"end":{"line":82,"column":43}},"7":{"start":{"line":83,"column":0},"end":{"line":85,"column":3}},"8":{"start":{"line":84,"column":4},"end":{"line":84,"column":33}},"9":{"start":{"line":87,"column":20},"end":{"line":92,"column":2}},"10":{"start":{"line":94,"column":14},"end":{"line":94,"column":51}}},"fnMap":{"0":{"name":"(anonymous_0)","decl":{"start":{"line":32,"column":17},"end":{"line":32,"column":18}},"loc":{"start":{"line":32,"column":32},"end":{"line":32,"column":52}}},"1":{"name":"(anonymous_1)","decl":{"start":{"line":33,"column":17},"end":{"line":33,"column":18}},"loc":{"start":{"line":33,"column":32},"end":{"line":33,"column":39}}},"2":{"name":"(anonymous_2)","decl":{"start":{"line":72,"column":38},"end":{"line":72,"column":39}},"loc":{"start":{"line":72,"column":84},"end":{"line":72,"column":109}}},"3":{"name":"(anonymous_3)","decl":{"start":{"line":73,"column":38},"end":{"line":73,"column":39}},"loc":{"start":{"line":73,"column":84},"end":{"line":73,"column":109}}},"4":{"name":"(anonymous_4)","decl":{"start":{"line":83,"column":13},"end":{"line":83,"column":null}},"loc":{"start":{"line":83,"column":13},"end":{"line":85,"column":1}}}},"branchMap":{},"s":{"0":7,"1":7,"2":0,"3":0,"4":0,"5":0,"6":7,"7":7,"8":0,"9":7,"10":7},"f":{"0":0,"1":0,"2":0,"3":0,"4":0},"b":{}}
,"/home/manvinderjit/repos/2023-TOP-Project-Inventory-Application/src/models/productModel.ts": {"path":"/home/manvinderjit/repos/2023-TOP-Project-Inventory-Application/src/models/productModel.ts","statementMap":{"0":{"start":{"line":3,"column":15},"end":{"line":3,"column":30}},"1":{"start":{"line":5,"column":22},"end":{"line":54,"column":null}},"2":{"start":{"line":35,"column":31},"end":{"line":35,"column":51}},"3":{"start":{"line":36,"column":31},"end":{"line":36,"column":38}},"4":{"start":{"line":45,"column":20},"end":{"line":45,"column":43}},"5":{"start":{"line":57,"column":0},"end":{"line":57,"column":59}},"6":{"start":{"line":60,"column":19},"end":{"line":60,"column":47}},"7":{"start":{"line":61,"column":0},"end":{"line":63,"column":3}},"8":{"start":{"line":62,"column":4},"end":{"line":62,"column":35}},"9":{"start":{"line":65,"column":16},"end":{"line":65,"column":56}}},"fnMap":{"0":{"name":"(anonymous_0)","decl":{"start":{"line":35,"column":17},"end":{"line":35,"column":18}},"loc":{"start":{"line":35,"column":31},"end":{"line":35,"column":51}}},"1":{"name":"(anonymous_1)","decl":{"start":{"line":36,"column":17},"end":{"line":36,"column":18}},"loc":{"start":{"line":36,"column":31},"end":{"line":36,"column":38}}},"2":{"name":"(anonymous_2)","decl":{"start":{"line":44,"column":27},"end":{"line":44,"column":37}},"loc":{"start":{"line":44,"column":51},"end":{"line":46,"column":17}}},"3":{"name":"(anonymous_3)","decl":{"start":{"line":61,"column":15},"end":{"line":61,"column":null}},"loc":{"start":{"line":61,"column":15},"end":{"line":63,"column":1}}}},"branchMap":{},"s":{"0":8,"1":8,"2":0,"3":0,"4":0,"5":8,"6":8,"7":8,"8":0,"9":8},"f":{"0":0,"1":0,"2":0,"3":0},"b":{}}
,"/home/manvinderjit/repos/2023-TOP-Project-Inventory-Application/src/models/promoModel.ts": {"path":"/home/manvinderjit/repos/2023-TOP-Project-Inventory-Application/src/models/promoModel.ts","statementMap":{"0":{"start":{"line":3,"column":15},"end":{"line":3,"column":30}},"1":{"start":{"line":5,"column":0},"end":{"line":5,"column":null}},"2":{"start":{"line":6,"column":4},"end":{"line":6,"column":23}},"3":{"start":{"line":6,"column":23},"end":{"line":6,"column":null}},"4":{"start":{"line":9,"column":0},"end":{"line":9,"column":null}},"5":{"start":{"line":10,"column":4},"end":{"line":10,"column":null}},"6":{"start":{"line":11,"column":4},"end":{"line":11,"column":null}},"7":{"start":{"line":14,"column":20},"end":{"line":100,"column":null}},"8":{"start":{"line":63,"column":16},"end":{"line":63,"column":41}},"9":{"start":{"line":81,"column":16},"end":{"line":81,"column":41}},"10":{"start":{"line":104,"column":17},"end":{"line":104,"column":43}},"11":{"start":{"line":105,"column":0},"end":{"line":107,"column":3}},"12":{"start":{"line":106,"column":4},"end":{"line":106,"column":33}},"13":{"start":{"line":109,"column":14},"end":{"line":109,"column":50}}},"fnMap":{"0":{"name":"(anonymous_0)","decl":{"start":{"line":5,"column":0},"end":{"line":5,"column":5}},"loc":{"start":{"line":5,"column":16},"end":{"line":7,"column":1}}},"1":{"name":"(anonymous_1)","decl":{"start":{"line":9,"column":0},"end":{"line":9,"column":5}},"loc":{"start":{"line":9,"column":18},"end":{"line":12,"column":1}}},"2":{"name":"(anonymous_2)","decl":{"start":{"line":62,"column":17},"end":{"line":62,"column":18}},"loc":{"start":{"line":63,"column":16},"end":{"line":63,"column":41}}},"3":{"name":"(anonymous_3)","decl":{"start":{"line":80,"column":17},"end":{"line":80,"column":18}},"loc":{"start":{"line":81,"column":16},"end":{"line":81,"column":41}}},"4":{"name":"(anonymous_4)","decl":{"start":{"line":105,"column":13},"end":{"line":105,"column":null}},"loc":{"start":{"line":105,"column":13},"end":{"line":107,"column":1}}}},"branchMap":{"0":{"loc":{"start":{"line":5,"column":5},"end":{"line":5,"column":null}},"type":"binary-expr","locations":[{"start":{"line":5,"column":5},"end":{"line":5,"column":16}},{"start":{"line":5,"column":5},"end":{"line":5,"column":null}}]},"1":{"loc":{"start":{"line":9,"column":5},"end":{"line":9,"column":null}},"type":"binary-expr","locations":[{"start":{"line":9,"column":5},"end":{"line":9,"column":18}},{"start":{"line":9,"column":5},"end":{"line":9,"column":null}}]}},"s":{"0":6,"1":6,"2":6,"3":6,"4":6,"5":6,"6":6,"7":6,"8":0,"9":0,"10":6,"11":6,"12":0,"13":6},"f":{"0":6,"1":6,"2":0,"3":0,"4":0},"b":{"0":[6,6],"1":[6,6]}}
,"/home/manvinderjit/repos/2023-TOP-Project-Inventory-Application/src/utilities/fileFormatting.ts": {"path":"/home/manvinderjit/repos/2023-TOP-Project-Inventory-Application/src/utilities/fileFormatting.ts","statementMap":{"0":{"start":{"line":3,"column":40},"end":{"line":10,"column":1}},"1":{"start":{"line":4,"column":34},"end":{"line":4,"column":64}},"2":{"start":{"line":6,"column":8},"end":{"line":7,"column":29}},"3":{"start":{"line":9,"column":4},"end":{"line":9,"column":29}}},"fnMap":{"0":{"name":"(anonymous_0)","decl":{"start":{"line":3,"column":40},"end":{"line":3,"column":41}},"loc":{"start":{"line":3,"column":90},"end":{"line":10,"column":1}}}},"branchMap":{},"s":{"0":7,"1":6,"2":6,"3":6},"f":{"0":6},"b":{}}
,"/home/manvinderjit/repos/2023-TOP-Project-Inventory-Application/src/utilities/number.utilities.ts": {"path":"/home/manvinderjit/repos/2023-TOP-Project-Inventory-Application/src/utilities/number.utilities.ts","statementMap":{"0":{"start":{"line":2,"column":30},"end":{"line":7,"column":null}},"1":{"start":{"line":3,"column":4},"end":{"line":7,"column":null}}},"fnMap":{"0":{"name":"(anonymous_0)","decl":{"start":{"line":2,"column":30},"end":{"line":2,"column":31}},"loc":{"start":{"line":3,"column":4},"end":{"line":7,"column":null}}}},"branchMap":{},"s":{"0":6,"1":8},"f":{"0":8},"b":{}}
,"/home/manvinderjit/repos/2023-TOP-Project-Inventory-Application/src/utilities/stringFormatting.ts": {"path":"/home/manvinderjit/repos/2023-TOP-Project-Inventory-Application/src/utilities/stringFormatting.ts","statementMap":{"0":{"start":{"line":1,"column":32},"end":{"line":3,"column":1}},"1":{"start":{"line":2,"column":4},"end":{"line":2,"column":51}}},"fnMap":{"0":{"name":"(anonymous_0)","decl":{"start":{"line":1,"column":32},"end":{"line":1,"column":33}},"loc":{"start":{"line":1,"column":56},"end":{"line":3,"column":1}}}},"branchMap":{},"s":{"0":7,"1":78},"f":{"0":78},"b":{}}
,"/home/manvinderjit/repos/2023-TOP-Project-Inventory-Application/src/utilities/validation.ts": {"path":"/home/manvinderjit/repos/2023-TOP-Project-Inventory-Application/src/utilities/validation.ts","statementMap":{"0":{"start":{"line":2,"column":17},"end":{"line":2,"column":40}},"1":{"start":{"line":4,"column":22},"end":{"line":10,"column":1}},"2":{"start":{"line":6,"column":8},"end":{"line":6,"column":78}},"3":{"start":{"line":8,"column":23},"end":{"line":8,"column":35}},"4":{"start":{"line":9,"column":4},"end":{"line":9,"column":41}},"5":{"start":{"line":12,"column":25},"end":{"line":16,"column":1}},"6":{"start":{"line":13,"column":26},"end":{"line":13,"column":67}},"7":{"start":{"line":14,"column":26},"end":{"line":14,"column":41}},"8":{"start":{"line":15,"column":4},"end":{"line":15,"column":47}},"9":{"start":{"line":18,"column":21},"end":{"line":22,"column":1}},"10":{"start":{"line":19,"column":22},"end":{"line":19,"column":52}},"11":{"start":{"line":20,"column":22},"end":{"line":20,"column":33}},"12":{"start":{"line":21,"column":4},"end":{"line":21,"column":39}},"13":{"start":{"line":24,"column":28},"end":{"line":28,"column":1}},"14":{"start":{"line":25,"column":29},"end":{"line":25,"column":60}},"15":{"start":{"line":26,"column":29},"end":{"line":26,"column":47}},"16":{"start":{"line":27,"column":4},"end":{"line":27,"column":53}},"17":{"start":{"line":30,"column":32},"end":{"line":36,"column":1}},"18":{"start":{"line":31,"column":4},"end":{"line":34,"column":5}},"19":{"start":{"line":32,"column":8},"end":{"line":32,"column":57}},"20":{"start":{"line":32,"column":45},"end":{"line":32,"column":57}},"21":{"start":{"line":33,"column":8},"end":{"line":33,"column":21}},"22":{"start":{"line":35,"column":4},"end":{"line":35,"column":17}},"23":{"start":{"line":38,"column":25},"end":{"line":41,"column":1}},"24":{"start":{"line":39,"column":4},"end":{"line":39,"column":96}},"25":{"start":{"line":39,"column":83},"end":{"line":39,"column":96}},"26":{"start":{"line":40,"column":4},"end":{"line":40,"column":84}},"27":{"start":{"line":43,"column":22},"end":{"line":47,"column":1}},"28":{"start":{"line":44,"column":4},"end":{"line":46,"column":22}},"29":{"start":{"line":45,"column":8},"end":{"line":45,"column":20}},"30":{"start":{"line":46,"column":9},"end":{"line":46,"column":22}},"31":{"start":{"line":49,"column":21},"end":{"line":57,"column":1}},"32":{"start":{"line":50,"column":17},"end":{"line":50,"column":36}},"33":{"start":{"line":52,"column":4},"end":{"line":54,"column":5}},"34":{"start":{"line":53,"column":8},"end":{"line":53,"column":21}},"35":{"start":{"line":56,"column":4},"end":{"line":56,"column":34}},"36":{"start":{"line":59,"column":37},"end":{"line":74,"column":1}},"37":{"start":{"line":63,"column":36},"end":{"line":63,"column":38}},"38":{"start":{"line":64,"column":4},"end":{"line":72,"column":7}},"39":{"start":{"line":65,"column":8},"end":{"line":71,"column":44}},"40":{"start":{"line":71,"column":12},"end":{"line":71,"column":44}},"41":{"start":{"line":73,"column":4},"end":{"line":73,"column":25}},"42":{"start":{"line":76,"column":22},"end":{"line":76,"column":110}},"43":{"start":{"line":76,"column":71},"end":{"line":76,"column":110}},"44":{"start":{"line":78,"column":28},"end":{"line":92,"column":1}},"45":{"start":{"line":85,"column":36},"end":{"line":85,"column":38}},"46":{"start":{"line":86,"column":4},"end":{"line":90,"column":7}},"47":{"start":{"line":87,"column":8},"end":{"line":89,"column":9}},"48":{"start":{"line":88,"column":12},"end":{"line":88,"column":62}},"49":{"start":{"line":91,"column":4},"end":{"line":91,"column":25}},"50":{"start":{"line":94,"column":37},"end":{"line":115,"column":1}},"51":{"start":{"line":103,"column":36},"end":{"line":103,"column":38}},"52":{"start":{"line":104,"column":4},"end":{"line":113,"column":7}},"53":{"start":{"line":105,"column":8},"end":{"line":112,"column":62}},"54":{"start":{"line":112,"column":12},"end":{"line":112,"column":62}},"55":{"start":{"line":114,"column":4},"end":{"line":114,"column":25}}},"fnMap":{"0":{"name":"(anonymous_0)","decl":{"start":{"line":4,"column":22},"end":{"line":4,"column":23}},"loc":{"start":{"line":4,"column":40},"end":{"line":10,"column":1}}},"1":{"name":"(anonymous_1)","decl":{"start":{"line":12,"column":25},"end":{"line":12,"column":26}},"loc":{"start":{"line":12,"column":46},"end":{"line":16,"column":1}}},"2":{"name":"(anonymous_2)","decl":{"start":{"line":18,"column":21},"end":{"line":18,"column":22}},"loc":{"start":{"line":18,"column":38},"end":{"line":22,"column":1}}},"3":{"name":"(anonymous_3)","decl":{"start":{"line":24,"column":28},"end":{"line":24,"column":29}},"loc":{"start":{"line":24,"column":51},"end":{"line":28,"column":1}}},"4":{"name":"(anonymous_4)","decl":{"start":{"line":30,"column":32},"end":{"line":30,"column":33}},"loc":{"start":{"line":30,"column":46},"end":{"line":36,"column":1}}},"5":{"name":"(anonymous_5)","decl":{"start":{"line":38,"column":25},"end":{"line":38,"column":26}},"loc":{"start":{"line":38,"column":42},"end":{"line":41,"column":1}}},"6":{"name":"(anonymous_6)","decl":{"start":{"line":43,"column":22},"end":{"line":43,"column":23}},"loc":{"start":{"line":43,"column":59},"end":{"line":47,"column":1}}},"7":{"name":"(anonymous_7)","decl":{"start":{"line":49,"column":21},"end":{"line":49,"column":22}},"loc":{"start":{"line":49,"column":49},"end":{"line":57,"column":1}}},"8":{"name":"(anonymous_8)","decl":{"start":{"line":59,"column":37},"end":{"line":59,"column":null}},"loc":{"start":{"line":62,"column":14},"end":{"line":74,"column":1}}},"9":{"name":"(anonymous_9)","decl":{"start":{"line":64,"column":19},"end":{"line":64,"column":20}},"loc":{"start":{"line":64,"column":29},"end":{"line":72,"column":5}}},"10":{"name":"(anonymous_10)","decl":{"start":{"line":76,"column":22},"end":{"line":76,"column":23}},"loc":{"start":{"line":76,"column":71},"end":{"line":76,"column":110}}},"11":{"name":"(anonymous_11)","decl":{"start":{"line":78,"column":28},"end":{"line":78,"column":null}},"loc":{"start":{"line":84,"column":14},"end":{"line":92,"column":1}}},"12":{"name":"(anonymous_12)","decl":{"start":{"line":86,"column":32},"end":{"line":86,"column":33}},"loc":{"start":{"line":86,"column":54},"end":{"line":90,"column":5}}},"13":{"name":"(anonymous_13)","decl":{"start":{"line":94,"column":37},"end":{"line":94,"column":null}},"loc":{"start":{"line":102,"column":14},"end":{"line":115,"column":1}}},"14":{"name":"(anonymous_14)","decl":{"start":{"line":104,"column":32},"end":{"line":104,"column":33}},"loc":{"start":{"line":104,"column":54},"end":{"line":113,"column":5}}}},"branchMap":{"0":{"loc":{"start":{"line":31,"column":4},"end":{"line":34,"column":5}},"type":"if","locations":[{"start":{"line":31,"column":4},"end":{"line":34,"column":5}}]},"1":{"loc":{"start":{"line":32,"column":8},"end":{"line":32,"column":57}},"type":"if","locations":[{"start":{"line":32,"column":8},"end":{"line":32,"column":57}}]},"2":{"loc":{"start":{"line":39,"column":4},"end":{"line":39,"column":96}},"type":"if","locations":[{"start":{"line":39,"column":4},"end":{"line":39,"column":96}}]},"3":{"loc":{"start":{"line":39,"column":7},"end":{"line":39,"column":81}},"type":"binary-expr","locations":[{"start":{"line":39,"column":7},"end":{"line":39,"column":26}},{"start":{"line":39,"column":30},"end":{"line":39,"column":56}},{"start":{"line":39,"column":60},"end":{"line":39,"column":81}}]},"4":{"loc":{"start":{"line":40,"column":11},"end":{"line":40,"column":83}},"type":"binary-expr","locations":[{"start":{"line":40,"column":11},"end":{"line":40,"column":39}},{"start":{"line":40,"column":43},"end":{"line":40,"column":83}}]},"5":{"loc":{"start":{"line":44,"column":4},"end":{"line":46,"column":22}},"type":"if","locations":[{"start":{"line":44,"column":4},"end":{"line":46,"column":22}},{"start":{"line":46,"column":9},"end":{"line":46,"column":22}}]},"6":{"loc":{"start":{"line":44,"column":8},"end":{"line":44,"column":77}},"type":"binary-expr","locations":[{"start":{"line":44,"column":8},"end":{"line":44,"column":13}},{"start":{"line":44,"column":17},"end":{"line":44,"column":31}},{"start":{"line":44,"column":35},"end":{"line":44,"column":54}},{"start":{"line":44,"column":58},"end":{"line":44,"column":77}}]},"7":{"loc":{"start":{"line":52,"column":4},"end":{"line":54,"column":5}},"type":"if","locations":[{"start":{"line":52,"column":4},"end":{"line":54,"column":5}}]},"8":{"loc":{"start":{"line":65,"column":8},"end":{"line":71,"column":44}},"type":"if","locations":[{"start":{"line":65,"column":8},"end":{"line":71,"column":44}}]},"9":{"loc":{"start":{"line":66,"column":12},"end":{"line":69,"column":40}},"type":"binary-expr","locations":[{"start":{"line":66,"column":12},"end":{"line":66,"column":27}},{"start":{"line":67,"column":12},"end":{"line":67,"column":35}},{"start":{"line":68,"column":12},"end":{"line":68,"column":40}},{"start":{"line":69,"column":12},"end":{"line":69,"column":40}}]},"10":{"loc":{"start":{"line":87,"column":8},"end":{"line":89,"column":9}},"type":"if","locations":[{"start":{"line":87,"column":8},"end":{"line":89,"column":9}}]},"11":{"loc":{"start":{"line":105,"column":8},"end":{"line":112,"column":62}},"type":"if","locations":[{"start":{"line":105,"column":8},"end":{"line":112,"column":62}}]},"12":{"loc":{"start":{"line":106,"column":12},"end":{"line":110,"column":65}},"type":"binary-expr","locations":[{"start":{"line":106,"column":12},"end":{"line":106,"column":45}},{"start":{"line":107,"column":12},"end":{"line":107,"column":53}},{"start":{"line":108,"column":12},"end":{"line":108,"column":58}},{"start":{"line":109,"column":12},"end":{"line":109,"column":58}},{"start":{"line":110,"column":12},"end":{"line":110,"column":65}}]}},"s":{"0":14,"1":14,"2":51,"3":51,"4":51,"5":14,"6":35,"7":35,"8":35,"9":14,"10":44,"11":44,"12":44,"13":14,"14":34,"15":34,"16":34,"17":14,"18":163,"19":127,"20":127,"21":0,"22":36,"23":14,"24":111,"25":2,"26":109,"27":14,"28":10,"29":2,"30":8,"31":14,"32":14,"33":14,"34":0,"35":14,"36":14,"37":9,"38":9,"39":63,"40":14,"41":9,"42":14,"43":14,"44":14,"45":7,"46":7,"47":49,"48":14,"49":7,"50":14,"51":10,"52":10,"53":50,"54":15,"55":10},"f":{"0":51,"1":35,"2":44,"3":34,"4":163,"5":111,"6":10,"7":14,"8":9,"9":63,"10":14,"11":7,"12":49,"13":10,"14":50},"b":{"0":[127],"1":[127],"2":[2],"3":[111,109,109],"4":[109,97],"5":[2,8],"6":[10,2,2,2],"7":[0],"8":[14],"9":[63,49,49,49],"10":[14],"11":[15],"12":[50,45,45,45,41]}}
}
