TN:
SF:src/server.ts
FN:25,(anonymous_0)
FN:47,(anonymous_1)
FN:63,(anonymous_2)
FN:67,(anonymous_3)
FNF:4
FNH:3
FNDA:0,(anonymous_0)
FNDA:4,(anonymous_1)
FNDA:3,(anonymous_2)
FNDA:5,(anonymous_3)
DA:16,5
DA:17,5
DA:19,5
DA:20,5
DA:22,5
DA:23,5
DA:25,5
DA:27,5
DA:42,5
DA:43,5
DA:44,5
DA:47,5
DA:48,4
DA:49,4
DA:50,1
DA:52,4
DA:55,5
DA:57,5
DA:59,5
DA:61,5
DA:63,5
DA:64,3
DA:67,5
LF:23
LH:23
BRDA:16,0,0,5
BRDA:16,0,1,0
BRDA:49,1,0,1
BRDA:49,2,0,4
BRDA:49,2,1,1
BRDA:67,3,0,5
BRDA:67,3,1,5
BRF:7
BRH:6
end_of_record
TN:
SF:src/api/api.middleware/auth.api.middleware.ts
FN:17,(anonymous_0)
FN:28,(anonymous_1)
FNF:2
FNH:2
FNDA:4,(anonymous_0)
FNDA:8,(anonymous_1)
DA:17,6
DA:18,4
DA:19,4
DA:20,4
DA:21,1
DA:23,3
DA:24,3
DA:28,6
DA:29,8
DA:31,8
DA:35,5
DA:38,5
DA:39,1
DA:45,4
DA:46,4
DA:48,1
DA:49,1
DA:52,3
DA:56,1
DA:59,3
DA:64,1
DA:65,1
LF:22
LH:22
BRDA:31,0,0,5
BRDA:31,0,1,3
BRDA:32,1,0,8
BRDA:32,1,1,6
BRDA:38,2,0,1
BRDA:38,2,1,4
BRDA:46,3,0,1
BRDA:46,3,1,3
BRF:8
BRH:8
end_of_record
TN:
SF:src/api/controllers/image.api.controllers.ts
FN:7,(anonymous_0)
FNF:1
FNH:1
FNDA:6,(anonymous_0)
DA:5,6
DA:7,6
DA:12,6
DA:13,6
DA:17,2
DA:19,4
DA:23,4
DA:24,1
DA:25,3
DA:27,3
DA:28,3
DA:29,3
DA:32,1
DA:33,1
LF:14
LH:14
BRDA:13,0,0,2
BRDA:13,0,1,4
BRDA:14,1,0,6
BRDA:14,1,1,5
BRDA:23,2,0,1
BRDA:23,2,1,3
BRDA:28,3,0,3
BRDA:28,3,1,1
BRF:8
BRH:8
end_of_record
TN:
SF:src/api/controllers/login.api.controllers.ts
FN:11,(anonymous_0)
FN:17,(anonymous_1)
FNF:2
FNH:2
FNDA:1,(anonymous_0)
FNDA:8,(anonymous_1)
DA:9,6
DA:11,6
DA:12,1
DA:17,6
DA:18,8
DA:20,8
DA:23,8
DA:24,3
DA:27,5
DA:28,2
DA:34,3
DA:36,3
DA:37,1
DA:41,2
DA:47,0
DA:48,0
LF:16
LH:14
BRDA:23,0,0,3
BRDA:23,0,1,5
BRDA:23,1,0,8
BRDA:23,1,1,6
BRDA:27,2,0,2
BRDA:27,2,1,3
BRDA:36,3,0,1
BRDA:36,3,1,2
BRDA:36,4,0,3
BRDA:36,4,1,2
BRF:10
BRH:10
end_of_record
TN:
SF:src/api/controllers/orders.api.controllers.ts
FN:8,(anonymous_0)
FN:45,(anonymous_1)
FN:79,(anonymous_2)
FN:99,(anonymous_3)
FNF:4
FNH:4
FNDA:6,(anonymous_0)
FNDA:11,(anonymous_1)
FNDA:21,(anonymous_2)
FNDA:33,(anonymous_3)
DA:8,6
DA:9,6
DA:10,6
DA:11,6
DA:13,6
DA:20,6
DA:21,3
DA:23,3
DA:24,1
DA:28,2
DA:29,2
DA:35,3
DA:40,1
DA:41,1
DA:45,6
DA:46,11
DA:47,11
DA:48,11
DA:50,11
DA:51,3
DA:56,8
DA:57,4
DA:61,4
DA:62,4
DA:63,1
DA:68,3
DA:74,1
DA:75,1
DA:79,6
DA:80,21
DA:81,21
DA:82,21
DA:85,21
DA:86,4
DA:91,17
DA:92,4
DA:97,13
DA:100,33
DA:110,13
DA:112,13
DA:114,7
DA:117,7
DA:120,6
DA:123,6
DA:124,2
DA:129,4
DA:133,3
DA:135,1
DA:138,1
DA:143,2
DA:149,1
DA:156,6
DA:162,1
DA:163,1
LF:54
LH:54
BRDA:13,0,0,1
BRDA:13,0,1,5
BRDA:13,1,0,6
BRDA:13,1,1,1
BRDA:13,1,2,1
BRDA:13,1,3,1
BRDA:20,2,0,3
BRDA:20,2,1,3
BRDA:20,3,0,6
BRDA:20,3,1,3
BRDA:23,4,0,1
BRDA:23,4,1,2
BRDA:23,5,0,3
BRDA:23,5,1,2
BRDA:50,6,0,3
BRDA:50,6,1,8
BRDA:50,7,0,11
BRDA:50,7,1,9
BRDA:50,7,2,9
BRDA:56,8,0,4
BRDA:56,8,1,4
BRDA:56,9,0,8
BRDA:56,9,1,5
BRDA:56,9,2,5
BRDA:62,10,0,1
BRDA:62,10,1,3
BRDA:62,11,0,4
BRDA:62,11,1,1
BRDA:85,12,0,4
BRDA:85,12,1,17
BRDA:85,13,0,21
BRDA:85,13,1,19
BRDA:85,13,2,19
BRDA:91,14,0,4
BRDA:91,14,1,13
BRDA:91,15,0,17
BRDA:91,15,1,16
BRDA:91,15,2,15
BRDA:91,15,3,14
BRDA:112,16,0,7
BRDA:112,16,1,6
BRDA:117,17,0,6
BRDA:117,17,1,1
BRDA:123,18,0,2
BRDA:123,18,1,4
BRDA:133,19,0,1
BRDA:133,19,1,2
BRF:47
BRH:47
end_of_record
TN:
SF:src/api/controllers/products.api.controllers.ts
FN:9,(anonymous_0)
FN:21,(anonymous_1)
FN:38,(anonymous_2)
FNF:3
FNH:3
FNDA:6,(anonymous_0)
FNDA:5,(anonymous_1)
FNDA:6,(anonymous_2)
DA:9,6
DA:10,6
DA:11,5
DA:12,5
DA:15,1
DA:18,5
DA:21,6
DA:22,5
DA:24,5
DA:30,1
DA:32,5
DA:33,1
DA:35,5
DA:38,6
DA:39,6
DA:40,6
DA:41,6
DA:43,6
DA:44,6
DA:46,5
DA:47,1
DA:50,5
DA:55,1
DA:58,5
DA:63,5
DA:70,5
DA:71,1
DA:75,4
DA:76,4
DA:81,4
DA:87,1
DA:91,0
LF:32
LH:31
BRDA:11,0,0,5
BRDA:12,1,0,1
BRDA:12,2,0,5
BRDA:12,2,1,1
BRDA:12,2,2,1
BRDA:24,3,0,1
BRDA:25,4,0,5
BRDA:25,4,1,1
BRDA:25,4,2,1
BRDA:32,5,0,1
BRDA:32,6,0,5
BRDA:32,6,1,1
BRDA:44,7,0,5
BRDA:44,7,1,1
BRDA:46,8,0,1
BRDA:46,9,0,5
BRDA:46,9,1,1
BRDA:50,10,0,1
BRDA:51,11,0,5
BRDA:51,11,1,1
BRDA:51,11,2,1
BRDA:70,12,0,1
BRDA:70,12,1,4
BRDA:70,13,0,5
BRDA:70,13,1,5
BRDA:75,14,0,4
BRDA:75,15,0,4
BRDA:75,15,1,4
BRF:28
BRH:28
end_of_record
TN:
SF:src/api/controllers/promos.api.controllers.ts
FN:4,(anonymous_0)
FNF:1
FNH:1
FNDA:3,(anonymous_0)
DA:4,5
DA:5,3
DA:6,3
DA:8,2
DA:9,1
DA:13,1
DA:18,1
DA:21,1
LF:8
LH:8
BRDA:8,0,0,1
BRDA:8,0,1,1
BRDA:8,1,0,2
BRDA:8,1,1,2
BRF:4
BRH:4
end_of_record
TN:
SF:src/api/controllers/register.api.controllers.ts
FN:5,(anonymous_0)
FNF:1
FNH:1
FNDA:11,(anonymous_0)
DA:5,6
DA:6,11
DA:8,11
DA:11,11
DA:12,3
DA:15,8
DA:16,5
DA:22,3
DA:23,3
DA:24,1
DA:28,2
DA:29,2
DA:30,1
DA:34,1
DA:41,0
DA:42,0
LF:16
LH:14
BRDA:11,0,0,3
BRDA:11,0,1,8
BRDA:11,1,0,11
BRDA:11,1,1,9
BRDA:15,2,0,5
BRDA:15,2,1,3
BRDA:15,3,0,8
BRDA:15,3,1,5
BRDA:23,4,0,1
BRDA:23,4,1,2
BRDA:29,5,0,1
BRDA:29,5,1,1
BRDA:29,6,0,2
BRDA:29,6,1,2
BRF:14
BRH:14
end_of_record
TN:
SF:src/api/helpers/orders.api.helpers.ts
FN:14,(anonymous_0)
FN:22,(anonymous_1)
FN:36,(anonymous_2)
FN:40,(anonymous_3)
FN:41,(anonymous_4)
FN:45,(anonymous_5)
FN:50,(anonymous_6)
FN:51,(anonymous_7)
FN:68,(anonymous_8)
FN:71,(anonymous_9)
FN:81,(anonymous_10)
FN:90,(anonymous_11)
FNF:12
FNH:12
FNDA:13,(anonymous_0)
FNDA:33,(anonymous_1)
FNDA:13,(anonymous_2)
FNDA:33,(anonymous_3)
FNDA:62,(anonymous_4)
FNDA:13,(anonymous_5)
FNDA:32,(anonymous_6)
FNDA:62,(anonymous_7)
FNDA:8,(anonymous_8)
FNDA:24,(anonymous_9)
FNDA:13,(anonymous_10)
FNDA:33,(anonymous_11)
DA:14,6
DA:15,13
DA:22,13
DA:23,33
DA:28,3
DA:32,13
DA:36,6
DA:40,13
DA:41,62
DA:45,6
DA:49,13
DA:50,13
DA:51,32
DA:52,62
DA:56,1
DA:58,62
DA:64,13
DA:68,6
DA:69,8
DA:70,8
DA:74,24
DA:77,8
DA:81,6
DA:85,13
DA:88,13
DA:89,13
DA:90,13
DA:91,33
DA:92,33
DA:96,13
DA:99,13
DA:105,13
DA:108,13
DA:110,1
DA:111,1
DA:114,3
DA:115,3
DA:118,1
DA:119,1
DA:122,1
DA:123,1
DA:126,7
DA:129,13
LF:43
LH:43
BRDA:23,0,0,3
BRDA:24,1,0,33
BRDA:24,1,1,32
BRDA:24,1,2,31
BRDA:52,2,0,1
BRDA:53,3,0,62
BRDA:53,3,1,31
BRDA:59,4,0,62
BRDA:59,4,1,31
BRDA:108,5,0,1
BRDA:108,5,1,3
BRDA:108,5,2,1
BRDA:108,5,3,1
BRDA:108,5,4,7
BRF:14
BRH:14
end_of_record
TN:
SF:src/api/routers/index.api.router.ts
FNF:0
FNH:0
DA:9,5
DA:11,5
DA:13,5
DA:15,5
DA:17,5
DA:19,5
LF:6
LH:6
BRF:0
BRH:0
end_of_record
TN:
SF:src/api/routers/login.api.router.ts
FNF:0
FNH:0
DA:4,5
DA:6,5
LF:2
LH:2
BRF:0
BRH:0
end_of_record
TN:
SF:src/api/routers/orders.api.router.ts
FNF:0
FNH:0
DA:5,5
DA:7,5
DA:9,5
DA:11,5
LF:4
LH:4
BRF:0
BRH:0
end_of_record
TN:
SF:src/api/routers/products.api.router.ts
FNF:0
FNH:0
DA:5,5
DA:7,5
DA:9,5
DA:11,5
LF:4
LH:4
BRF:0
BRH:0
end_of_record
TN:
SF:src/api/routers/promos.api.router.ts
FNF:0
FNH:0
DA:5,5
DA:7,5
DA:9,5
DA:11,5
LF:4
LH:4
BRF:0
BRH:0
end_of_record
TN:
SF:src/api/routers/register.api.router.ts
FNF:0
FNH:0
DA:4,5
DA:6,5
LF:2
LH:2
BRF:0
BRH:0
end_of_record
TN:
SF:src/api/services/auth.api.services.ts
FN:4,(anonymous_0)
FN:9,(anonymous_1)
FNF:2
FNH:2
FNDA:6,(anonymous_0)
FNDA:2,(anonymous_1)
DA:4,7
DA:5,6
DA:6,6
DA:9,7
DA:11,2
DA:13,2
DA:14,2
LF:7
LH:7
BRF:0
BRH:0
end_of_record
TN:
SF:src/api/services/orders.api.services.ts
FN:6,(anonymous_0)
FN:14,(anonymous_1)
FN:30,(anonymous_2)
FN:42,(anonymous_3)
FN:55,(anonymous_4)
FN:64,(anonymous_5)
FNF:6
FNH:6
FNDA:2,(anonymous_0)
FNDA:3,(anonymous_1)
FNDA:4,(anonymous_2)
FNDA:13,(anonymous_3)
FNDA:4,(anonymous_4)
FNDA:4,(anonymous_5)
DA:6,6
DA:7,2
DA:8,2
DA:14,6
DA:16,3
DA:26,3
DA:30,6
DA:31,4
DA:33,4
DA:38,4
DA:42,6
DA:43,13
DA:51,13
DA:55,6
DA:64,4
DA:65,4
DA:73,4
DA:74,3
DA:75,3
DA:76,3
DA:91,1
DA:92,1
DA:93,1
DA:94,1
DA:97,1
DA:98,1
DA:100,2
DA:101,2
DA:102,2
DA:104,3
LF:30
LH:30
BRDA:6,0,0,0
BRDA:14,1,0,0
BRDA:14,2,0,0
BRDA:92,3,0,1
BRF:4
BRH:1
end_of_record
TN:
SF:src/api/services/products.api.services.ts
FN:4,(anonymous_0)
FN:11,(anonymous_1)
FNF:2
FNH:2
FNDA:4,(anonymous_0)
FNDA:5,(anonymous_1)
DA:4,6
DA:5,4
DA:6,4
DA:11,6
DA:16,5
DA:30,5
LF:6
LH:6
BRDA:4,0,0,0
BRDA:12,1,0,0
BRDA:13,2,0,0
BRF:3
BRH:0
end_of_record
TN:
SF:src/api/services/promos.api.services.ts
FN:3,(anonymous_0)
FNF:1
FNH:1
FNDA:3,(anonymous_0)
DA:3,5
DA:4,3
DA:12,2
LF:3
LH:3
BRF:0
BRH:0
end_of_record
TN:
SF:src/app/controllers/auth.app.controllers.ts
FN:6,(anonymous_0)
FN:14,(anonymous_1)
FN:35,(anonymous_2)
FN:43,(anonymous_3)
FN:61,(anonymous_4)
FNF:5
FNH:5
FNDA:1,(anonymous_0)
FNDA:3,(anonymous_1)
FNDA:1,(anonymous_2)
FNDA:12,(anonymous_3)
FNDA:12,(anonymous_4)
DA:6,5
DA:7,1
DA:14,5
DA:15,3
DA:17,3
DA:19,3
DA:20,2
DA:21,2
DA:23,2
DA:26,1
DA:27,1
DA:35,5
DA:36,1
DA:43,5
DA:44,12
DA:45,12
DA:46,4
DA:48,8
DA:53,3
DA:55,5
DA:56,1
DA:58,12
DA:61,5
DA:65,12
DA:66,12
DA:69,12
DA:72,12
DA:73,8
DA:80,4
DA:83,4
DA:85,4
DA:86,3
DA:91,1
DA:92,1
DA:101,0
LF:35
LH:34
BRDA:19,0,0,2
BRDA:19,0,1,1
BRDA:19,1,0,3
BRDA:19,1,1,2
BRDA:26,2,0,1
BRDA:45,3,0,4
BRDA:45,3,1,8
BRDA:45,4,0,12
BRDA:45,4,1,10
BRDA:45,4,2,9
BRDA:48,5,0,3
BRDA:48,5,1,5
BRDA:49,6,0,8
BRDA:49,6,1,7
BRDA:49,6,2,6
BRDA:55,7,0,1
BRDA:72,8,0,8
BRDA:72,8,1,4
BRDA:80,9,0,4
BRDA:85,10,0,3
BRDA:85,10,1,1
BRDA:85,11,0,4
BRDA:85,11,1,1
BRDA:91,12,0,1
BRDA:91,13,0,1
BRDA:91,13,1,1
BRF:26
BRH:26
end_of_record
TN:
SF:src/app/controllers/category.app.controllers.ts
FN:14,(anonymous_0)
FN:31,(anonymous_1)
FN:76,(anonymous_2)
FN:96,(anonymous_3)
FN:145,(anonymous_4)
FN:181,(anonymous_5)
FN:227,(anonymous_6)
FN:270,(anonymous_7)
FNF:8
FNH:8
FNDA:3,(anonymous_0)
FNDA:5,(anonymous_1)
FNDA:2,(anonymous_2)
FNDA:6,(anonymous_3)
FNDA:5,(anonymous_4)
FNDA:10,(anonymous_5)
FNDA:4,(anonymous_6)
FNDA:5,(anonymous_7)
DA:14,5
DA:15,3
DA:16,3
DA:17,2
DA:23,1
DA:31,5
DA:32,5
DA:33,5
DA:36,5
DA:37,2
DA:41,3
DA:43,2
DA:44,1
DA:47,1
DA:48,1
DA:58,4
DA:59,3
DA:67,1
DA:68,1
DA:76,5
DA:77,2
DA:78,2
DA:85,1
DA:86,1
DA:96,5
DA:97,6
DA:98,6
DA:100,6
DA:102,2
DA:105,4
DA:106,4
DA:110,4
DA:112,2
DA:115,2
DA:116,2
DA:117,2
DA:118,1
DA:126,1
DA:129,0
DA:133,5
DA:134,5
DA:145,5
DA:146,5
DA:148,5
DA:149,3
DA:151,2
DA:152,2
DA:157,1
DA:165,1
DA:169,4
DA:170,4
DA:181,5
DA:182,10
DA:184,10
DA:185,2
DA:188,8
DA:189,2
DA:193,6
DA:194,6
DA:198,6
DA:199,2
DA:204,2
DA:205,2
DA:206,1
DA:208,1
DA:211,4
DA:215,9
DA:216,9
DA:227,5
DA:228,4
DA:230,4
DA:231,2
DA:234,2
DA:236,2
DA:241,1
DA:252,1
DA:256,3
DA:258,3
DA:270,5
DA:271,5
DA:273,5
DA:274,2
DA:277,3
DA:279,3
DA:281,2
DA:284,4
DA:286,4
LF:87
LH:86
BRDA:36,0,0,2
BRDA:36,0,1,3
BRDA:36,1,0,5
BRDA:36,1,1,4
BRDA:43,2,0,1
BRDA:43,2,1,1
BRDA:43,3,0,2
BRDA:43,3,1,1
BRDA:47,4,0,1
BRDA:47,5,0,1
BRDA:47,5,1,1
BRDA:58,6,0,3
BRDA:62,7,0,3
BRDA:62,7,1,0
BRDA:100,8,0,2
BRDA:100,9,0,6
BRDA:100,9,1,5
BRDA:110,10,0,2
BRDA:110,11,0,4
BRDA:110,11,1,3
BRDA:115,12,0,2
BRDA:115,12,1,0
BRDA:115,13,0,2
BRDA:115,13,1,2
BRDA:115,13,2,2
BRDA:117,14,0,1
BRDA:117,14,1,1
BRDA:137,15,0,5
BRDA:137,15,1,0
BRDA:148,16,0,3
BRDA:148,16,1,2
BRDA:148,17,0,5
BRDA:148,17,1,4
BRDA:148,17,2,4
BRDA:148,17,3,4
BRDA:152,18,0,1
BRDA:152,18,1,1
BRDA:153,19,0,2
BRDA:153,19,1,1
BRDA:153,19,2,1
BRDA:174,20,0,3
BRDA:174,20,1,1
BRDA:184,21,0,2
BRDA:184,21,1,8
BRDA:184,22,0,10
BRDA:184,22,1,9
BRDA:184,22,2,9
BRDA:184,22,3,9
BRDA:188,23,0,2
BRDA:188,23,1,6
BRDA:188,24,0,8
BRDA:188,24,1,7
BRDA:198,25,0,2
BRDA:198,25,1,4
BRDA:198,26,0,6
BRDA:198,26,1,4
BRDA:205,27,0,1
BRDA:205,27,1,1
BRDA:205,28,0,2
BRDA:205,28,1,2
BRDA:230,29,0,2
BRDA:230,29,1,2
BRDA:230,30,0,4
BRDA:230,30,1,3
BRDA:230,30,2,3
BRDA:230,30,3,3
BRDA:236,31,0,1
BRDA:236,31,1,1
BRDA:237,32,0,2
BRDA:237,32,1,1
BRDA:237,32,2,1
BRDA:273,33,0,2
BRDA:273,33,1,3
BRDA:273,34,0,5
BRDA:273,34,1,4
BRDA:273,34,2,4
BRDA:273,34,3,4
BRDA:279,35,0,1
BRDA:279,35,1,2
BRDA:279,36,0,3
BRDA:279,36,1,1
BRDA:281,37,0,2
BRDA:281,38,0,2
BRDA:281,38,1,0
BRDA:281,39,0,2
BRDA:281,39,1,0
BRDA:290,40,0,3
BRDA:290,40,1,1
BRF:88
BRH:83
end_of_record
TN:
SF:src/app/controllers/guide.app.controllers.ts
FN:2,(anonymous_0)
FNF:1
FNH:1
FNDA:2,(anonymous_0)
DA:2,6
DA:4,2
DA:16,2
LF:3
LH:3
BRDA:4,0,0,1
BRDA:4,0,1,1
BRDA:4,1,0,2
BRDA:4,1,1,1
BRF:4
BRH:4
end_of_record
TN:
SF:src/app/controllers/index.app.controllers.ts
FN:3,(anonymous_0)
FNF:1
FNH:1
FNDA:1,(anonymous_0)
DA:3,6
DA:4,1
LF:2
LH:2
BRF:0
BRH:0
end_of_record
TN:
SF:src/app/controllers/orders.app.controller.ts
FN:15,(anonymous_0)
FN:38,(anonymous_1)
FN:70,(anonymous_2)
FN:103,(anonymous_3)
FN:114,(anonymous_4)
FNF:5
FNH:5
FNDA:6,(anonymous_0)
FNDA:7,(anonymous_1)
FNDA:5,(anonymous_2)
FNDA:9,(anonymous_3)
FNDA:28,(anonymous_4)
DA:5,6
DA:15,6
DA:16,6
DA:18,6
DA:20,6
DA:29,2
DA:30,4
DA:37,1
DA:38,7
DA:43,4
DA:46,4
DA:47,2
DA:56,2
DA:59,4
DA:60,4
DA:70,6
DA:71,5
DA:73,5
DA:74,2
DA:76,3
DA:79,3
DA:81,3
DA:82,1
DA:90,2
DA:93,4
DA:94,4
DA:103,6
DA:104,9
DA:106,9
DA:107,2
DA:109,7
DA:115,28
DA:118,4
DA:119,4
DA:121,4
DA:123,4
DA:125,4
DA:134,3
DA:135,3
DA:139,3
DA:140,1
DA:141,2
DA:144,4
DA:145,4
LF:44
LH:44
BRDA:20,0,0,2
BRDA:20,0,1,4
BRDA:21,1,0,6
BRDA:21,1,1,3
BRDA:21,1,2,3
BRDA:21,1,3,3
BRDA:21,1,4,2
BRDA:21,1,5,2
BRDA:30,2,0,1
BRDA:31,3,0,4
BRDA:31,3,1,1
BRDA:31,3,2,1
BRDA:31,3,3,1
BRDA:31,3,4,1
BRDA:46,4,0,2
BRDA:46,4,1,2
BRDA:46,5,0,4
BRDA:46,5,1,2
BRDA:73,6,0,2
BRDA:73,6,1,3
BRDA:73,7,0,5
BRDA:73,7,1,4
BRDA:81,8,0,1
BRDA:81,8,1,2
BRDA:81,9,0,3
BRDA:81,9,1,2
BRDA:106,10,0,2
BRDA:106,10,1,7
BRDA:106,11,0,9
BRDA:106,11,1,8
BRDA:109,12,0,4
BRDA:109,12,1,3
BRDA:110,13,0,7
BRDA:110,13,1,6
BRDA:110,13,2,5
BRDA:110,13,3,4
BRDA:123,14,0,4
BRDA:123,15,0,4
BRDA:123,15,1,4
BRDA:139,16,0,1
BRDA:139,16,1,2
BRDA:139,17,0,3
BRDA:139,17,1,2
BRF:43
BRH:43
end_of_record
TN:
SF:src/app/controllers/products.app.controllers.ts
FN:17,(anonymous_0)
FN:50,(anonymous_1)
FN:79,(anonymous_2)
FN:110,(anonymous_3)
FN:186,(anonymous_4)
FN:208,(anonymous_5)
FN:243,(anonymous_6)
FN:288,(anonymous_7)
FN:372,(anonymous_8)
FN:406,(anonymous_9)
FN:432,(anonymous_10)
FN:455,(anonymous_11)
FN:489,(anonymous_12)
FN:501,(anonymous_13)
FNF:14
FNH:14
FNDA:5,(anonymous_0)
FNDA:4,(anonymous_1)
FNDA:2,(anonymous_2)
FNDA:6,(anonymous_3)
FNDA:2,(anonymous_4)
FNDA:1,(anonymous_5)
FNDA:4,(anonymous_6)
FNDA:7,(anonymous_7)
FNDA:5,(anonymous_8)
FNDA:7,(anonymous_9)
FNDA:1,(anonymous_10)
FNDA:5,(anonymous_11)
FNDA:5,(anonymous_12)
FNDA:1,(anonymous_13)
DA:11,6
DA:17,6
DA:18,5
DA:20,5
DA:23,5
DA:26,4
DA:28,4
DA:29,2
DA:37,2
DA:40,3
DA:41,3
DA:50,6
DA:51,4
DA:53,4
DA:54,2
DA:57,2
DA:59,2
DA:60,1
DA:67,1
DA:71,3
DA:79,6
DA:81,2
DA:83,2
DA:84,2
DA:95,1
DA:96,1
DA:110,6
DA:112,6
DA:114,6
DA:121,6
DA:123,6
DA:156,6
DA:158,6
DA:159,1
DA:162,5
DA:168,5
DA:169,2
DA:170,3
DA:173,3
DA:176,3
DA:182,3
DA:183,3
DA:185,3
DA:187,2
DA:189,2
DA:190,2
DA:192,1
DA:206,1
DA:209,1
DA:210,1
DA:212,0
DA:218,1
DA:221,0
DA:227,2
DA:229,5
DA:243,6
DA:245,4
DA:247,4
DA:249,4
DA:251,2
DA:254,2
DA:256,2
DA:257,1
DA:272,1
DA:277,3
DA:278,3
DA:288,6
DA:290,7
DA:292,7
DA:294,7
DA:296,2
DA:298,5
DA:332,5
DA:338,5
DA:339,1
DA:341,4
DA:342,4
DA:351,4
DA:353,4
DA:355,3
DA:361,6
DA:362,6
DA:372,6
DA:373,5
DA:374,5
DA:376,2
DA:379,3
DA:383,3
DA:384,1
DA:395,2
DA:398,4
DA:406,6
DA:407,7
DA:408,7
DA:410,3
DA:413,4
DA:414,1
DA:420,3
DA:421,3
DA:423,3
DA:425,3
DA:427,2
DA:433,1
DA:434,1
DA:436,0
DA:442,6
DA:455,6
DA:456,5
DA:458,5
DA:460,2
DA:463,3
DA:467,3
DA:471,1
DA:476,2
DA:479,4
DA:480,4
DA:489,6
DA:490,5
DA:492,5
DA:494,2
DA:496,3
DA:497,3
DA:499,1
DA:502,1
DA:503,1
DA:505,0
DA:511,1
DA:513,2
DA:516,4
DA:517,4
LF:130
LH:126
BRDA:23,0,0,1
BRDA:23,1,0,5
BRDA:23,1,1,3
BRDA:28,2,0,2
BRDA:28,2,1,2
BRDA:28,3,0,4
BRDA:28,3,1,4
BRDA:53,4,0,2
BRDA:53,4,1,2
BRDA:53,5,0,4
BRDA:53,5,1,3
BRDA:59,6,0,1
BRDA:59,6,1,1
BRDA:59,7,0,2
BRDA:59,7,1,1
BRDA:158,8,0,1
BRDA:158,9,0,6
BRDA:158,9,1,5
BRDA:168,10,0,2
BRDA:168,10,1,3
BRDA:170,11,0,3
BRDA:187,12,0,2
BRDA:187,12,1,0
BRDA:190,13,0,1
BRDA:190,13,1,1
BRDA:190,14,0,2
BRDA:190,14,1,1
BRDA:209,15,0,1
BRDA:209,15,1,0
BRDA:227,16,0,1
BRDA:249,17,0,2
BRDA:249,17,1,2
BRDA:249,18,0,4
BRDA:249,18,1,3
BRDA:256,19,0,1
BRDA:256,19,1,1
BRDA:256,20,0,2
BRDA:256,20,1,1
BRDA:294,21,0,2
BRDA:294,21,1,5
BRDA:294,22,0,7
BRDA:294,22,1,6
BRDA:338,23,0,1
BRDA:338,23,1,4
BRDA:341,24,0,4
BRDA:353,25,0,1
BRDA:353,25,1,3
BRDA:353,26,0,4
BRDA:353,26,1,3
BRDA:374,27,0,2
BRDA:374,27,1,3
BRDA:374,28,0,5
BRDA:374,28,1,4
BRDA:383,29,0,1
BRDA:383,29,1,2
BRDA:383,30,0,3
BRDA:383,30,1,2
BRDA:408,31,0,3
BRDA:408,31,1,4
BRDA:408,32,0,7
BRDA:408,32,1,6
BRDA:413,33,0,1
BRDA:413,33,1,3
BRDA:413,34,0,4
BRDA:413,34,1,3
BRDA:425,35,0,1
BRDA:433,36,0,1
BRDA:433,36,1,0
BRDA:458,37,0,2
BRDA:458,37,1,3
BRDA:458,38,0,5
BRDA:458,38,1,4
BRDA:467,39,0,1
BRDA:467,39,1,2
BRDA:468,40,0,3
BRDA:468,40,1,2
BRDA:492,41,0,2
BRDA:492,41,1,3
BRDA:492,42,0,5
BRDA:492,42,1,4
BRDA:497,43,0,1
BRDA:497,43,1,2
BRDA:497,44,0,3
BRDA:497,44,1,3
BRDA:502,45,0,1
BRDA:502,45,1,0
BRF:86
BRH:82
end_of_record
TN:
SF:src/app/controllers/promos.app.controllers.ts
FN:12,(anonymous_0)
FN:15,(anonymous_1)
FN:28,(anonymous_2)
FN:56,(anonymous_3)
FN:85,(anonymous_4)
FN:108,(anonymous_5)
FN:162,(anonymous_6)
FN:185,(anonymous_7)
FN:224,(anonymous_8)
FN:258,(anonymous_9)
FN:338,(anonymous_10)
FN:368,(anonymous_11)
FN:381,(anonymous_12)
FN:405,(anonymous_13)
FN:442,(anonymous_14)
FN:493,(anonymous_15)
FNF:16
FNH:16
FNDA:7,(anonymous_0)
FNDA:7,(anonymous_1)
FNDA:4,(anonymous_2)
FNDA:4,(anonymous_3)
FNDA:2,(anonymous_4)
FNDA:6,(anonymous_5)
FNDA:2,(anonymous_6)
FNDA:1,(anonymous_7)
FNDA:4,(anonymous_8)
FNDA:6,(anonymous_9)
FNDA:4,(anonymous_10)
FNDA:3,(anonymous_11)
FNDA:1,(anonymous_12)
FNDA:4,(anonymous_13)
FNDA:6,(anonymous_14)
FNDA:1,(anonymous_15)
DA:12,6
DA:13,7
DA:15,6
DA:16,7
DA:18,6
DA:28,6
DA:29,4
DA:31,4
DA:33,4
DA:35,2
DA:43,2
DA:46,2
DA:47,2
DA:56,6
DA:57,4
DA:59,4
DA:61,2
DA:64,2
DA:66,2
DA:67,1
DA:73,1
DA:76,3
DA:77,3
DA:85,6
DA:86,2
DA:87,2
DA:97,1
DA:98,1
DA:108,6
DA:112,6
DA:117,6
DA:119,6
DA:129,6
DA:131,6
DA:133,5
DA:138,5
DA:140,4
DA:143,4
DA:145,3
DA:148,3
DA:151,3
DA:157,3
DA:158,3
DA:161,3
DA:163,2
DA:165,2
DA:166,2
DA:168,1
DA:183,1
DA:186,1
DA:187,0
DA:189,1
DA:195,1
DA:198,0
DA:203,2
DA:206,5
DA:207,5
DA:224,6
DA:225,4
DA:227,4
DA:229,2
DA:232,2
DA:233,2
DA:238,1
DA:245,1
DA:249,3
DA:250,3
DA:258,6
DA:259,6
DA:261,6
DA:272,6
DA:274,2
DA:277,4
DA:282,4
DA:285,3
DA:288,3
DA:291,2
DA:292,2
DA:293,2
DA:294,2
DA:295,1
DA:296,1
DA:298,1
DA:303,5
DA:304,5
DA:306,3
DA:320,3
DA:329,2
DA:338,6
DA:339,4
DA:341,4
DA:343,2
DA:346,2
DA:348,2
DA:349,1
DA:355,1
DA:358,3
DA:360,3
DA:368,6
DA:369,3
DA:371,3
DA:373,1
DA:376,2
DA:377,2
DA:379,1
DA:382,1
DA:383,1
DA:384,1
DA:386,0
DA:392,1
DA:395,2
DA:397,2
DA:405,6
DA:406,4
DA:408,4
DA:410,2
DA:413,2
DA:415,2
DA:420,1
DA:431,1
DA:434,3
DA:442,6
DA:443,6
DA:445,6
DA:447,2
DA:450,4
DA:452,1
DA:454,1
DA:459,1
DA:481,3
DA:482,3
DA:484,3
DA:486,3
DA:489,1
DA:494,1
DA:495,1
DA:497,0
DA:509,4
LF:138
LH:134
BRDA:33,0,0,2
BRDA:33,0,1,2
BRDA:33,1,0,4
BRDA:33,1,1,4
BRDA:59,2,0,2
BRDA:59,2,1,2
BRDA:59,3,0,4
BRDA:59,3,1,3
BRDA:66,4,0,1
BRDA:66,4,1,1
BRDA:66,5,0,2
BRDA:66,5,1,1
BRDA:66,5,2,1
BRDA:131,6,0,1
BRDA:131,7,0,6
BRDA:131,7,1,5
BRDA:138,8,0,1
BRDA:143,9,0,1
BRDA:143,9,1,3
BRDA:145,10,0,3
BRDA:145,11,0,3
BRDA:145,11,1,3
BRDA:163,12,0,2
BRDA:163,12,1,0
BRDA:166,13,0,1
BRDA:166,13,1,1
BRDA:166,14,0,2
BRDA:166,14,1,1
BRDA:186,15,0,0
BRDA:186,15,1,1
BRDA:203,16,0,1
BRDA:227,17,0,2
BRDA:227,17,1,2
BRDA:227,18,0,4
BRDA:227,18,1,3
BRDA:233,19,0,1
BRDA:233,19,1,1
BRDA:234,20,0,2
BRDA:234,20,1,1
BRDA:234,20,2,1
BRDA:272,21,0,2
BRDA:272,21,1,4
BRDA:272,22,0,6
BRDA:272,22,1,5
BRDA:272,22,2,5
BRDA:272,22,3,5
BRDA:282,23,0,1
BRDA:288,24,0,1
BRDA:288,24,1,2
BRDA:291,25,0,2
BRDA:291,26,0,2
BRDA:291,26,1,2
BRDA:294,27,0,1
BRDA:294,27,1,1
BRDA:294,28,0,2
BRDA:294,28,1,1
BRDA:304,29,0,3
BRDA:304,29,1,2
BRDA:304,30,0,5
BRDA:304,30,1,4
BRDA:304,30,2,3
BRDA:304,30,3,3
BRDA:341,31,0,2
BRDA:341,31,1,2
BRDA:341,32,0,4
BRDA:341,32,1,3
BRDA:348,33,0,1
BRDA:348,33,1,1
BRDA:348,34,0,2
BRDA:348,34,1,1
BRDA:348,34,2,1
BRDA:371,35,0,1
BRDA:371,35,1,2
BRDA:371,36,0,3
BRDA:371,36,1,3
BRDA:377,37,0,1
BRDA:377,37,1,1
BRDA:377,38,0,2
BRDA:377,38,1,1
BRDA:382,39,0,1
BRDA:382,39,1,0
BRDA:408,40,0,2
BRDA:408,40,1,2
BRDA:408,41,0,4
BRDA:408,41,1,3
BRDA:415,42,0,1
BRDA:415,42,1,1
BRDA:416,43,0,2
BRDA:416,43,1,1
BRDA:416,43,2,1
BRDA:445,44,0,2
BRDA:445,44,1,4
BRDA:445,45,0,6
BRDA:445,45,1,5
BRDA:450,46,0,1
BRDA:450,46,1,3
BRDA:450,47,0,4
BRDA:450,47,1,3
BRDA:454,48,0,1
BRDA:455,49,0,1
BRDA:455,49,1,1
BRDA:455,49,2,1
BRDA:464,50,0,1
BRDA:464,50,1,0
BRDA:464,51,0,1
BRDA:464,51,1,1
BRDA:464,51,2,1
BRDA:486,52,0,2
BRDA:494,53,0,1
BRDA:494,53,1,0
BRF:110
BRH:105
end_of_record
TN:
SF:src/app/middleware/auth.mw.ts
FN:2,(anonymous_0)
FN:10,(anonymous_1)
FNF:2
FNH:2
FNDA:10,(anonymous_0)
FNDA:8,(anonymous_1)
DA:2,6
DA:3,10
DA:4,7
DA:6,3
DA:10,6
DA:11,8
DA:12,1
DA:14,7
LF:8
LH:8
BRDA:3,0,0,7
BRDA:3,0,1,3
BRDA:3,1,0,10
BRDA:3,1,1,5
BRDA:11,2,0,1
BRDA:11,2,1,7
BRDA:11,3,0,8
BRDA:11,3,1,2
BRF:8
BRH:8
end_of_record
TN:
SF:src/app/routers/category.app.router.ts
FNF:0
FNH:0
DA:5,5
DA:8,5
DA:10,5
DA:12,5
DA:14,5
DA:16,5
DA:18,5
DA:20,5
DA:22,5
LF:9
LH:9
BRF:0
BRH:0
end_of_record
TN:
SF:src/app/routers/guide.app.router.ts
FNF:0
FNH:0
DA:4,5
DA:6,5
LF:2
LH:2
BRF:0
BRH:0
end_of_record
TN:
SF:src/app/routers/index.app.router.ts
FNF:0
FNH:0
DA:13,5
DA:15,5
DA:17,5
DA:19,5
DA:21,5
DA:23,5
DA:25,5
DA:27,5
DA:29,5
DA:31,5
DA:33,5
LF:11
LH:11
BRF:0
BRH:0
end_of_record
TN:
SF:src/app/routers/orders.app.routers.ts
FNF:0
FNH:0
DA:4,5
DA:7,5
DA:10,5
DA:13,5
DA:16,5
LF:5
LH:5
BRF:0
BRH:0
end_of_record
TN:
SF:src/app/routers/products.app.router.ts
FNF:0
FNH:0
DA:6,5
DA:9,5
DA:12,5
DA:15,5
DA:18,5
DA:21,5
DA:24,5
DA:27,5
DA:30,5
DA:33,5
DA:36,5
DA:39,5
LF:12
LH:12
BRF:0
BRH:0
end_of_record
TN:
SF:src/app/routers/promos.app.router.ts
FNF:0
FNH:0
DA:6,5
DA:9,5
DA:12,5
DA:15,5
DA:18,5
DA:21,5
DA:24,5
DA:27,5
DA:30,5
DA:33,5
DA:35,5
DA:37,5
LF:12
LH:12
BRF:0
BRH:0
end_of_record
TN:
SF:src/app/routers/register.app.router.ts
FNF:0
FNH:0
DA:5,5
DA:8,5
DA:11,5
LF:3
LH:3
BRF:0
BRH:0
end_of_record
TN:
SF:src/app/services/auth.app.services.ts
FN:7,(anonymous_0)
FN:45,(anonymous_1)
FN:46,(anonymous_2)
FN:61,(anonymous_3)
FNF:4
FNH:4
FNDA:9,(anonymous_0)
FNDA:2,(anonymous_1)
FNDA:2,(anonymous_2)
FNDA:4,(anonymous_3)
DA:7,5
DA:8,9
DA:10,9
DA:12,6
DA:14,6
DA:18,3
DA:20,3
DA:29,3
DA:36,0
DA:37,0
DA:45,5
DA:46,2
DA:47,2
DA:48,1
DA:55,1
DA:56,1
DA:61,5
DA:62,4
DA:63,4
DA:66,4
DA:67,4
DA:70,3
DA:72,3
DA:75,3
DA:80,2
DA:81,1
DA:84,1
DA:85,1
DA:88,4
LF:29
LH:27
BRDA:10,0,0,6
BRDA:10,0,1,3
BRDA:10,1,0,9
BRDA:10,1,1,6
BRDA:14,2,0,3
BRDA:14,2,1,3
BRDA:15,3,0,6
BRDA:15,3,1,4
BRDA:47,4,0,1
BRDA:47,4,1,1
BRDA:67,5,0,1
BRDA:67,5,1,3
BRDA:80,6,0,1
BRDA:80,6,1,1
BRDA:80,7,0,2
BRDA:80,7,1,2
BRF:16
BRH:16
end_of_record
TN:
SF:src/app/services/category.app.services.ts
FN:6,(anonymous_0)
FN:14,(anonymous_1)
FN:24,(anonymous_2)
FN:36,(anonymous_3)
FN:45,(anonymous_4)
FNF:5
FNH:5
FNDA:27,(anonymous_0)
FNDA:7,(anonymous_1)
FNDA:2,(anonymous_2)
FNDA:2,(anonymous_3)
FNDA:3,(anonymous_4)
DA:6,6
DA:7,27
DA:11,26
DA:14,6
DA:18,7
DA:21,6
DA:24,6
DA:29,2
DA:33,2
DA:36,6
DA:41,2
DA:42,2
DA:45,6
DA:51,3
DA:52,3
DA:54,3
DA:61,3
DA:62,2
DA:64,2
DA:65,1
DA:67,1
DA:70,1
DA:72,3
LF:23
LH:23
BRDA:61,0,0,2
BRDA:61,0,1,1
BRDA:61,1,0,3
BRDA:61,1,1,3
BRDA:64,2,0,1
BRDA:64,2,1,1
BRDA:64,3,0,2
BRDA:64,3,1,2
BRDA:64,3,2,1
BRF:9
BRH:9
end_of_record
TN:
SF:src/app/services/orders.app.services.ts
FN:14,(anonymous_0)
FN:37,(anonymous_1)
FN:49,(anonymous_2)
FNF:3
FNH:3
FNDA:4,(anonymous_0)
FNDA:7,(anonymous_1)
FNDA:3,(anonymous_2)
DA:4,6
DA:14,6
DA:17,4
DA:19,4
DA:24,1
DA:26,4
DA:34,4
DA:37,6
DA:39,7
DA:46,7
DA:49,6
DA:50,3
DA:53,3
LF:13
LH:13
BRDA:19,0,0,1
BRDA:20,1,0,4
BRDA:20,1,1,1
BRDA:20,1,2,1
BRF:4
BRH:4
end_of_record
TN:
SF:src/app/services/products.app.services.ts
FN:7,(anonymous_0)
FN:21,(anonymous_1)
FN:28,(anonymous_2)
FN:51,(anonymous_3)
FN:68,(anonymous_4)
FNF:5
FNH:5
FNDA:4,(anonymous_0)
FNDA:13,(anonymous_1)
FNDA:2,(anonymous_2)
FNDA:4,(anonymous_3)
FNDA:3,(anonymous_4)
DA:7,6
DA:8,4
DA:10,4
DA:11,2
DA:13,4
DA:18,4
DA:21,6
DA:22,13
DA:25,13
DA:28,6
DA:36,2
DA:47,2
DA:48,2
DA:51,6
DA:53,4
DA:61,4
DA:65,4
DA:68,6
DA:69,3
DA:70,3
LF:20
LH:20
BRDA:10,0,0,2
BRDA:10,1,0,4
BRDA:10,1,1,2
BRF:3
BRH:3
end_of_record
TN:
SF:src/app/services/promos.app.services.ts
FN:18,(anonymous_0)
FN:27,(anonymous_1)
FN:53,(anonymous_2)
FN:81,(anonymous_3)
FN:108,(anonymous_4)
FN:113,(anonymous_5)
FNF:6
FNH:5
FNDA:4,(anonymous_0)
FNDA:12,(anonymous_1)
FNDA:2,(anonymous_2)
FNDA:2,(anonymous_3)
FNDA:0,(anonymous_4)
FNDA:2,(anonymous_5)
DA:6,6
DA:18,6
DA:19,4
DA:20,4
DA:21,1
DA:23,4
DA:24,4
DA:27,6
DA:28,12
DA:31,12
DA:53,6
DA:63,2
DA:78,2
DA:81,6
DA:91,2
DA:104,2
DA:105,2
DA:108,6
DA:109,0
DA:110,0
DA:113,6
DA:114,2
LF:22
LH:20
BRDA:20,0,0,1
BRDA:20,1,0,4
BRDA:20,1,1,1
BRF:3
BRH:3
end_of_record
TN:
SF:src/common/services/s3.aws.services.ts
FN:16,(anonymous_0)
FN:28,(anonymous_1)
FN:38,(anonymous_2)
FN:54,(anonymous_3)
FNF:4
FNH:4
FNDA:9,(anonymous_0)
FNDA:4,(anonymous_1)
FNDA:1,(anonymous_2)
FNDA:4,(anonymous_3)
DA:5,8
DA:13,8
DA:14,8
DA:16,8
DA:17,9
DA:25,6
DA:28,8
DA:29,4
DA:35,3
DA:38,8
DA:40,1
DA:41,1
DA:42,1
DA:43,1
DA:45,1
DA:51,1
DA:54,8
DA:55,4
DA:58,4
LF:19
LH:19
BRF:0
BRH:0
end_of_record
TN:
SF:src/common/services/sqs.aws.services.ts
FN:7,(anonymous_0)
FN:34,(anonymous_1)
FN:46,(anonymous_2)
FN:55,(anonymous_3)
FN:63,(anonymous_4)
FNF:5
FNH:5
FNDA:7,(anonymous_0)
FNDA:6,(anonymous_1)
FNDA:1,(anonymous_2)
FNDA:6,(anonymous_3)
FNDA:5,(anonymous_4)
DA:4,6
DA:5,6
DA:7,6
DA:18,7
DA:30,7
DA:31,7
DA:34,6
DA:35,6
DA:46,6
DA:47,1
DA:55,6
DA:57,6
DA:59,6
DA:60,1
DA:63,5
DA:64,5
DA:65,5
DA:68,5
DA:69,4
DA:73,1
LF:20
LH:20
BRDA:59,0,0,1
BRDA:59,0,1,5
BRDA:65,1,0,4
BRDA:68,2,0,4
BRDA:68,2,1,1
BRDA:68,3,0,5
BRDA:68,3,1,5
BRF:7
BRH:7
end_of_record
TN:
SF:src/config/mongodb.ts
FN:3,(anonymous_0)
FNF:1
FNH:1
FNDA:27,(anonymous_0)
DA:3,5
DA:4,27
LF:2
LH:2
BRF:0
BRH:0
end_of_record
TN:
SF:src/global.middleware/errorHandler.mw.ts
FN:4,(anonymous_0)
FNF:1
FNH:1
FNDA:2,(anonymous_0)
DA:4,6
DA:5,2
DA:6,2
DA:7,2
LF:4
LH:4
BRDA:6,0,0,2
BRDA:6,0,1,0
BRF:2
BRH:1
end_of_record
TN:
SF:src/models/apiUserModel.ts
FN:13,(anonymous_0)
FN:18,(anonymous_1)
FNF:2
FNH:0
FNDA:0,(anonymous_0)
FNDA:0,(anonymous_1)
DA:3,7
DA:15,0
DA:16,0
DA:19,0
DA:35,7
LF:5
LH:2
BRF:0
BRH:0
end_of_record
TN:
SF:src/models/categoryModel.ts
FN:23,(anonymous_0)
FNF:1
FNH:0
FNDA:0,(anonymous_0)
DA:4,7
DA:22,7
DA:23,7
DA:24,0
DA:27,7
LF:5
LH:4
BRF:0
BRH:0
end_of_record
TN:
SF:src/models/employees.ts
FN:13,(anonymous_0)
FN:18,(anonymous_1)
FNF:2
FNH:0
FNDA:0,(anonymous_0)
FNDA:0,(anonymous_1)
DA:3,5
DA:15,0
DA:16,0
DA:19,0
DA:35,5
LF:5
LH:2
BRF:0
BRH:0
end_of_record
TN:
SF:src/models/ordersModel.ts
FN:32,(anonymous_0)
FN:33,(anonymous_1)
FN:72,(anonymous_2)
FN:73,(anonymous_3)
FN:83,(anonymous_4)
FNF:5
FNH:0
FNDA:0,(anonymous_0)
FNDA:0,(anonymous_1)
FNDA:0,(anonymous_2)
FNDA:0,(anonymous_3)
FNDA:0,(anonymous_4)
DA:3,7
DA:5,7
DA:32,0
DA:33,0
DA:72,0
DA:73,0
DA:82,7
DA:83,7
DA:84,0
DA:87,7
DA:94,7
LF:11
LH:6
BRF:0
BRH:0
end_of_record
TN:
SF:src/models/productModel.ts
FN:35,(anonymous_0)
FN:36,(anonymous_1)
FN:44,(anonymous_2)
FN:61,(anonymous_3)
FNF:4
FNH:0
FNDA:0,(anonymous_0)
FNDA:0,(anonymous_1)
FNDA:0,(anonymous_2)
FNDA:0,(anonymous_3)
DA:3,8
DA:5,8
DA:35,0
DA:36,0
DA:45,0
DA:57,8
DA:60,8
DA:61,8
DA:62,0
DA:65,8
LF:10
LH:6
BRF:0
BRH:0
end_of_record
TN:
SF:src/models/promoModel.ts
FN:5,(anonymous_0)
FN:9,(anonymous_1)
FN:62,(anonymous_2)
FN:80,(anonymous_3)
FN:105,(anonymous_4)
FNF:5
FNH:2
FNDA:6,(anonymous_0)
FNDA:6,(anonymous_1)
FNDA:0,(anonymous_2)
FNDA:0,(anonymous_3)
FNDA:0,(anonymous_4)
DA:3,6
DA:5,6
DA:6,6
DA:9,6
DA:10,6
DA:11,6
DA:14,6
DA:63,0
DA:81,0
DA:104,6
DA:105,6
DA:106,0
DA:109,6
LF:13
LH:10
BRDA:5,0,0,6
BRDA:5,0,1,6
BRDA:9,1,0,6
BRDA:9,1,1,6
BRF:4
BRH:4
end_of_record
TN:
SF:src/utilities/fileFormatting.ts
FN:3,(anonymous_0)
FNF:1
FNH:1
FNDA:6,(anonymous_0)
DA:3,7
DA:4,6
DA:6,6
DA:9,6
LF:4
LH:4
BRF:0
BRH:0
end_of_record
TN:
SF:src/utilities/number.utilities.ts
FN:2,(anonymous_0)
FNF:1
FNH:1
FNDA:8,(anonymous_0)
DA:2,6
DA:3,8
LF:2
LH:2
BRF:0
BRH:0
end_of_record
TN:
SF:src/utilities/stringFormatting.ts
FN:1,(anonymous_0)
FNF:1
FNH:1
FNDA:78,(anonymous_0)
DA:1,7
DA:2,78
LF:2
LH:2
BRF:0
BRH:0
end_of_record
TN:
SF:src/utilities/validation.ts
FN:4,(anonymous_0)
FN:12,(anonymous_1)
FN:18,(anonymous_2)
FN:24,(anonymous_3)
FN:30,(anonymous_4)
FN:38,(anonymous_5)
FN:43,(anonymous_6)
FN:49,(anonymous_7)
FN:59,(anonymous_8)
FN:64,(anonymous_9)
FN:76,(anonymous_10)
FN:78,(anonymous_11)
FN:86,(anonymous_12)
FN:94,(anonymous_13)
FN:104,(anonymous_14)
FNF:15
FNH:15
FNDA:39,(anonymous_0)
FNDA:35,(anonymous_1)
FNDA:44,(anonymous_2)
FNDA:34,(anonymous_3)
FNDA:149,(anonymous_4)
FNDA:111,(anonymous_5)
FNDA:10,(anonymous_6)
FNDA:14,(anonymous_7)
FNDA:9,(anonymous_8)
FNDA:63,(anonymous_9)
FNDA:14,(anonymous_10)
FNDA:7,(anonymous_11)
FNDA:49,(anonymous_12)
FNDA:10,(anonymous_13)
FNDA:50,(anonymous_14)
DA:2,13
DA:4,13
DA:6,39
DA:8,39
DA:9,39
DA:12,13
DA:13,35
DA:14,35
DA:15,35
DA:18,13
DA:19,44
DA:20,44
DA:21,44
DA:24,13
DA:25,34
DA:26,34
DA:27,34
DA:30,13
DA:31,149
DA:32,113
DA:33,0
DA:35,36
DA:38,13
DA:39,111
DA:40,109
DA:43,13
DA:44,10
DA:45,2
DA:46,8
DA:49,13
DA:50,14
DA:52,14
DA:53,0
DA:56,14
DA:59,13
DA:63,9
DA:64,9
DA:65,63
DA:71,14
DA:73,9
DA:76,14
DA:78,13
DA:85,7
DA:86,7
DA:87,49
DA:88,14
DA:91,7
DA:94,13
DA:103,10
DA:104,10
DA:105,50
DA:112,15
DA:114,10
LF:53
LH:51
BRDA:31,0,0,113
BRDA:32,1,0,113
BRDA:39,2,0,2
BRDA:39,3,0,111
BRDA:39,3,1,109
BRDA:39,3,2,109
BRDA:40,4,0,109
BRDA:40,4,1,97
BRDA:44,5,0,2
BRDA:44,5,1,8
BRDA:44,6,0,10
BRDA:44,6,1,2
BRDA:44,6,2,2
BRDA:44,6,3,2
BRDA:52,7,0,0
BRDA:65,8,0,14
BRDA:66,9,0,63
BRDA:66,9,1,49
BRDA:66,9,2,49
BRDA:66,9,3,49
BRDA:87,10,0,14
BRDA:105,11,0,15
BRDA:106,12,0,50
BRDA:106,12,1,45
BRDA:106,12,2,45
BRDA:106,12,3,45
BRDA:106,12,4,41
BRF:27
BRH:26
end_of_record
